<?xml version="1.0" encoding="utf-8"?>
<TestRun id="ebdcaf14-17d6-455d-976b-fd8cc7330d46" name="HP@DESKTOP-LA5RDNV 2023-10-19 21:54:38" runUser="DESKTOP-LA5RDNV\HP" xmlns="http://microsoft.com/schemas/VisualStudio/TeamTest/2010">
  <Times creation="2023-10-19T21:54:38.6898496+03:00" queuing="2023-10-19T21:54:38.6898500+03:00" start="2023-10-19T21:54:37.2505528+03:00" finish="2023-10-19T21:56:08.5474410+03:00" />
  <TestSettings name="default" id="bcc71594-1cd2-48a9-8f4a-0726dc094ff6">
    <Deployment runDeploymentRoot="HP_DESKTOP-LA5RDNV_2023-10-19_21_54_38" />
  </TestSettings>
  <Results>
    <UnitTestResult executionId="df20692d-8b48-4964-a2d9-3f46d3cb074a" testId="fb063ce9-0353-e039-ce83-d29662822e5c" testName="ManagedCode.Storage.Tests.Storages.GCS.GCSContainerTests.CreateContainerAsync" computerName="DESKTOP-LA5RDNV" duration="00:00:00.0325321" startTime="2023-10-19T21:55:00.5964467+03:00" endTime="2023-10-19T21:55:00.5964473+03:00" testType="13cdc9d9-ddb5-4fa4-a97d-d965ccfc6d4b" outcome="Passed" testListId="8c84fa94-04c1-424b-9868-57a2d4851a1d" relativeResultsDirectory="df20692d-8b48-4964-a2d9-3f46d3cb074a" />
    <UnitTestResult executionId="e6c96e75-31b8-400f-bdb1-336da599ba72" testId="ad8cb1e4-f472-e47b-9475-95eb70f3c5a4" testName="ManagedCode.Storage.Tests.Storages.Azure.AzureContainerTests.DeleteDirectory_ShouldBeSuccess" computerName="DESKTOP-LA5RDNV" duration="00:00:01.0697909" startTime="2023-10-19T21:55:11.1406906+03:00" endTime="2023-10-19T21:55:11.1406911+03:00" testType="13cdc9d9-ddb5-4fa4-a97d-d965ccfc6d4b" outcome="Passed" testListId="8c84fa94-04c1-424b-9868-57a2d4851a1d" relativeResultsDirectory="e6c96e75-31b8-400f-bdb1-336da599ba72" />
    <UnitTestResult executionId="8f8a81bb-397d-496d-b63a-e9727fd3635e" testId="02e1df28-e955-db4e-c4f8-a4ba60c914c7" testName="ManagedCode.Storage.Tests.Storages.GCS.GCSUploadTests.UploadAsync_AsStream_WithOptions_ToDirectory_SpecifyingFileName" computerName="DESKTOP-LA5RDNV" duration="00:00:00.0760601" startTime="2023-10-19T21:55:17.6599730+03:00" endTime="2023-10-19T21:55:17.6599734+03:00" testType="13cdc9d9-ddb5-4fa4-a97d-d965ccfc6d4b" outcome="Passed" testListId="8c84fa94-04c1-424b-9868-57a2d4851a1d" relativeResultsDirectory="8f8a81bb-397d-496d-b63a-e9727fd3635e" />
    <UnitTestResult executionId="90b7d1eb-18b6-4f3c-b74f-b8096f8179ed" testId="6d6b720a-14d3-dc66-7305-78440354b1b9" testName="ManagedCode.Storage.Tests.Storages.Azure.AzureUploadTests.UploadAsync_AsStream_WithoutOptions" computerName="DESKTOP-LA5RDNV" duration="00:00:01.0493010" startTime="2023-10-19T21:55:21.3030813+03:00" endTime="2023-10-19T21:55:21.3030822+03:00" testType="13cdc9d9-ddb5-4fa4-a97d-d965ccfc6d4b" outcome="Passed" testListId="8c84fa94-04c1-424b-9868-57a2d4851a1d" relativeResultsDirectory="90b7d1eb-18b6-4f3c-b74f-b8096f8179ed" />
    <UnitTestResult executionId="18a81225-6267-4651-8db9-bfa56ef33667" testId="28e0e78e-3409-756c-a065-d06ff9691ab2" testName="ManagedCode.Storage.Tests.Storages.GCS.GCSUploadTests.StreamUploadAsyncTest" computerName="DESKTOP-LA5RDNV" duration="00:00:00.4462766" startTime="2023-10-19T21:54:46.1703161+03:00" endTime="2023-10-19T21:54:46.1703168+03:00" testType="13cdc9d9-ddb5-4fa4-a97d-d965ccfc6d4b" outcome="Passed" testListId="8c84fa94-04c1-424b-9868-57a2d4851a1d" relativeResultsDirectory="18a81225-6267-4651-8db9-bfa56ef33667" />
    <UnitTestResult executionId="eed68346-0e20-48a0-b39d-9344c2ee5ccf" testId="fbeabd6c-5b81-31a6-f50a-ba19d34dec16" testName="ManagedCode.Storage.Tests.Storages.AWS.AWSUploadTests.FileInfoUploadAsyncTest" computerName="DESKTOP-LA5RDNV" duration="00:00:00.5915835" startTime="2023-10-19T21:55:24.2290149+03:00" endTime="2023-10-19T21:55:24.2290153+03:00" testType="13cdc9d9-ddb5-4fa4-a97d-d965ccfc6d4b" outcome="Passed" testListId="8c84fa94-04c1-424b-9868-57a2d4851a1d" relativeResultsDirectory="eed68346-0e20-48a0-b39d-9344c2ee5ccf" />
    <UnitTestResult executionId="57a96b26-ac6b-468f-8754-ba03ab3716f7" testId="4f3224d3-22c1-ea03-bc23-bc4eab716587" testName="ManagedCode.Storage.Tests.Storages.FileSystem.FileSystemContainerTests.DeleteDirectory_ShouldBeSuccess" computerName="DESKTOP-LA5RDNV" duration="00:00:00.0306965" startTime="2023-10-19T21:54:39.0193910+03:00" endTime="2023-10-19T21:54:39.0193914+03:00" testType="13cdc9d9-ddb5-4fa4-a97d-d965ccfc6d4b" outcome="Passed" testListId="8c84fa94-04c1-424b-9868-57a2d4851a1d" relativeResultsDirectory="57a96b26-ac6b-468f-8754-ba03ab3716f7" />
    <UnitTestResult executionId="8f9814d7-da3d-4249-ad43-f49479e967ed" testId="d1013bd7-480e-7815-ef17-49ed53a7e785" testName="ManagedCode.Storage.Tests.ExtensionsTests.ReplaceExtensionsTests.ReplaceAzureStorage" computerName="DESKTOP-LA5RDNV" duration="00:00:00.0013048" startTime="2023-10-19T21:54:38.5493803+03:00" endTime="2023-10-19T21:54:38.5493805+03:00" testType="13cdc9d9-ddb5-4fa4-a97d-d965ccfc6d4b" outcome="Passed" testListId="8c84fa94-04c1-424b-9868-57a2d4851a1d" relativeResultsDirectory="8f9814d7-da3d-4249-ad43-f49479e967ed" />
    <UnitTestResult executionId="71e453ba-6662-490a-948c-5d96f4cccc47" testId="ce45e04d-1aa5-6da3-3f40-8a4e6afbb166" testName="ManagedCode.Storage.Tests.Storages.GCS.GCSConfigTests.BadConfigurationForStorage_WithoutStorageClientBuilderAndGoogleCredential_ThrowException" computerName="DESKTOP-LA5RDNV" duration="00:00:00.0012976" startTime="2023-10-19T21:54:38.6160630+03:00" endTime="2023-10-19T21:54:38.6160630+03:00" testType="13cdc9d9-ddb5-4fa4-a97d-d965ccfc6d4b" outcome="Passed" testListId="8c84fa94-04c1-424b-9868-57a2d4851a1d" relativeResultsDirectory="71e453ba-6662-490a-948c-5d96f4cccc47" />
    <UnitTestResult executionId="9aabeaac-1f2f-4f18-a64f-9cdfe00b06f8" testId="1a59b7a3-5d1b-0833-b544-5cc233506f74" testName="ManagedCode.Storage.Tests.Storages.Azure.AzureUploadTests.FileInfoUploadAsyncTest" computerName="DESKTOP-LA5RDNV" duration="00:00:01.0600817" startTime="2023-10-19T21:55:27.0030465+03:00" endTime="2023-10-19T21:55:27.0030468+03:00" testType="13cdc9d9-ddb5-4fa4-a97d-d965ccfc6d4b" outcome="Passed" testListId="8c84fa94-04c1-424b-9868-57a2d4851a1d" relativeResultsDirectory="9aabeaac-1f2f-4f18-a64f-9cdfe00b06f8" />
    <UnitTestResult executionId="110aeeb6-60fb-4452-9fca-cc0ef6c3cd2c" testId="c7e9c92e-ac10-0c6f-a708-caabbb3eed45" testName="ManagedCode.Storage.Tests.Storages.Azure.AzureUploadTests.UploadAsync_AsArray_WithOptions_ToDirectory_SpecifyingFileName" computerName="DESKTOP-LA5RDNV" duration="00:00:00.8593870" startTime="2023-10-19T21:55:36.6290669+03:00" endTime="2023-10-19T21:55:36.6290674+03:00" testType="13cdc9d9-ddb5-4fa4-a97d-d965ccfc6d4b" outcome="Passed" testListId="8c84fa94-04c1-424b-9868-57a2d4851a1d" relativeResultsDirectory="110aeeb6-60fb-4452-9fca-cc0ef6c3cd2c" />
    <UnitTestResult executionId="0bed7071-5400-4985-ac42-10d836cd3751" testId="18888faf-52eb-8cce-2840-8cb1c7fc966f" testName="ManagedCode.Storage.Tests.Storages.Azure.AzureUploadTests.UploadAsync_AsText_WithoutOptions" computerName="DESKTOP-LA5RDNV" duration="00:00:00.9753334" startTime="2023-10-19T21:55:14.7340913+03:00" endTime="2023-10-19T21:55:14.7340917+03:00" testType="13cdc9d9-ddb5-4fa4-a97d-d965ccfc6d4b" outcome="Passed" testListId="8c84fa94-04c1-424b-9868-57a2d4851a1d" relativeResultsDirectory="0bed7071-5400-4985-ac42-10d836cd3751" />
    <UnitTestResult executionId="8e47d6a6-32f4-4714-b949-a569dfb6e0ff" testId="0b24ddfc-5751-00a4-b7eb-5ce88face95c" testName="ManagedCode.Storage.Tests.Storages.FileSystem.FileSystemBlobTests.ExistsAsync_WithOptions_InDirectory_ShouldBeTrue" computerName="DESKTOP-LA5RDNV" duration="00:00:00.0135622" startTime="2023-10-19T21:54:38.9914219+03:00" endTime="2023-10-19T21:54:38.9914224+03:00" testType="13cdc9d9-ddb5-4fa4-a97d-d965ccfc6d4b" outcome="Passed" testListId="8c84fa94-04c1-424b-9868-57a2d4851a1d" relativeResultsDirectory="8e47d6a6-32f4-4714-b949-a569dfb6e0ff" />
    <UnitTestResult executionId="a8661dca-f8c5-491f-b1a8-6e9a2062d721" testId="759973c1-d9b9-5f98-8ae4-6ce17a65b1cc" testName="ManagedCode.Storage.Tests.Storages.FileSystem.FileSystemUploadTests.UploadAsync_AsArray_WithOptions_ToDirectory_SpecifyingFileName" computerName="DESKTOP-LA5RDNV" duration="00:00:00.4772131" startTime="2023-10-19T21:54:38.9139092+03:00" endTime="2023-10-19T21:54:38.9139097+03:00" testType="13cdc9d9-ddb5-4fa4-a97d-d965ccfc6d4b" outcome="Passed" testListId="8c84fa94-04c1-424b-9868-57a2d4851a1d" relativeResultsDirectory="a8661dca-f8c5-491f-b1a8-6e9a2062d721" />
    <UnitTestResult executionId="961d4a9f-a0e6-4e0c-8ccd-9e675523e4d8" testId="4d888c34-6576-8452-b855-c5c1e07e4a54" testName="ManagedCode.Storage.Tests.Storages.AWS.AWSDownloadTests.DownloadAsync_WithoutOptions_AsLocalFile" computerName="DESKTOP-LA5RDNV" duration="00:00:01.1263142" startTime="2023-10-19T21:54:56.6877482+03:00" endTime="2023-10-19T21:54:56.6877487+03:00" testType="13cdc9d9-ddb5-4fa4-a97d-d965ccfc6d4b" outcome="Passed" testListId="8c84fa94-04c1-424b-9868-57a2d4851a1d" relativeResultsDirectory="961d4a9f-a0e6-4e0c-8ccd-9e675523e4d8" />
    <UnitTestResult executionId="471105f9-56c5-4169-b6cc-74759f189b96" testId="0bb0356a-b872-0050-acf5-382262af04c3" testName="ManagedCode.Storage.Tests.Storages.AWS.AWSUploadTests.ArrayUploadAsyncTest" computerName="DESKTOP-LA5RDNV" duration="00:00:00.6252064" startTime="2023-10-19T21:55:04.9897600+03:00" endTime="2023-10-19T21:55:04.9897607+03:00" testType="13cdc9d9-ddb5-4fa4-a97d-d965ccfc6d4b" outcome="Passed" testListId="8c84fa94-04c1-424b-9868-57a2d4851a1d" relativeResultsDirectory="471105f9-56c5-4169-b6cc-74759f189b96" />
    <UnitTestResult executionId="8ac8cb86-d7e8-483e-a95a-5b2f15a5cef6" testId="97e8fc46-fec4-0e96-d243-93cea979b666" testName="ManagedCode.Storage.Tests.Storages.Azure.AzureBlobTests.DeleteAsync_WithoutOptions_IfFileDontExist_ShouldFalse" computerName="DESKTOP-LA5RDNV" duration="00:00:03.0222291" startTime="2023-10-19T21:54:53.8375267+03:00" endTime="2023-10-19T21:54:53.8375275+03:00" testType="13cdc9d9-ddb5-4fa4-a97d-d965ccfc6d4b" outcome="Passed" testListId="8c84fa94-04c1-424b-9868-57a2d4851a1d" relativeResultsDirectory="8ac8cb86-d7e8-483e-a95a-5b2f15a5cef6" />
    <UnitTestResult executionId="f6247713-84d4-426d-a62d-7ad4cb0503dd" testId="46a557ef-1de2-1e4c-6723-a74b4510bac8" testName="ManagedCode.Storage.Tests.Storages.GCS.GCSBlobTests.ExistsAsync_IfFileFileExistInAnotherDirectory_WithOptions_ShouldBeFalse" computerName="DESKTOP-LA5RDNV" duration="00:00:00.1372464" startTime="2023-10-19T21:55:21.1265334+03:00" endTime="2023-10-19T21:55:21.1265337+03:00" testType="13cdc9d9-ddb5-4fa4-a97d-d965ccfc6d4b" outcome="Passed" testListId="8c84fa94-04c1-424b-9868-57a2d4851a1d" relativeResultsDirectory="f6247713-84d4-426d-a62d-7ad4cb0503dd" />
    <UnitTestResult executionId="83a64d1b-ac3d-43fb-8f04-90df7dd542fd" testId="f4c4276b-71ff-fbcc-a74e-04e1d7dabe83" testName="ManagedCode.Storage.Tests.Storages.AWS.AWSUploadTests.UploadAsync_AsText_WithOptions_ToDirectory_SpecifyingFileName" computerName="DESKTOP-LA5RDNV" duration="00:00:00.7326717" startTime="2023-10-19T21:55:59.9460711+03:00" endTime="2023-10-19T21:55:59.9460715+03:00" testType="13cdc9d9-ddb5-4fa4-a97d-d965ccfc6d4b" outcome="Passed" testListId="8c84fa94-04c1-424b-9868-57a2d4851a1d" relativeResultsDirectory="83a64d1b-ac3d-43fb-8f04-90df7dd542fd" />
    <UnitTestResult executionId="2d847e82-23d8-4502-9659-b28e644de646" testId="e8cfcb3a-5182-5f91-8498-9b7b41c9d2e0" testName="ManagedCode.Storage.Tests.Storages.FileSystem.FileSystemContainerTests.CreateContainerAsync" computerName="DESKTOP-LA5RDNV" duration="00:00:00.0073566" startTime="2023-10-19T21:54:38.8923680+03:00" endTime="2023-10-19T21:54:38.8923687+03:00" testType="13cdc9d9-ddb5-4fa4-a97d-d965ccfc6d4b" outcome="Passed" testListId="8c84fa94-04c1-424b-9868-57a2d4851a1d" relativeResultsDirectory="2d847e82-23d8-4502-9659-b28e644de646" />
    <UnitTestResult executionId="e496dd7c-3f19-441a-aba4-f7a35f60d766" testId="57b765e9-e5f6-5d33-8dae-195db013dd58" testName="ManagedCode.Storage.Tests.Storages.FileSystem.FileSystemUploadTests.UploadAsync_AsText_WithOptions_ToDirectory_SpecifyingFileName" computerName="DESKTOP-LA5RDNV" duration="00:00:00.1491835" startTime="2023-10-19T21:54:39.0633762+03:00" endTime="2023-10-19T21:54:39.0633767+03:00" testType="13cdc9d9-ddb5-4fa4-a97d-d965ccfc6d4b" outcome="Passed" testListId="8c84fa94-04c1-424b-9868-57a2d4851a1d" relativeResultsDirectory="e496dd7c-3f19-441a-aba4-f7a35f60d766" />
    <UnitTestResult executionId="5bd8ec47-9580-4230-86c1-6d126b63fa18" testId="89923b44-7836-dd70-4dc3-65e0b7322aa1" testName="ManagedCode.Storage.Tests.Storages.GCS.GCSContainerTests.GetFileListAsyncTest" computerName="DESKTOP-LA5RDNV" duration="00:00:00.1658243" startTime="2023-10-19T21:55:05.7675359+03:00" endTime="2023-10-19T21:55:05.7675362+03:00" testType="13cdc9d9-ddb5-4fa4-a97d-d965ccfc6d4b" outcome="Passed" testListId="8c84fa94-04c1-424b-9868-57a2d4851a1d" relativeResultsDirectory="5bd8ec47-9580-4230-86c1-6d126b63fa18" />
    <UnitTestResult executionId="87b6ed5a-ca53-4226-af58-0f91d3ce076b" testId="d8479eb6-8a45-8a67-3de5-637713e29f33" testName="ManagedCode.Storage.Tests.ExtensionsTests.ReplaceExtensionsTests.ReplaceAzureStorageAsDefault" computerName="DESKTOP-LA5RDNV" duration="00:00:00.1336911" startTime="2023-10-19T21:54:38.5363038+03:00" endTime="2023-10-19T21:54:38.5363416+03:00" testType="13cdc9d9-ddb5-4fa4-a97d-d965ccfc6d4b" outcome="Passed" testListId="8c84fa94-04c1-424b-9868-57a2d4851a1d" relativeResultsDirectory="87b6ed5a-ca53-4226-af58-0f91d3ce076b" />
    <UnitTestResult executionId="62b21d14-a8c6-4173-9230-68fe64b0fe51" testId="32f34b04-d888-8574-f829-80472487f95b" testName="ManagedCode.Storage.Tests.Storages.GCS.GCSBlobTests.DeleteAsync_WithOptions_IfFileDontExist_FromDirectory_ShouldFalse" computerName="DESKTOP-LA5RDNV" duration="00:00:00.0378482" startTime="2023-10-19T21:54:55.7961000+03:00" endTime="2023-10-19T21:54:55.7961005+03:00" testType="13cdc9d9-ddb5-4fa4-a97d-d965ccfc6d4b" outcome="Passed" testListId="8c84fa94-04c1-424b-9868-57a2d4851a1d" relativeResultsDirectory="62b21d14-a8c6-4173-9230-68fe64b0fe51" />
    <UnitTestResult executionId="a88a01de-ff47-445f-94f8-8cd9483a7c50" testId="337cac69-c737-4742-a043-6ebc890486e6" testName="ManagedCode.Storage.Tests.Storages.AWS.AWSBlobTests.DeleteAsync_WithoutOptions_ShouldTrue" computerName="DESKTOP-LA5RDNV" duration="00:00:00.6061574" startTime="2023-10-19T21:55:26.7701363+03:00" endTime="2023-10-19T21:55:26.7701367+03:00" testType="13cdc9d9-ddb5-4fa4-a97d-d965ccfc6d4b" outcome="Passed" testListId="8c84fa94-04c1-424b-9868-57a2d4851a1d" relativeResultsDirectory="a88a01de-ff47-445f-94f8-8cd9483a7c50" />
    <UnitTestResult executionId="06ea98a0-7efd-48a4-86ef-be66af348ab3" testId="7900f381-3943-e01b-17a1-a14f7cf681ea" testName="ManagedCode.Storage.Tests.Storages.Azure.AzureConfigTests.BadConfigurationForStorage_WithoutContainer_ThrowException" computerName="DESKTOP-LA5RDNV" duration="00:00:00.0016083" startTime="2023-10-19T21:54:38.6181033+03:00" endTime="2023-10-19T21:54:38.6181035+03:00" testType="13cdc9d9-ddb5-4fa4-a97d-d965ccfc6d4b" outcome="Passed" testListId="8c84fa94-04c1-424b-9868-57a2d4851a1d" relativeResultsDirectory="06ea98a0-7efd-48a4-86ef-be66af348ab3" />
    <UnitTestResult executionId="b2e06cc4-f685-409c-a075-3cff17586ea5" testId="4a8d5858-41af-eeab-c8e7-1e087aa91f58" testName="ManagedCode.Storage.Tests.Storages.Azure.AzureBlobTests.DeleteAsync_WithOptions_FromDirectory_ShouldTrue" computerName="DESKTOP-LA5RDNV" duration="00:00:01.2723222" startTime="2023-10-19T21:55:01.7273772+03:00" endTime="2023-10-19T21:55:01.7273775+03:00" testType="13cdc9d9-ddb5-4fa4-a97d-d965ccfc6d4b" outcome="Passed" testListId="8c84fa94-04c1-424b-9868-57a2d4851a1d" relativeResultsDirectory="b2e06cc4-f685-409c-a075-3cff17586ea5" />
    <UnitTestResult executionId="db960280-bc7b-40a3-bdb7-15c386f925c7" testId="52af5cfb-03e7-6e72-08c2-0a8508e001a0" testName="ManagedCode.Storage.Tests.Storages.FileSystem.FileSystemUploadTests.FileInfoUploadAsyncTest" computerName="DESKTOP-LA5RDNV" duration="00:00:00.0097534" startTime="2023-10-19T21:54:39.1199588+03:00" endTime="2023-10-19T21:54:39.1199593+03:00" testType="13cdc9d9-ddb5-4fa4-a97d-d965ccfc6d4b" outcome="Passed" testListId="8c84fa94-04c1-424b-9868-57a2d4851a1d" relativeResultsDirectory="db960280-bc7b-40a3-bdb7-15c386f925c7" />
    <UnitTestResult executionId="4a52ae90-5b67-44e1-aaea-8cd6be2ceea7" testId="3deeeda2-2738-bfde-ccea-c55699f01bd0" testName="ManagedCode.Storage.Tests.Storages.AWS.AWSContainerTests.RemoveContainer_ShouldBeSuccess" computerName="DESKTOP-LA5RDNV" duration="00:00:00.5273481" startTime="2023-10-19T21:55:26.4797437+03:00" endTime="2023-10-19T21:55:26.4797440+03:00" testType="13cdc9d9-ddb5-4fa4-a97d-d965ccfc6d4b" outcome="Passed" testListId="8c84fa94-04c1-424b-9868-57a2d4851a1d" relativeResultsDirectory="4a52ae90-5b67-44e1-aaea-8cd6be2ceea7" />
    <UnitTestResult executionId="edc92d28-b8a0-482f-ab85-9bc6f5e5c53a" testId="a1ff558e-7dd7-f323-4a7e-ab07947a6913" testName="ManagedCode.Storage.Tests.Storages.GCS.GCSUploadTests.FileInfoUploadAsyncTest" computerName="DESKTOP-LA5RDNV" duration="00:00:00.1358740" startTime="2023-10-19T21:55:04.4139330+03:00" endTime="2023-10-19T21:55:04.4139336+03:00" testType="13cdc9d9-ddb5-4fa4-a97d-d965ccfc6d4b" outcome="Passed" testListId="8c84fa94-04c1-424b-9868-57a2d4851a1d" relativeResultsDirectory="edc92d28-b8a0-482f-ab85-9bc6f5e5c53a" />
    <UnitTestResult executionId="631a3ecf-baf9-4570-a64d-9097ddea6820" testId="b4faed97-0319-fe74-ffa6-0ef4da6f053e" testName="ManagedCode.Storage.Tests.Storages.FileSystem.FileSystemUploadTests.StreamUploadAsyncTest" computerName="DESKTOP-LA5RDNV" duration="00:00:00.0091200" startTime="2023-10-19T21:54:39.2379469+03:00" endTime="2023-10-19T21:54:39.2379472+03:00" testType="13cdc9d9-ddb5-4fa4-a97d-d965ccfc6d4b" outcome="Passed" testListId="8c84fa94-04c1-424b-9868-57a2d4851a1d" relativeResultsDirectory="631a3ecf-baf9-4570-a64d-9097ddea6820" />
    <UnitTestResult executionId="9e3b2963-8fbe-453c-9c3b-d70a28fead47" testId="79383574-2161-a35b-ad79-6c34ecf31348" testName="ManagedCode.Storage.Tests.Storages.Azure.AzureBlobTests.ExistsAsync_WithoutOptions_ShouldBeTrue" computerName="DESKTOP-LA5RDNV" duration="00:00:00.8242112" startTime="2023-10-19T21:55:33.6333764+03:00" endTime="2023-10-19T21:55:33.6333770+03:00" testType="13cdc9d9-ddb5-4fa4-a97d-d965ccfc6d4b" outcome="Passed" testListId="8c84fa94-04c1-424b-9868-57a2d4851a1d" relativeResultsDirectory="9e3b2963-8fbe-453c-9c3b-d70a28fead47" />
    <UnitTestResult executionId="c6740302-6731-4e42-a10c-9e22c4e17dbc" testId="69b51dd6-f6bc-a061-19cb-8be167e79986" testName="ManagedCode.Storage.Tests.Storages.GCS.GCSConfigTests.BadConfigurationForStorage_WithoutBucket_ThrowException" computerName="DESKTOP-LA5RDNV" duration="00:00:00.0168436" startTime="2023-10-19T21:54:38.6157415+03:00" endTime="2023-10-19T21:54:38.6157417+03:00" testType="13cdc9d9-ddb5-4fa4-a97d-d965ccfc6d4b" outcome="Passed" testListId="8c84fa94-04c1-424b-9868-57a2d4851a1d" relativeResultsDirectory="c6740302-6731-4e42-a10c-9e22c4e17dbc" />
    <UnitTestResult executionId="664e8def-f271-46ed-8d79-723d651f856c" testId="95d1c404-ce80-7355-fc6f-d65fc5dc0e2b" testName="ManagedCode.Storage.Tests.Storages.AWS.AWSUploadTests.UploadAsync_AsArray_WithOptions_ToDirectory_SpecifyingFileName" computerName="DESKTOP-LA5RDNV" duration="00:00:00.4350755" startTime="2023-10-19T21:55:46.4972945+03:00" endTime="2023-10-19T21:55:46.4972950+03:00" testType="13cdc9d9-ddb5-4fa4-a97d-d965ccfc6d4b" outcome="Passed" testListId="8c84fa94-04c1-424b-9868-57a2d4851a1d" relativeResultsDirectory="664e8def-f271-46ed-8d79-723d651f856c" />
    <UnitTestResult executionId="a3c4179c-675d-497c-86d9-0e4a7ec0a70d" testId="28da485b-928f-9b9b-65b1-2d06bbc13a08" testName="ManagedCode.Storage.Tests.Storages.Azure.AzureBlobTests.ExistsAsync_WithOptions_InDirectory_ShouldBeTrue" computerName="DESKTOP-LA5RDNV" duration="00:00:00.9795394" startTime="2023-10-19T21:55:29.0152515+03:00" endTime="2023-10-19T21:55:29.0152519+03:00" testType="13cdc9d9-ddb5-4fa4-a97d-d965ccfc6d4b" outcome="Passed" testListId="8c84fa94-04c1-424b-9868-57a2d4851a1d" relativeResultsDirectory="a3c4179c-675d-497c-86d9-0e4a7ec0a70d" />
    <UnitTestResult executionId="e753e06a-4632-45d0-bb5d-12ff7d44e03e" testId="bd6cfe2b-8995-8ad5-2171-c2230b3f14cc" testName="ManagedCode.Storage.Tests.Storages.AWS.AwsConfigTests.BadConfigurationForStorage_WithoutSecretKey_ThrowException" computerName="DESKTOP-LA5RDNV" duration="00:00:00.0391062" startTime="2023-10-19T21:54:38.9168860+03:00" endTime="2023-10-19T21:54:38.9168864+03:00" testType="13cdc9d9-ddb5-4fa4-a97d-d965ccfc6d4b" outcome="Passed" testListId="8c84fa94-04c1-424b-9868-57a2d4851a1d" relativeResultsDirectory="e753e06a-4632-45d0-bb5d-12ff7d44e03e" />
    <UnitTestResult executionId="13e2bc2d-5801-4d0b-8066-e9071ce21aa4" testId="5bf2f6e9-b8c0-48bd-5508-b0de1e29f85f" testName="ManagedCode.Storage.Tests.Storages.GCS.GCSBlobTests.ExistsAsync_WithoutOptions_ShouldBeTrue" computerName="DESKTOP-LA5RDNV" duration="00:00:00.1199512" startTime="2023-10-19T21:55:05.5372562+03:00" endTime="2023-10-19T21:55:05.5372569+03:00" testType="13cdc9d9-ddb5-4fa4-a97d-d965ccfc6d4b" outcome="Passed" testListId="8c84fa94-04c1-424b-9868-57a2d4851a1d" relativeResultsDirectory="13e2bc2d-5801-4d0b-8066-e9071ce21aa4" />
    <UnitTestResult executionId="6911f0d6-f71b-4f98-b06d-60f05c7bf3ac" testId="188b4a63-83e0-898c-e523-b4dda1a0a572" testName="ManagedCode.Storage.Tests.Storages.GCS.GCSUploadTests.UploadAsync_AsText_WithoutOptions" computerName="DESKTOP-LA5RDNV" duration="00:00:00.1608763" startTime="2023-10-19T21:55:22.5579137+03:00" endTime="2023-10-19T21:55:22.5579141+03:00" testType="13cdc9d9-ddb5-4fa4-a97d-d965ccfc6d4b" outcome="Passed" testListId="8c84fa94-04c1-424b-9868-57a2d4851a1d" relativeResultsDirectory="6911f0d6-f71b-4f98-b06d-60f05c7bf3ac" />
    <UnitTestResult executionId="a99cd1c1-66ea-43f5-8cac-6c6e9b60f4eb" testId="fcacc184-1de6-3760-b250-5d8607117857" testName="ManagedCode.Storage.Tests.Storages.FileSystem.FileSystemUploadTests.UploadAsync_AsStream_WithOptions_ToDirectory_SpecifyingFileName" computerName="DESKTOP-LA5RDNV" duration="00:00:00.0137043" startTime="2023-10-19T21:54:39.2519767+03:00" endTime="2023-10-19T21:54:39.2519772+03:00" testType="13cdc9d9-ddb5-4fa4-a97d-d965ccfc6d4b" outcome="Passed" testListId="8c84fa94-04c1-424b-9868-57a2d4851a1d" relativeResultsDirectory="a99cd1c1-66ea-43f5-8cac-6c6e9b60f4eb" />
    <UnitTestResult executionId="d79d5793-1acd-4e92-b9c1-ccb0e8ed18d7" testId="504759ca-3408-1dae-4aee-00c9f808cc79" testName="ManagedCode.Storage.Tests.Storages.AWS.AWSUploadTests.UploadAsync_AsText_WithoutOptions" computerName="DESKTOP-LA5RDNV" duration="00:00:01.6783310" startTime="2023-10-19T21:54:54.2460351+03:00" endTime="2023-10-19T21:54:54.2460357+03:00" testType="13cdc9d9-ddb5-4fa4-a97d-d965ccfc6d4b" outcome="Passed" testListId="8c84fa94-04c1-424b-9868-57a2d4851a1d" relativeResultsDirectory="d79d5793-1acd-4e92-b9c1-ccb0e8ed18d7" />
    <UnitTestResult executionId="866b4b96-c597-4f57-8bfb-73fac8939d2b" testId="ce96639d-e178-24a6-aae3-a21aa1b5053f" testName="ManagedCode.Storage.Tests.Storages.Azure.AzureContainerTests.RemoveContainer_ShouldBeSuccess" computerName="DESKTOP-LA5RDNV" duration="00:00:01.1143446" startTime="2023-10-19T21:55:16.7900856+03:00" endTime="2023-10-19T21:55:16.7900864+03:00" testType="13cdc9d9-ddb5-4fa4-a97d-d965ccfc6d4b" outcome="Passed" testListId="8c84fa94-04c1-424b-9868-57a2d4851a1d" relativeResultsDirectory="866b4b96-c597-4f57-8bfb-73fac8939d2b" />
    <UnitTestResult executionId="8b2d417a-165c-4361-a79b-671566d94d82" testId="a26e55bc-ed76-d51e-2a55-2343def546f8" testName="ManagedCode.Storage.Tests.Storages.FileSystem.FileSystemBlobTests.ExistsAsync_WithoutOptions_ShouldBeTrue" computerName="DESKTOP-LA5RDNV" duration="00:00:00.0099957" startTime="2023-10-19T21:54:39.0018060+03:00" endTime="2023-10-19T21:54:39.0018063+03:00" testType="13cdc9d9-ddb5-4fa4-a97d-d965ccfc6d4b" outcome="Passed" testListId="8c84fa94-04c1-424b-9868-57a2d4851a1d" relativeResultsDirectory="8b2d417a-165c-4361-a79b-671566d94d82" />
    <UnitTestResult executionId="adc97d72-4172-43d9-86aa-f0c3cfe6da5d" testId="cb60b850-2fe1-1b24-7fd3-299f7021e38a" testName="ManagedCode.Storage.Tests.Storages.FileSystem.FileSystemContainerTests.CreateContainer_ShouldBeSuccess" computerName="DESKTOP-LA5RDNV" duration="00:00:00.0030096" startTime="2023-10-19T21:54:39.0194941+03:00" endTime="2023-10-19T21:54:39.0194941+03:00" testType="13cdc9d9-ddb5-4fa4-a97d-d965ccfc6d4b" outcome="Passed" testListId="8c84fa94-04c1-424b-9868-57a2d4851a1d" relativeResultsDirectory="adc97d72-4172-43d9-86aa-f0c3cfe6da5d" />
    <UnitTestResult executionId="43af56a2-6aec-4d33-8d1b-51ba906e9ee2" testId="fda70fa8-2b1c-2466-45e6-1a87a6c14e15" testName="ManagedCode.Storage.Tests.Storages.GCS.GCSBlobTests.DeleteAsync_WithOptions_FromDirectory_ShouldTrue" computerName="DESKTOP-LA5RDNV" duration="00:00:00.1315706" startTime="2023-10-19T21:55:15.8780338+03:00" endTime="2023-10-19T21:55:15.8780343+03:00" testType="13cdc9d9-ddb5-4fa4-a97d-d965ccfc6d4b" outcome="Passed" testListId="8c84fa94-04c1-424b-9868-57a2d4851a1d" relativeResultsDirectory="43af56a2-6aec-4d33-8d1b-51ba906e9ee2" />
    <UnitTestResult executionId="92e4d034-344b-4d7a-89ba-4fad751e7a7d" testId="cd91239c-d72e-ba6a-c51a-0f3af84125f9" testName="ManagedCode.Storage.Tests.Storages.GCS.GCSContainerTests.CreateContainer_ShouldBeSuccess" computerName="DESKTOP-LA5RDNV" duration="00:00:00.0614187" startTime="2023-10-19T21:55:10.7771976+03:00" endTime="2023-10-19T21:55:10.7771984+03:00" testType="13cdc9d9-ddb5-4fa4-a97d-d965ccfc6d4b" outcome="Passed" testListId="8c84fa94-04c1-424b-9868-57a2d4851a1d" relativeResultsDirectory="92e4d034-344b-4d7a-89ba-4fad751e7a7d" />
    <UnitTestResult executionId="48c78b89-4a0b-40fb-9586-707d40b6ef42" testId="f82a416f-2303-b77f-211f-774352fbcb5f" testName="ManagedCode.Storage.Tests.Storages.Azure.AzureDownloadTests.DownloadAsync_WithoutOptions_AsLocalFile" computerName="DESKTOP-LA5RDNV" duration="00:00:03.1777641" startTime="2023-10-19T21:54:56.3931692+03:00" endTime="2023-10-19T21:54:56.3931696+03:00" testType="13cdc9d9-ddb5-4fa4-a97d-d965ccfc6d4b" outcome="Passed" testListId="8c84fa94-04c1-424b-9868-57a2d4851a1d" relativeResultsDirectory="48c78b89-4a0b-40fb-9586-707d40b6ef42" />
    <UnitTestResult executionId="e7a0f824-df0a-4471-be41-b24ba15f02f6" testId="65536c0f-ecd1-3506-7671-8658e87c90b3" testName="ManagedCode.Storage.Tests.Storages.Azure.AzureUploadTests.StringUploadAsyncTest" computerName="DESKTOP-LA5RDNV" duration="00:00:01.1289432" startTime="2023-10-19T21:55:08.3104227+03:00" endTime="2023-10-19T21:55:08.3104236+03:00" testType="13cdc9d9-ddb5-4fa4-a97d-d965ccfc6d4b" outcome="Passed" testListId="8c84fa94-04c1-424b-9868-57a2d4851a1d" relativeResultsDirectory="e7a0f824-df0a-4471-be41-b24ba15f02f6" />
    <UnitTestResult executionId="11818ea3-37aa-4bec-8166-22b54c28e987" testId="e6a12142-6900-16ce-d7c9-0bed05accd07" testName="ManagedCode.Storage.Tests.Storages.Azure.AzureUploadTests.UploadAsync_AsText_WithOptions_ToDirectory_SpecifyingFileName" computerName="DESKTOP-LA5RDNV" duration="00:00:01.0874384" startTime="2023-10-19T21:55:31.6656775+03:00" endTime="2023-10-19T21:55:31.6656779+03:00" testType="13cdc9d9-ddb5-4fa4-a97d-d965ccfc6d4b" outcome="Passed" testListId="8c84fa94-04c1-424b-9868-57a2d4851a1d" relativeResultsDirectory="11818ea3-37aa-4bec-8166-22b54c28e987" />
    <UnitTestResult executionId="6e16cb6a-290e-4980-ba91-e2d743af73c6" testId="13383156-235b-4be5-8305-48b481bebe31" testName="ManagedCode.Storage.Tests.Storages.AWS.AWSUploadTests.StringUploadAsyncTest" computerName="DESKTOP-LA5RDNV" duration="00:00:00.5144216" startTime="2023-10-19T21:55:14.1413512+03:00" endTime="2023-10-19T21:55:14.1413516+03:00" testType="13cdc9d9-ddb5-4fa4-a97d-d965ccfc6d4b" outcome="Passed" testListId="8c84fa94-04c1-424b-9868-57a2d4851a1d" relativeResultsDirectory="6e16cb6a-290e-4980-ba91-e2d743af73c6" />
    <UnitTestResult executionId="cd6ff7ba-9889-42f9-b396-14db94516f02" testId="1880b568-7115-9f37-fb14-278d9611070d" testName="ManagedCode.Storage.Tests.Storages.FileSystem.FileSystemUploadTests.ArrayUploadAsyncTest" computerName="DESKTOP-LA5RDNV" duration="00:00:00.0161210" startTime="2023-10-19T21:54:39.0798231+03:00" endTime="2023-10-19T21:54:39.0798235+03:00" testType="13cdc9d9-ddb5-4fa4-a97d-d965ccfc6d4b" outcome="Passed" testListId="8c84fa94-04c1-424b-9868-57a2d4851a1d" relativeResultsDirectory="cd6ff7ba-9889-42f9-b396-14db94516f02" />
    <UnitTestResult executionId="4500cdb5-9084-4091-979f-a6d6f805bd37" testId="3092d3d8-90f0-caf6-068b-27efd7f526c8" testName="ManagedCode.Storage.Tests.Storages.Azure.AzureBlobTests.GetBlobMetadataAsync_ShouldBeTrue" computerName="DESKTOP-LA5RDNV" duration="00:00:00.9096279" startTime="2023-10-19T21:55:08.1082386+03:00" endTime="2023-10-19T21:55:08.1082390+03:00" testType="13cdc9d9-ddb5-4fa4-a97d-d965ccfc6d4b" outcome="Passed" testListId="8c84fa94-04c1-424b-9868-57a2d4851a1d" relativeResultsDirectory="4500cdb5-9084-4091-979f-a6d6f805bd37" />
    <UnitTestResult executionId="390cb60a-1eac-4770-9798-606e52978cfe" testId="a07299d6-8d03-b435-9fcd-087fd5a8ef11" testName="ManagedCode.Storage.Tests.Storages.FileSystem.FileSystemBlobTests.GetBlobListAsync_WithoutOptions" computerName="DESKTOP-LA5RDNV" duration="00:00:00.1014502" startTime="2023-10-19T21:54:39.1700499+03:00" endTime="2023-10-19T21:54:39.1700503+03:00" testType="13cdc9d9-ddb5-4fa4-a97d-d965ccfc6d4b" outcome="Passed" testListId="8c84fa94-04c1-424b-9868-57a2d4851a1d" relativeResultsDirectory="390cb60a-1eac-4770-9798-606e52978cfe" />
    <UnitTestResult executionId="6157ca5c-f6b9-4fe7-8e6c-44024c31d9a1" testId="ad183f6c-9ecb-918f-9e9c-5397ab7a00e4" testName="ManagedCode.Storage.Tests.Storages.Azure.AzureBlobTests.DeleteAsync_WithoutOptions_ShouldTrue" computerName="DESKTOP-LA5RDNV" duration="00:00:00.8525341" startTime="2023-10-19T21:55:13.5784112+03:00" endTime="2023-10-19T21:55:13.5784116+03:00" testType="13cdc9d9-ddb5-4fa4-a97d-d965ccfc6d4b" outcome="Passed" testListId="8c84fa94-04c1-424b-9868-57a2d4851a1d" relativeResultsDirectory="6157ca5c-f6b9-4fe7-8e6c-44024c31d9a1" />
    <UnitTestResult executionId="733c457a-aad1-4a43-b028-f57f20a4a02e" testId="0a0200c0-24ec-e700-f10f-1d60b0c1438e" testName="ManagedCode.Storage.Tests.Storages.FileSystem.FileSystemBlobTests.DeleteAsync_WithOptions_IfFileDontExist_FromDirectory_ShouldFalse" computerName="DESKTOP-LA5RDNV" duration="00:00:00.3286496" startTime="2023-10-19T21:54:38.8924280+03:00" endTime="2023-10-19T21:54:38.8924280+03:00" testType="13cdc9d9-ddb5-4fa4-a97d-d965ccfc6d4b" outcome="Passed" testListId="8c84fa94-04c1-424b-9868-57a2d4851a1d" relativeResultsDirectory="733c457a-aad1-4a43-b028-f57f20a4a02e" />
    <UnitTestResult executionId="55ca0979-d73a-42dd-b6a5-9a73c0cbd185" testId="d632ec89-ed79-6095-2612-d1c6586a57a7" testName="ManagedCode.Storage.Tests.Storages.GCS.GCSBlobTests.GetBlobMetadataAsync_ShouldBeTrue" computerName="DESKTOP-LA5RDNV" duration="00:00:00.0844327" startTime="2023-10-19T21:55:30.5214850+03:00" endTime="2023-10-19T21:55:30.5214856+03:00" testType="13cdc9d9-ddb5-4fa4-a97d-d965ccfc6d4b" outcome="Passed" testListId="8c84fa94-04c1-424b-9868-57a2d4851a1d" relativeResultsDirectory="55ca0979-d73a-42dd-b6a5-9a73c0cbd185" />
    <UnitTestResult executionId="30398e68-cdf9-4f2c-85dc-7c0d209827a7" testId="5b4c9c1e-3720-02a7-4f86-60820e4fcdd6" testName="ManagedCode.Storage.Tests.Storages.AWS.AWSContainerTests.CreateContainerAsync" computerName="DESKTOP-LA5RDNV" duration="00:00:00.5874199" startTime="2023-10-19T21:54:56.5751320+03:00" endTime="2023-10-19T21:54:56.5751323+03:00" testType="13cdc9d9-ddb5-4fa4-a97d-d965ccfc6d4b" outcome="Passed" testListId="8c84fa94-04c1-424b-9868-57a2d4851a1d" relativeResultsDirectory="30398e68-cdf9-4f2c-85dc-7c0d209827a7" />
    <UnitTestResult executionId="45f94df3-8d7d-4a92-b3d2-040fad2535c9" testId="5eadc135-e8d8-c07d-0e57-58adf7485b31" testName="ManagedCode.Storage.Tests.Storages.AWS.AWSBlobTests.ExistsAsync_WithoutOptions_ShouldBeTrue" computerName="DESKTOP-LA5RDNV" duration="00:00:00.5146294" startTime="2023-10-19T21:55:55.7293978+03:00" endTime="2023-10-19T21:55:55.7293981+03:00" testType="13cdc9d9-ddb5-4fa4-a97d-d965ccfc6d4b" outcome="Passed" testListId="8c84fa94-04c1-424b-9868-57a2d4851a1d" relativeResultsDirectory="45f94df3-8d7d-4a92-b3d2-040fad2535c9" />
    <UnitTestResult executionId="56a1cde6-ce84-4e32-a116-36f1729e6164" testId="05ee5f3d-142b-f299-eb46-d8a059c6fe82" testName="ManagedCode.Storage.Tests.Storages.Azure.AzureContainerTests.GetFileListAsyncTest" computerName="DESKTOP-LA5RDNV" duration="00:00:00.8939196" startTime="2023-10-19T21:55:21.7733184+03:00" endTime="2023-10-19T21:55:21.7733187+03:00" testType="13cdc9d9-ddb5-4fa4-a97d-d965ccfc6d4b" outcome="Passed" testListId="8c84fa94-04c1-424b-9868-57a2d4851a1d" relativeResultsDirectory="56a1cde6-ce84-4e32-a116-36f1729e6164" />
    <UnitTestResult executionId="7387449a-3ac5-4d1a-a65f-f65a26f7cb36" testId="3a1be61b-8703-fb22-5bcd-61531990b915" testName="ManagedCode.Storage.Tests.Storages.AWS.AWSBlobTests.DeleteAsync_WithOptions_FromDirectory_ShouldTrue" computerName="DESKTOP-LA5RDNV" duration="00:00:00.7340582" startTime="2023-10-19T21:55:07.6739753+03:00" endTime="2023-10-19T21:55:07.6739760+03:00" testType="13cdc9d9-ddb5-4fa4-a97d-d965ccfc6d4b" outcome="Passed" testListId="8c84fa94-04c1-424b-9868-57a2d4851a1d" relativeResultsDirectory="7387449a-3ac5-4d1a-a65f-f65a26f7cb36" />
    <UnitTestResult executionId="a39713d6-ea40-4a7a-a9c3-0d45b9d1b24a" testId="a4a868a2-3f01-93c8-fd0b-717ddd16cab3" testName="ManagedCode.Storage.Tests.Storages.AWS.AWSBlobTests.DeleteAsync_WithoutOptions_IfFileDontExist_ShouldFalse" computerName="DESKTOP-LA5RDNV" duration="00:00:00.2744662" startTime="2023-10-19T21:55:49.2857424+03:00" endTime="2023-10-19T21:55:49.2857430+03:00" testType="13cdc9d9-ddb5-4fa4-a97d-d965ccfc6d4b" outcome="Passed" testListId="8c84fa94-04c1-424b-9868-57a2d4851a1d" relativeResultsDirectory="a39713d6-ea40-4a7a-a9c3-0d45b9d1b24a" />
    <UnitTestResult executionId="cab6802a-15d6-4db4-811a-889fd685b1ca" testId="08f0ed62-683f-bc98-63de-37514a2c3f39" testName="ManagedCode.Storage.Tests.Storages.GCS.GCSContainerTests.DeleteDirectory_ShouldBeSuccess" computerName="DESKTOP-LA5RDNV" duration="00:00:00.4536051" startTime="2023-10-19T21:54:53.9374312+03:00" endTime="2023-10-19T21:54:53.9374317+03:00" testType="13cdc9d9-ddb5-4fa4-a97d-d965ccfc6d4b" outcome="Passed" testListId="8c84fa94-04c1-424b-9868-57a2d4851a1d" relativeResultsDirectory="cab6802a-15d6-4db4-811a-889fd685b1ca" />
    <UnitTestResult executionId="57184ecf-8c47-424a-9db4-d19eb70cc62c" testId="23091cd2-5e22-924c-38e0-906e46f1fe84" testName="ManagedCode.Storage.Tests.Storages.Azure.AzureUploadTests.UploadAsync_AsStream_WithOptions_ToDirectory_SpecifyingFileName" computerName="DESKTOP-LA5RDNV" duration="00:00:02.6421366" startTime="2023-10-19T21:55:02.9702932+03:00" endTime="2023-10-19T21:55:02.9702936+03:00" testType="13cdc9d9-ddb5-4fa4-a97d-d965ccfc6d4b" outcome="Passed" testListId="8c84fa94-04c1-424b-9868-57a2d4851a1d" relativeResultsDirectory="57184ecf-8c47-424a-9db4-d19eb70cc62c" />
    <UnitTestResult executionId="d03fbb59-e0a4-45d3-a815-4598907ad098" testId="1945a068-117b-c15a-86e7-022b8441709f" testName="ManagedCode.Storage.Tests.Storages.FileSystem.FileSystemDownloadTests.DownloadAsync_WithoutOptions_AsLocalFile" computerName="DESKTOP-LA5RDNV" duration="00:00:00.3976373" startTime="2023-10-19T21:54:38.9413958+03:00" endTime="2023-10-19T21:54:38.9413962+03:00" testType="13cdc9d9-ddb5-4fa4-a97d-d965ccfc6d4b" outcome="Passed" testListId="8c84fa94-04c1-424b-9868-57a2d4851a1d" relativeResultsDirectory="d03fbb59-e0a4-45d3-a815-4598907ad098" />
    <UnitTestResult executionId="a1ad4b2e-78de-459c-9267-6b266451cbc5" testId="53e86995-373d-f410-5f48-c1d4217d0fd4" testName="ManagedCode.Storage.Tests.Storages.FileSystem.FileSystemBlobTests.GetBlobMetadataAsync_ShouldBeTrue" computerName="DESKTOP-LA5RDNV" duration="00:00:00.0335217" startTime="2023-10-19T21:54:39.0356866+03:00" endTime="2023-10-19T21:54:39.0356869+03:00" testType="13cdc9d9-ddb5-4fa4-a97d-d965ccfc6d4b" outcome="Passed" testListId="8c84fa94-04c1-424b-9868-57a2d4851a1d" relativeResultsDirectory="a1ad4b2e-78de-459c-9267-6b266451cbc5" />
    <UnitTestResult executionId="f11ad8c9-43fe-478e-b983-789a87fbb895" testId="9641c5ee-3dfd-8491-e27e-ec8bc7b4bb4a" testName="ManagedCode.Storage.Tests.Storages.AWS.AWSBlobTests.ExistsAsync_WithOptions_InDirectory_ShouldBeTrue" computerName="DESKTOP-LA5RDNV" duration="00:00:00.4210779" startTime="2023-10-19T21:55:42.0961095+03:00" endTime="2023-10-19T21:55:42.0961099+03:00" testType="13cdc9d9-ddb5-4fa4-a97d-d965ccfc6d4b" outcome="Passed" testListId="8c84fa94-04c1-424b-9868-57a2d4851a1d" relativeResultsDirectory="f11ad8c9-43fe-478e-b983-789a87fbb895" />
    <UnitTestResult executionId="416cc412-9fec-43de-8ce8-9ebdfd5f29a2" testId="27900f7f-fb24-c161-700f-f4fbaf7ed5a5" testName="ManagedCode.Storage.Tests.Storages.AWS.AwsConfigTests.StorageAsDefaultTest" computerName="DESKTOP-LA5RDNV" duration="00:00:00.1121277" startTime="2023-10-19T21:54:39.0293846+03:00" endTime="2023-10-19T21:54:39.0293851+03:00" testType="13cdc9d9-ddb5-4fa4-a97d-d965ccfc6d4b" outcome="Passed" testListId="8c84fa94-04c1-424b-9868-57a2d4851a1d" relativeResultsDirectory="416cc412-9fec-43de-8ce8-9ebdfd5f29a2" />
    <UnitTestResult executionId="fc96f8cb-5524-4cc0-9a6a-1fbd53336a42" testId="ce72e91b-ffea-fcf1-485d-7e02f14c820b" testName="ManagedCode.Storage.Tests.Storages.AWS.AWSBlobTests.GetBlobListAsync_WithoutOptions" computerName="DESKTOP-LA5RDNV" duration="00:00:01.4712152" startTime="2023-10-19T21:56:03.0674157+03:00" endTime="2023-10-19T21:56:03.0674165+03:00" testType="13cdc9d9-ddb5-4fa4-a97d-d965ccfc6d4b" outcome="Passed" testListId="8c84fa94-04c1-424b-9868-57a2d4851a1d" relativeResultsDirectory="fc96f8cb-5524-4cc0-9a6a-1fbd53336a42" />
    <UnitTestResult executionId="cdc6c371-74ba-4f4d-b2c4-ecd914076263" testId="64286839-488d-f1d1-8891-79afdfcb73fe" testName="ManagedCode.Storage.Tests.Storages.FileSystem.FileSystemBlobTests.ExistsAsync_IfFileDontExist_WithoutOptions_ShouldBeFalse" computerName="DESKTOP-LA5RDNV" duration="00:00:00.0023924" startTime="2023-10-19T21:54:39.1727545+03:00" endTime="2023-10-19T21:54:39.1727551+03:00" testType="13cdc9d9-ddb5-4fa4-a97d-d965ccfc6d4b" outcome="Passed" testListId="8c84fa94-04c1-424b-9868-57a2d4851a1d" relativeResultsDirectory="cdc6c371-74ba-4f4d-b2c4-ecd914076263" />
    <UnitTestResult executionId="3044d041-c70d-47af-a16a-bdaea39bf977" testId="f76d422d-2e11-2aba-b3e8-f02cb3d068b6" testName="ManagedCode.Storage.Tests.Storages.GCS.GCSUploadTests.StringUploadAsyncTest" computerName="DESKTOP-LA5RDNV" duration="00:00:00.0797275" startTime="2023-10-19T21:54:59.2228643+03:00" endTime="2023-10-19T21:54:59.2228647+03:00" testType="13cdc9d9-ddb5-4fa4-a97d-d965ccfc6d4b" outcome="Passed" testListId="8c84fa94-04c1-424b-9868-57a2d4851a1d" relativeResultsDirectory="3044d041-c70d-47af-a16a-bdaea39bf977" />
    <UnitTestResult executionId="5f6c6ec6-3971-4823-a1d0-cd50d6b19d8c" testId="6b260949-397f-f73c-9e71-5b308f04c076" testName="ManagedCode.Storage.Tests.Storages.Azure.AzureBlobTests.ExistsAsync_IfFileFileExistInAnotherDirectory_WithOptions_ShouldBeFalse" computerName="DESKTOP-LA5RDNV" duration="00:00:01.0064039" startTime="2023-10-19T21:55:42.6093075+03:00" endTime="2023-10-19T21:55:42.6093079+03:00" testType="13cdc9d9-ddb5-4fa4-a97d-d965ccfc6d4b" outcome="Passed" testListId="8c84fa94-04c1-424b-9868-57a2d4851a1d" relativeResultsDirectory="5f6c6ec6-3971-4823-a1d0-cd50d6b19d8c" />
    <UnitTestResult executionId="e916e30a-3b2c-4408-a27a-12f9c16ca980" testId="2b17e950-db57-36c4-8ff8-17c7da227be1" testName="ManagedCode.Storage.Tests.Storages.GCS.GCSUploadTests.ArrayUploadAsyncTest" computerName="DESKTOP-LA5RDNV" duration="00:00:00.1115326" startTime="2023-10-19T21:55:13.9891164+03:00" endTime="2023-10-19T21:55:13.9891172+03:00" testType="13cdc9d9-ddb5-4fa4-a97d-d965ccfc6d4b" outcome="Passed" testListId="8c84fa94-04c1-424b-9868-57a2d4851a1d" relativeResultsDirectory="e916e30a-3b2c-4408-a27a-12f9c16ca980" />
    <UnitTestResult executionId="3377f2a3-da9c-45d0-8681-11dd51222522" testId="46838f6f-e9b2-bb24-4e6f-952cedb5ee72" testName="ManagedCode.Storage.Tests.Storages.AWS.AWSUploadTests.UploadAsync_AsStream_WithoutOptions" computerName="DESKTOP-LA5RDNV" duration="00:00:00.5219149" startTime="2023-10-19T21:55:53.4987068+03:00" endTime="2023-10-19T21:55:53.4987072+03:00" testType="13cdc9d9-ddb5-4fa4-a97d-d965ccfc6d4b" outcome="Passed" testListId="8c84fa94-04c1-424b-9868-57a2d4851a1d" relativeResultsDirectory="3377f2a3-da9c-45d0-8681-11dd51222522" />
    <UnitTestResult executionId="b15f79b6-bed5-4807-b331-c235f0d478ca" testId="e6e5d5b5-26ea-40fb-b031-94dc053a14be" testName="ManagedCode.Storage.Tests.Storages.Azure.AzureContainerTests.CreateContainer_ShouldBeSuccess" computerName="DESKTOP-LA5RDNV" duration="00:00:02.7049188" startTime="2023-10-19T21:54:54.7700179+03:00" endTime="2023-10-19T21:54:54.7700183+03:00" testType="13cdc9d9-ddb5-4fa4-a97d-d965ccfc6d4b" outcome="Passed" testListId="8c84fa94-04c1-424b-9868-57a2d4851a1d" relativeResultsDirectory="b15f79b6-bed5-4807-b331-c235f0d478ca" />
    <UnitTestResult executionId="525db908-1e83-40f0-9784-1f9c3d560a93" testId="609ef543-c3fc-38d0-3b5f-c28e4dc5c822" testName="ManagedCode.Storage.Tests.Storages.GCS.GCSConfigTests.StorageAsDefaultTest" computerName="DESKTOP-LA5RDNV" duration="00:00:00.1381486" startTime="2023-10-19T21:54:38.5465783+03:00" endTime="2023-10-19T21:54:38.5465786+03:00" testType="13cdc9d9-ddb5-4fa4-a97d-d965ccfc6d4b" outcome="Passed" testListId="8c84fa94-04c1-424b-9868-57a2d4851a1d" relativeResultsDirectory="525db908-1e83-40f0-9784-1f9c3d560a93" />
    <UnitTestResult executionId="aa40b558-d763-49e6-a840-4e59e5f07415" testId="a8fd5f87-07fe-cef7-3d16-0d5e3119a6b6" testName="ManagedCode.Storage.Tests.Storages.GCS.GCSBlobTests.GetBlobListAsync_WithoutOptions" computerName="DESKTOP-LA5RDNV" duration="00:00:00.6114100" startTime="2023-10-19T21:54:50.4847978+03:00" endTime="2023-10-19T21:54:50.4847983+03:00" testType="13cdc9d9-ddb5-4fa4-a97d-d965ccfc6d4b" outcome="Passed" testListId="8c84fa94-04c1-424b-9868-57a2d4851a1d" relativeResultsDirectory="aa40b558-d763-49e6-a840-4e59e5f07415" />
    <UnitTestResult executionId="71a77447-112b-47f3-a4db-d2bf4cb1bcae" testId="05784e62-215c-bcf0-54ce-8296e68a33f3" testName="ManagedCode.Storage.Tests.Storages.FileSystem.FileSystemTests.StorageAsDefaultTest" computerName="DESKTOP-LA5RDNV" duration="00:00:00.0007975" startTime="2023-10-19T21:54:38.6162636+03:00" endTime="2023-10-19T21:54:38.6162637+03:00" testType="13cdc9d9-ddb5-4fa4-a97d-d965ccfc6d4b" outcome="Passed" testListId="8c84fa94-04c1-424b-9868-57a2d4851a1d" relativeResultsDirectory="71a77447-112b-47f3-a4db-d2bf4cb1bcae" />
    <UnitTestResult executionId="e15d09ff-143d-4a48-b593-76489de0ef35" testId="c76cc66a-ee58-1bbe-6f4f-572562b7cd28" testName="ManagedCode.Storage.Tests.Storages.Azure.AzureUploadTests.StreamUploadAsyncTest" computerName="DESKTOP-LA5RDNV" duration="00:00:00.8323004" startTime="2023-10-19T21:55:40.6524742+03:00" endTime="2023-10-19T21:55:40.6524746+03:00" testType="13cdc9d9-ddb5-4fa4-a97d-d965ccfc6d4b" outcome="Passed" testListId="8c84fa94-04c1-424b-9868-57a2d4851a1d" relativeResultsDirectory="e15d09ff-143d-4a48-b593-76489de0ef35" />
    <UnitTestResult executionId="60f9acf1-262a-4d93-bd95-3686634af68b" testId="3a75a696-4218-deaf-41ce-4ae8d55f9efc" testName="ManagedCode.Storage.Tests.Storages.GCS.GCSUploadTests.UploadAsync_AsArray_WithOptions_ToDirectory_SpecifyingFileName" computerName="DESKTOP-LA5RDNV" duration="00:00:00.1200397" startTime="2023-10-19T21:55:09.9090750+03:00" endTime="2023-10-19T21:55:09.9090755+03:00" testType="13cdc9d9-ddb5-4fa4-a97d-d965ccfc6d4b" outcome="Passed" testListId="8c84fa94-04c1-424b-9868-57a2d4851a1d" relativeResultsDirectory="60f9acf1-262a-4d93-bd95-3686634af68b" />
    <UnitTestResult executionId="dba5b690-8f02-4004-a458-109a52c90ad0" testId="3277ef31-e659-78fb-a711-90d2d56bcf11" testName="ManagedCode.Storage.Tests.Storages.GCS.GCSDownloadTests.DownloadAsync_WithoutOptions_AsLocalFile" computerName="DESKTOP-LA5RDNV" duration="00:00:00.2012241" startTime="2023-10-19T21:54:47.6123175+03:00" endTime="2023-10-19T21:54:47.6123181+03:00" testType="13cdc9d9-ddb5-4fa4-a97d-d965ccfc6d4b" outcome="Passed" testListId="8c84fa94-04c1-424b-9868-57a2d4851a1d" relativeResultsDirectory="dba5b690-8f02-4004-a458-109a52c90ad0" />
    <UnitTestResult executionId="d3ea3145-317e-425b-a79d-ebc674ab32c0" testId="fa37bfab-f824-7857-f05f-f9e8a7df9868" testName="ManagedCode.Storage.Tests.Storages.GCS.GCSBlobTests.DeleteAsync_WithoutOptions_IfFileDontExist_ShouldFalse" computerName="DESKTOP-LA5RDNV" duration="00:00:00.0756087" startTime="2023-10-19T21:54:46.0000057+03:00" endTime="2023-10-19T21:54:46.0000062+03:00" testType="13cdc9d9-ddb5-4fa4-a97d-d965ccfc6d4b" outcome="Passed" testListId="8c84fa94-04c1-424b-9868-57a2d4851a1d" relativeResultsDirectory="d3ea3145-317e-425b-a79d-ebc674ab32c0" />
    <UnitTestResult executionId="36eaad23-fc4c-41f7-ab3b-20cc2296444c" testId="d98176d1-4413-6b4e-e3c0-b3edd5279bce" testName="ManagedCode.Storage.Tests.Storages.GCS.GCSBlobTests.ExistsAsync_WithOptions_InDirectory_ShouldBeTrue" computerName="DESKTOP-LA5RDNV" duration="00:00:00.0861804" startTime="2023-10-19T21:55:26.1965797+03:00" endTime="2023-10-19T21:55:26.1965804+03:00" testType="13cdc9d9-ddb5-4fa4-a97d-d965ccfc6d4b" outcome="Passed" testListId="8c84fa94-04c1-424b-9868-57a2d4851a1d" relativeResultsDirectory="36eaad23-fc4c-41f7-ab3b-20cc2296444c" />
    <UnitTestResult executionId="57ef2ded-8e96-41cd-a49e-ed976b6d3412" testId="4834df0b-fd30-6283-6cf3-58f288826c87" testName="ManagedCode.Storage.Tests.Storages.AWS.AWSContainerTests.CreateContainer_ShouldBeSuccess" computerName="DESKTOP-LA5RDNV" duration="00:00:00.2695296" startTime="2023-10-19T21:55:35.2002737+03:00" endTime="2023-10-19T21:55:35.2002741+03:00" testType="13cdc9d9-ddb5-4fa4-a97d-d965ccfc6d4b" outcome="Passed" testListId="8c84fa94-04c1-424b-9868-57a2d4851a1d" relativeResultsDirectory="57ef2ded-8e96-41cd-a49e-ed976b6d3412" />
    <UnitTestResult executionId="543e56a2-e5c5-4797-b6a1-5824239b508c" testId="5669888a-3c55-6d99-2a2b-3be7187d9581" testName="ManagedCode.Storage.Tests.Storages.FileSystem.FileSystemBlobTests.ExistsAsync_IfFileFileExistInAnotherDirectory_WithOptions_ShouldBeFalse" computerName="DESKTOP-LA5RDNV" duration="00:00:00.0598248" startTime="2023-10-19T21:54:38.9588149+03:00" endTime="2023-10-19T21:54:38.9588154+03:00" testType="13cdc9d9-ddb5-4fa4-a97d-d965ccfc6d4b" outcome="Passed" testListId="8c84fa94-04c1-424b-9868-57a2d4851a1d" relativeResultsDirectory="543e56a2-e5c5-4797-b6a1-5824239b508c" />
    <UnitTestResult executionId="b706865f-0bd4-44d2-80ce-d0b310c468be" testId="7557f32d-a1e5-ede0-c36c-6076b6860749" testName="ManagedCode.Storage.Tests.Storages.AWS.AWSBlobTests.GetBlobMetadataAsync_ShouldBeTrue" computerName="DESKTOP-LA5RDNV" duration="00:00:00.6384544" startTime="2023-10-19T21:55:16.6526049+03:00" endTime="2023-10-19T21:55:16.6526053+03:00" testType="13cdc9d9-ddb5-4fa4-a97d-d965ccfc6d4b" outcome="Passed" testListId="8c84fa94-04c1-424b-9868-57a2d4851a1d" relativeResultsDirectory="b706865f-0bd4-44d2-80ce-d0b310c468be" />
    <UnitTestResult executionId="fd9229a0-0255-40ed-8265-e7e9201c8e29" testId="17717ba8-eefd-1edf-5a66-1b62bf24fc7f" testName="ManagedCode.Storage.Tests.Storages.GCS.GCSUploadTests.UploadAsync_AsStream_WithoutOptions" computerName="DESKTOP-LA5RDNV" duration="00:00:00.1115598" startTime="2023-10-19T21:55:27.3122449+03:00" endTime="2023-10-19T21:55:27.3122453+03:00" testType="13cdc9d9-ddb5-4fa4-a97d-d965ccfc6d4b" outcome="Passed" testListId="8c84fa94-04c1-424b-9868-57a2d4851a1d" relativeResultsDirectory="fd9229a0-0255-40ed-8265-e7e9201c8e29" />
    <UnitTestResult executionId="7cb4089e-3f67-49ac-ab4a-04a5aa6c23da" testId="701e3889-a972-c97c-ab28-7fac79f4c325" testName="ManagedCode.Storage.Tests.Storages.AWS.AWSUploadTests.StreamUploadAsyncTest" computerName="DESKTOP-LA5RDNV" duration="00:00:00.5286583" startTime="2023-10-19T21:55:32.8718669+03:00" endTime="2023-10-19T21:55:32.8718673+03:00" testType="13cdc9d9-ddb5-4fa4-a97d-d965ccfc6d4b" outcome="Passed" testListId="8c84fa94-04c1-424b-9868-57a2d4851a1d" relativeResultsDirectory="7cb4089e-3f67-49ac-ab4a-04a5aa6c23da" />
    <UnitTestResult executionId="3cc72583-dc47-4bf7-a922-ce45c1f6dac2" testId="aa89d4e3-e1ee-1726-c384-86ab4d16e2ab" testName="ManagedCode.Storage.Tests.Storages.Azure.AzureUploadTests.ArrayUploadAsyncTest" computerName="DESKTOP-LA5RDNV" duration="00:00:03.4144055" startTime="2023-10-19T21:54:51.9008587+03:00" endTime="2023-10-19T21:54:51.9008594+03:00" testType="13cdc9d9-ddb5-4fa4-a97d-d965ccfc6d4b" outcome="Passed" testListId="8c84fa94-04c1-424b-9868-57a2d4851a1d" relativeResultsDirectory="3cc72583-dc47-4bf7-a922-ce45c1f6dac2" />
    <UnitTestResult executionId="f60d8ad2-569e-4c95-ac06-c5d017f02b89" testId="dcda06c5-ada7-a0ac-ac42-5fa04d71bfc2" testName="ManagedCode.Storage.Tests.Storages.FileSystem.FileSystemUploadTests.StringUploadAsyncTest" computerName="DESKTOP-LA5RDNV" duration="00:00:00.0297855" startTime="2023-10-19T21:54:39.1100110+03:00" endTime="2023-10-19T21:54:39.1100112+03:00" testType="13cdc9d9-ddb5-4fa4-a97d-d965ccfc6d4b" outcome="Passed" testListId="8c84fa94-04c1-424b-9868-57a2d4851a1d" relativeResultsDirectory="f60d8ad2-569e-4c95-ac06-c5d017f02b89" />
    <UnitTestResult executionId="031ae121-f242-4d17-b992-4dd71681f789" testId="faa412ef-9bcc-ba9f-d372-d7f2d195260f" testName="ManagedCode.Storage.Tests.Storages.GCS.GCSBlobTests.ExistsAsync_IfFileDontExist_WithoutOptions_ShouldBeFalse" computerName="DESKTOP-LA5RDNV" duration="00:00:00.0299809" startTime="2023-10-19T21:55:10.9556206+03:00" endTime="2023-10-19T21:55:10.9556209+03:00" testType="13cdc9d9-ddb5-4fa4-a97d-d965ccfc6d4b" outcome="Passed" testListId="8c84fa94-04c1-424b-9868-57a2d4851a1d" relativeResultsDirectory="031ae121-f242-4d17-b992-4dd71681f789" />
    <UnitTestResult executionId="0d9b2106-5bca-4150-8ee4-cc3ec8ad560e" testId="667c2aaf-d666-b0d4-706e-501829725225" testName="ManagedCode.Storage.Tests.Storages.GCS.GCSContainerTests.RemoveContainer_ShouldBeSuccess" computerName="DESKTOP-LA5RDNV" duration="00:00:00.0394026" startTime="2023-10-19T21:54:47.3814391+03:00" endTime="2023-10-19T21:54:47.3814396+03:00" testType="13cdc9d9-ddb5-4fa4-a97d-d965ccfc6d4b" outcome="Passed" testListId="8c84fa94-04c1-424b-9868-57a2d4851a1d" relativeResultsDirectory="0d9b2106-5bca-4150-8ee4-cc3ec8ad560e" />
    <UnitTestResult executionId="cdbccf5b-707b-46ef-b765-ed051f7b1db9" testId="9861c431-a27a-7beb-d5f8-b138b1870d0d" testName="ManagedCode.Storage.Tests.Storages.AWS.AWSBlobTests.DeleteAsync_WithOptions_IfFileDontExist_FromDirectory_ShouldFalse" computerName="DESKTOP-LA5RDNV" duration="00:00:00.2952221" startTime="2023-10-19T21:55:35.3025319+03:00" endTime="2023-10-19T21:55:35.3025322+03:00" testType="13cdc9d9-ddb5-4fa4-a97d-d965ccfc6d4b" outcome="Passed" testListId="8c84fa94-04c1-424b-9868-57a2d4851a1d" relativeResultsDirectory="cdbccf5b-707b-46ef-b765-ed051f7b1db9" />
    <UnitTestResult executionId="bdf777f7-565a-47bf-9153-ce821865bf65" testId="3b47cb40-df29-de83-e175-09724ecd3e98" testName="ManagedCode.Storage.Tests.Storages.AWS.AwsConfigTests.BadConfigurationForStorage_WithoutBucket_ThrowException" computerName="DESKTOP-LA5RDNV" duration="00:00:00.0014875" startTime="2023-10-19T21:54:39.0330038+03:00" endTime="2023-10-19T21:54:39.0330040+03:00" testType="13cdc9d9-ddb5-4fa4-a97d-d965ccfc6d4b" outcome="Passed" testListId="8c84fa94-04c1-424b-9868-57a2d4851a1d" relativeResultsDirectory="bdf777f7-565a-47bf-9153-ce821865bf65" />
    <UnitTestResult executionId="90b366ee-09b9-4c05-8954-9143b0634e05" testId="812e3a88-3fa8-5455-1d66-fcf21d928bd1" testName="ManagedCode.Storage.Tests.Storages.Azure.AzureContainerTests.CreateContainerAsync" computerName="DESKTOP-LA5RDNV" duration="00:00:00.9594455" startTime="2023-10-19T21:55:03.9079628+03:00" endTime="2023-10-19T21:55:03.9079634+03:00" testType="13cdc9d9-ddb5-4fa4-a97d-d965ccfc6d4b" outcome="Passed" testListId="8c84fa94-04c1-424b-9868-57a2d4851a1d" relativeResultsDirectory="90b366ee-09b9-4c05-8954-9143b0634e05" />
    <UnitTestResult executionId="2b9595f0-7def-4431-a9eb-21202afa48ef" testId="17cc52f6-3fd3-ad86-2ac2-79feac1689e9" testName="ManagedCode.Storage.Tests.Storages.FileSystem.FileSystemBlobTests.DeleteAsync_WithoutOptions_ShouldTrue" computerName="DESKTOP-LA5RDNV" duration="00:00:00.0322838" startTime="2023-10-19T21:54:39.0682713+03:00" endTime="2023-10-19T21:54:39.0682717+03:00" testType="13cdc9d9-ddb5-4fa4-a97d-d965ccfc6d4b" outcome="Passed" testListId="8c84fa94-04c1-424b-9868-57a2d4851a1d" relativeResultsDirectory="2b9595f0-7def-4431-a9eb-21202afa48ef" />
    <UnitTestResult executionId="78635e52-219f-4308-be8f-b7532888b04f" testId="05501592-2fee-cfb2-4fe2-3f80e93767f1" testName="ManagedCode.Storage.Tests.Storages.AWS.AWSUploadTests.UploadAsync_AsStream_WithOptions_ToDirectory_SpecifyingFileName" computerName="DESKTOP-LA5RDNV" duration="00:00:00.4797506" startTime="2023-10-19T21:55:40.5892243+03:00" endTime="2023-10-19T21:55:40.5892247+03:00" testType="13cdc9d9-ddb5-4fa4-a97d-d965ccfc6d4b" outcome="Passed" testListId="8c84fa94-04c1-424b-9868-57a2d4851a1d" relativeResultsDirectory="78635e52-219f-4308-be8f-b7532888b04f" />
    <UnitTestResult executionId="3e800499-1ce1-4e36-948a-03815d568040" testId="31171936-ced4-ac89-4b7e-ff3fac0570d9" testName="ManagedCode.Storage.Tests.Storages.GCS.GCSUploadTests.UploadAsync_AsText_WithOptions_ToDirectory_SpecifyingFileName" computerName="DESKTOP-LA5RDNV" duration="00:00:00.5205302" startTime="2023-10-19T21:54:52.7593903+03:00" endTime="2023-10-19T21:54:52.7593908+03:00" testType="13cdc9d9-ddb5-4fa4-a97d-d965ccfc6d4b" outcome="Passed" testListId="8c84fa94-04c1-424b-9868-57a2d4851a1d" relativeResultsDirectory="3e800499-1ce1-4e36-948a-03815d568040" />
    <UnitTestResult executionId="4905a74f-6b20-4790-94cf-02333973e849" testId="c968de67-5c54-4ed2-6a4d-a94cf53649be" testName="ManagedCode.Storage.Tests.Storages.AWS.AWSContainerTests.GetFileListAsyncTest" computerName="DESKTOP-LA5RDNV" duration="00:00:00.7220299" startTime="2023-10-19T21:55:17.3998032+03:00" endTime="2023-10-19T21:55:17.3998036+03:00" testType="13cdc9d9-ddb5-4fa4-a97d-d965ccfc6d4b" outcome="Passed" testListId="8c84fa94-04c1-424b-9868-57a2d4851a1d" relativeResultsDirectory="4905a74f-6b20-4790-94cf-02333973e849" />
    <UnitTestResult executionId="70730ed0-4c06-45d1-9392-bade0ca2b9ab" testId="7e26bf02-b1fc-f6f0-ff11-380f0034a617" testName="ManagedCode.Storage.Tests.Storages.AWS.AwsConfigTests.BadConfigurationForStorage_WithoutPublicKey_ThrowException" computerName="DESKTOP-LA5RDNV" duration="00:00:00.0021113" startTime="2023-10-19T21:54:39.0314014+03:00" endTime="2023-10-19T21:54:39.0314020+03:00" testType="13cdc9d9-ddb5-4fa4-a97d-d965ccfc6d4b" outcome="Passed" testListId="8c84fa94-04c1-424b-9868-57a2d4851a1d" relativeResultsDirectory="70730ed0-4c06-45d1-9392-bade0ca2b9ab" />
    <UnitTestResult executionId="39f305b9-8fd6-4778-9aef-53a965d432ac" testId="11941d14-f7af-dc3c-3e83-a65e25c44442" testName="ManagedCode.Storage.Tests.Storages.FileSystem.FileSystemContainerTests.GetFileListAsyncTest" computerName="DESKTOP-LA5RDNV" duration="00:00:00.0804956" startTime="2023-10-19T21:54:38.9813298+03:00" endTime="2023-10-19T21:54:38.9813303+03:00" testType="13cdc9d9-ddb5-4fa4-a97d-d965ccfc6d4b" outcome="Passed" testListId="8c84fa94-04c1-424b-9868-57a2d4851a1d" relativeResultsDirectory="39f305b9-8fd6-4778-9aef-53a965d432ac" />
    <UnitTestResult executionId="daff1e1e-3dc1-44ec-a9a7-b3235ff90e53" testId="e517d533-cdf1-ca1f-e419-aaf56ab5b0e7" testName="ManagedCode.Storage.Tests.Storages.FileSystem.FileSystemUploadTests.UploadAsync_AsStream_WithoutOptions" computerName="DESKTOP-LA5RDNV" duration="00:00:00.0223562" startTime="2023-10-19T21:54:39.1426198+03:00" endTime="2023-10-19T21:54:39.1426205+03:00" testType="13cdc9d9-ddb5-4fa4-a97d-d965ccfc6d4b" outcome="Passed" testListId="8c84fa94-04c1-424b-9868-57a2d4851a1d" relativeResultsDirectory="daff1e1e-3dc1-44ec-a9a7-b3235ff90e53" />
    <UnitTestResult executionId="f9c319d0-268a-421f-af0f-1e41f8afc20d" testId="cf546e0b-d24c-ce7b-68f3-25fb9fe95932" testName="ManagedCode.Storage.Tests.Storages.AWS.AWSBlobTests.ExistsAsync_IfFileFileExistInAnotherDirectory_WithOptions_ShouldBeFalse" computerName="DESKTOP-LA5RDNV" duration="00:00:00.3967002" startTime="2023-10-19T21:56:08.4241838+03:00" endTime="2023-10-19T21:56:08.4241843+03:00" testType="13cdc9d9-ddb5-4fa4-a97d-d965ccfc6d4b" outcome="Passed" testListId="8c84fa94-04c1-424b-9868-57a2d4851a1d" relativeResultsDirectory="f9c319d0-268a-421f-af0f-1e41f8afc20d" />
    <UnitTestResult executionId="f58adc34-79fd-4a5b-8793-6e65f8744e5a" testId="25fd3a48-dd0f-5aa0-0230-40c4b9a263d8" testName="ManagedCode.Storage.Tests.Storages.AWS.AWSContainerTests.DeleteDirectory_ShouldBeSuccess" computerName="DESKTOP-LA5RDNV" duration="00:00:00.9960890" startTime="2023-10-19T21:55:08.1896772+03:00" endTime="2023-10-19T21:55:08.1896778+03:00" testType="13cdc9d9-ddb5-4fa4-a97d-d965ccfc6d4b" outcome="Passed" testListId="8c84fa94-04c1-424b-9868-57a2d4851a1d" relativeResultsDirectory="f58adc34-79fd-4a5b-8793-6e65f8744e5a" />
    <UnitTestResult executionId="e1fb1ef3-17aa-4c71-8117-8b353e0ed4aa" testId="8d7d6598-12b2-76a0-e756-7eb9195a86e5" testName="ManagedCode.Storage.Tests.Storages.FileSystem.FileSystemBlobTests.DeleteAsync_WithOptions_FromDirectory_ShouldTrue" computerName="DESKTOP-LA5RDNV" duration="00:00:00.0184007" startTime="2023-10-19T21:54:38.9775438+03:00" endTime="2023-10-19T21:54:38.9775444+03:00" testType="13cdc9d9-ddb5-4fa4-a97d-d965ccfc6d4b" outcome="Passed" testListId="8c84fa94-04c1-424b-9868-57a2d4851a1d" relativeResultsDirectory="e1fb1ef3-17aa-4c71-8117-8b353e0ed4aa" />
    <UnitTestResult executionId="9311bb4d-429f-49c1-b106-8b566f74c502" testId="b4ea222c-1748-9ba5-7077-a2bcf5ee256c" testName="ManagedCode.Storage.Tests.Storages.Azure.AzureBlobTests.DeleteAsync_WithOptions_IfFileDontExist_FromDirectory_ShouldFalse" computerName="DESKTOP-LA5RDNV" duration="00:00:00.8735258" startTime="2023-10-19T21:55:19.3662277+03:00" endTime="2023-10-19T21:55:19.3662280+03:00" testType="13cdc9d9-ddb5-4fa4-a97d-d965ccfc6d4b" outcome="Passed" testListId="8c84fa94-04c1-424b-9868-57a2d4851a1d" relativeResultsDirectory="9311bb4d-429f-49c1-b106-8b566f74c502" />
    <UnitTestResult executionId="1350c12b-da09-4de4-832c-03f0c8945d4b" testId="0ac4f2a8-6b78-4d45-1f66-8a4107a83d97" testName="ManagedCode.Storage.Tests.Storages.GCS.GCSConfigTests.BadConfigurationForStorage_WithoutProjectId_ThrowException" computerName="DESKTOP-LA5RDNV" duration="00:00:00.0015516" startTime="2023-10-19T21:54:38.6160056+03:00" endTime="2023-10-19T21:54:38.6160057+03:00" testType="13cdc9d9-ddb5-4fa4-a97d-d965ccfc6d4b" outcome="Passed" testListId="8c84fa94-04c1-424b-9868-57a2d4851a1d" relativeResultsDirectory="1350c12b-da09-4de4-832c-03f0c8945d4b" />
    <UnitTestResult executionId="f8cfc9be-d6ac-4bba-9bf8-4ba03cf964ca" testId="f9b127a3-95c9-7653-ed24-7ef33470eec3" testName="ManagedCode.Storage.Tests.Storages.Azure.AzureBlobTests.GetBlobListAsync_WithoutOptions" computerName="DESKTOP-LA5RDNV" duration="00:00:01.2411442" startTime="2023-10-19T21:55:38.3962629+03:00" endTime="2023-10-19T21:55:38.3962633+03:00" testType="13cdc9d9-ddb5-4fa4-a97d-d965ccfc6d4b" outcome="Passed" testListId="8c84fa94-04c1-424b-9868-57a2d4851a1d" relativeResultsDirectory="f8cfc9be-d6ac-4bba-9bf8-4ba03cf964ca" />
    <UnitTestResult executionId="e4473a8e-54b2-4ac9-a080-95aac1fa7a27" testId="22892a63-735f-078a-870e-31ba00badc33" testName="ManagedCode.Storage.Tests.Storages.FileSystem.FileSystemContainerTests.RemoveContainer_ShouldBeSuccess" computerName="DESKTOP-LA5RDNV" duration="00:00:00.0049912" startTime="2023-10-19T21:54:38.9008191+03:00" endTime="2023-10-19T21:54:38.9008195+03:00" testType="13cdc9d9-ddb5-4fa4-a97d-d965ccfc6d4b" outcome="Passed" testListId="8c84fa94-04c1-424b-9868-57a2d4851a1d" relativeResultsDirectory="e4473a8e-54b2-4ac9-a080-95aac1fa7a27" />
    <UnitTestResult executionId="7a41be20-693d-4f98-a1b2-83d72ac4e131" testId="2a3378ac-9945-2871-491a-0d3ce4a34141" testName="ManagedCode.Storage.Tests.Storages.FileSystem.FileSystemUploadTests.UploadAsync_AsText_WithoutOptions" computerName="DESKTOP-LA5RDNV" duration="00:00:00.0856346" startTime="2023-10-19T21:54:39.2285486+03:00" endTime="2023-10-19T21:54:39.2285489+03:00" testType="13cdc9d9-ddb5-4fa4-a97d-d965ccfc6d4b" outcome="Passed" testListId="8c84fa94-04c1-424b-9868-57a2d4851a1d" relativeResultsDirectory="7a41be20-693d-4f98-a1b2-83d72ac4e131" />
    <UnitTestResult executionId="8a3f2f0a-6cf8-48a4-badc-7040f834ad3e" testId="66a434c9-72f4-0818-ae97-b65d921a1730" testName="ManagedCode.Storage.Tests.Storages.Azure.AzureBlobTests.ExistsAsync_IfFileDontExist_WithoutOptions_ShouldBeFalse" computerName="DESKTOP-LA5RDNV" duration="00:00:00.9199293" startTime="2023-10-19T21:55:23.9849202+03:00" endTime="2023-10-19T21:55:23.9849211+03:00" testType="13cdc9d9-ddb5-4fa4-a97d-d965ccfc6d4b" outcome="Passed" testListId="8c84fa94-04c1-424b-9868-57a2d4851a1d" relativeResultsDirectory="8a3f2f0a-6cf8-48a4-badc-7040f834ad3e" />
    <UnitTestResult executionId="b15322ea-a52e-4654-a84a-54fb7b58cb45" testId="965bcb29-0b3d-88b2-9f68-e95d36c1e908" testName="ManagedCode.Storage.Tests.Storages.GCS.GCSBlobTests.DeleteAsync_WithoutOptions_ShouldTrue" computerName="DESKTOP-LA5RDNV" duration="00:00:00.0992387" startTime="2023-10-19T21:55:00.2170569+03:00" endTime="2023-10-19T21:55:00.2170577+03:00" testType="13cdc9d9-ddb5-4fa4-a97d-d965ccfc6d4b" outcome="Passed" testListId="8c84fa94-04c1-424b-9868-57a2d4851a1d" relativeResultsDirectory="b15322ea-a52e-4654-a84a-54fb7b58cb45" />
    <UnitTestResult executionId="9cc234cf-b1e3-4302-b16d-dd9df870a788" testId="caf4b74e-c4ac-892d-a765-d303833ddc3c" testName="ManagedCode.Storage.Tests.Storages.Azure.AzureConfigTests.BadConfigurationForStorage_WithoutConnectionString_ThrowException" computerName="DESKTOP-LA5RDNV" duration="00:00:00.0064453" startTime="2023-10-19T21:54:38.6163338+03:00" endTime="2023-10-19T21:54:38.6163339+03:00" testType="13cdc9d9-ddb5-4fa4-a97d-d965ccfc6d4b" outcome="Passed" testListId="8c84fa94-04c1-424b-9868-57a2d4851a1d" relativeResultsDirectory="9cc234cf-b1e3-4302-b16d-dd9df870a788" />
    <UnitTestResult executionId="830199e9-ef61-4721-a605-a44df08e2296" testId="5d9cae71-25a7-0316-0f56-9a039e1f0e5a" testName="ManagedCode.Storage.Tests.Storages.Azure.AzureConfigTests.StorageAsDefaultTest" computerName="DESKTOP-LA5RDNV" duration="00:00:00.0922092" startTime="2023-10-19T21:54:38.6728854+03:00" endTime="2023-10-19T21:54:38.6728858+03:00" testType="13cdc9d9-ddb5-4fa4-a97d-d965ccfc6d4b" outcome="Passed" testListId="8c84fa94-04c1-424b-9868-57a2d4851a1d" relativeResultsDirectory="830199e9-ef61-4721-a605-a44df08e2296" />
    <UnitTestResult executionId="697d922e-6ede-49cf-afc0-2139dc7c11d0" testId="726a6bb7-4986-f6ad-e8a4-bd1650fdfb1a" testName="ManagedCode.Storage.Tests.Storages.FileSystem.FileSystemBlobTests.DeleteAsync_WithoutOptions_IfFileDontExist_ShouldFalse" computerName="DESKTOP-LA5RDNV" duration="00:00:00.0028896" startTime="2023-10-19T21:54:38.8986707+03:00" endTime="2023-10-19T21:54:38.8986713+03:00" testType="13cdc9d9-ddb5-4fa4-a97d-d965ccfc6d4b" outcome="Passed" testListId="8c84fa94-04c1-424b-9868-57a2d4851a1d" relativeResultsDirectory="697d922e-6ede-49cf-afc0-2139dc7c11d0" />
    <UnitTestResult executionId="7c109b61-75dc-4e66-8e8e-cb7f0de24378" testId="3ac2e8b8-a065-2e07-feab-c878619855c9" testName="ManagedCode.Storage.Tests.Storages.AWS.AWSBlobTests.ExistsAsync_IfFileDontExist_WithoutOptions_ShouldBeFalse" computerName="DESKTOP-LA5RDNV" duration="00:00:00.6728573" startTime="2023-10-19T21:54:56.2463341+03:00" endTime="2023-10-19T21:54:56.2463346+03:00" testType="13cdc9d9-ddb5-4fa4-a97d-d965ccfc6d4b" outcome="Passed" testListId="8c84fa94-04c1-424b-9868-57a2d4851a1d" relativeResultsDirectory="7c109b61-75dc-4e66-8e8e-cb7f0de24378" />
  </Results>
  <TestDefinitions>
    <UnitTest name="ManagedCode.Storage.Tests.Storages.FileSystem.FileSystemBlobTests.ExistsAsync_IfFileFileExistInAnotherDirectory_WithOptions_ShouldBeFalse" storage="d:\work projects\mc-storage\storage\managedcode.storage.tests\bin\debug\net7.0\managedcode.storage.tests.dll" id="5669888a-3c55-6d99-2a2b-3be7187d9581">
      <Execution id="543e56a2-e5c5-4797-b6a1-5824239b508c" />
      <TestMethod codeBase="D:\Work Projects\mc-storage\Storage\ManagedCode.Storage.Tests\bin\Debug\net7.0\ManagedCode.Storage.Tests.dll" adapterTypeName="executor://xunit/VsTestRunner2/netcoreapp" className="ManagedCode.Storage.Tests.Storages.FileSystem.FileSystemBlobTests" name="ExistsAsync_IfFileFileExistInAnotherDirectory_WithOptions_ShouldBeFalse" />
    </UnitTest>
    <UnitTest name="ManagedCode.Storage.Tests.Storages.AWS.AWSBlobTests.ExistsAsync_IfFileDontExist_WithoutOptions_ShouldBeFalse" storage="d:\work projects\mc-storage\storage\managedcode.storage.tests\bin\debug\net7.0\managedcode.storage.tests.dll" id="3ac2e8b8-a065-2e07-feab-c878619855c9">
      <Execution id="7c109b61-75dc-4e66-8e8e-cb7f0de24378" />
      <TestMethod codeBase="D:\Work Projects\mc-storage\Storage\ManagedCode.Storage.Tests\bin\Debug\net7.0\ManagedCode.Storage.Tests.dll" adapterTypeName="executor://xunit/VsTestRunner2/netcoreapp" className="ManagedCode.Storage.Tests.Storages.AWS.AWSBlobTests" name="ExistsAsync_IfFileDontExist_WithoutOptions_ShouldBeFalse" />
    </UnitTest>
    <UnitTest name="ManagedCode.Storage.Tests.Storages.AWS.AWSUploadTests.UploadAsync_AsStream_WithOptions_ToDirectory_SpecifyingFileName" storage="d:\work projects\mc-storage\storage\managedcode.storage.tests\bin\debug\net7.0\managedcode.storage.tests.dll" id="05501592-2fee-cfb2-4fe2-3f80e93767f1">
      <Execution id="78635e52-219f-4308-be8f-b7532888b04f" />
      <TestMethod codeBase="D:\Work Projects\mc-storage\Storage\ManagedCode.Storage.Tests\bin\Debug\net7.0\ManagedCode.Storage.Tests.dll" adapterTypeName="executor://xunit/VsTestRunner2/netcoreapp" className="ManagedCode.Storage.Tests.Storages.AWS.AWSUploadTests" name="UploadAsync_AsStream_WithOptions_ToDirectory_SpecifyingFileName" />
    </UnitTest>
    <UnitTest name="ManagedCode.Storage.Tests.Storages.FileSystem.FileSystemBlobTests.DeleteAsync_WithOptions_FromDirectory_ShouldTrue" storage="d:\work projects\mc-storage\storage\managedcode.storage.tests\bin\debug\net7.0\managedcode.storage.tests.dll" id="8d7d6598-12b2-76a0-e756-7eb9195a86e5">
      <Execution id="e1fb1ef3-17aa-4c71-8117-8b353e0ed4aa" />
      <TestMethod codeBase="D:\Work Projects\mc-storage\Storage\ManagedCode.Storage.Tests\bin\Debug\net7.0\ManagedCode.Storage.Tests.dll" adapterTypeName="executor://xunit/VsTestRunner2/netcoreapp" className="ManagedCode.Storage.Tests.Storages.FileSystem.FileSystemBlobTests" name="DeleteAsync_WithOptions_FromDirectory_ShouldTrue" />
    </UnitTest>
    <UnitTest name="ManagedCode.Storage.Tests.Storages.Azure.AzureUploadTests.UploadAsync_AsStream_WithoutOptions" storage="d:\work projects\mc-storage\storage\managedcode.storage.tests\bin\debug\net7.0\managedcode.storage.tests.dll" id="6d6b720a-14d3-dc66-7305-78440354b1b9">
      <Execution id="90b7d1eb-18b6-4f3c-b74f-b8096f8179ed" />
      <TestMethod codeBase="D:\Work Projects\mc-storage\Storage\ManagedCode.Storage.Tests\bin\Debug\net7.0\ManagedCode.Storage.Tests.dll" adapterTypeName="executor://xunit/VsTestRunner2/netcoreapp" className="ManagedCode.Storage.Tests.Storages.Azure.AzureUploadTests" name="UploadAsync_AsStream_WithoutOptions" />
    </UnitTest>
    <UnitTest name="ManagedCode.Storage.Tests.Storages.AWS.AWSContainerTests.GetFileListAsyncTest" storage="d:\work projects\mc-storage\storage\managedcode.storage.tests\bin\debug\net7.0\managedcode.storage.tests.dll" id="c968de67-5c54-4ed2-6a4d-a94cf53649be">
      <Execution id="4905a74f-6b20-4790-94cf-02333973e849" />
      <TestMethod codeBase="D:\Work Projects\mc-storage\Storage\ManagedCode.Storage.Tests\bin\Debug\net7.0\ManagedCode.Storage.Tests.dll" adapterTypeName="executor://xunit/VsTestRunner2/netcoreapp" className="ManagedCode.Storage.Tests.Storages.AWS.AWSContainerTests" name="GetFileListAsyncTest" />
    </UnitTest>
    <UnitTest name="ManagedCode.Storage.Tests.Storages.GCS.GCSUploadTests.UploadAsync_AsArray_WithOptions_ToDirectory_SpecifyingFileName" storage="d:\work projects\mc-storage\storage\managedcode.storage.tests\bin\debug\net7.0\managedcode.storage.tests.dll" id="3a75a696-4218-deaf-41ce-4ae8d55f9efc">
      <Execution id="60f9acf1-262a-4d93-bd95-3686634af68b" />
      <TestMethod codeBase="D:\Work Projects\mc-storage\Storage\ManagedCode.Storage.Tests\bin\Debug\net7.0\ManagedCode.Storage.Tests.dll" adapterTypeName="executor://xunit/VsTestRunner2/netcoreapp" className="ManagedCode.Storage.Tests.Storages.GCS.GCSUploadTests" name="UploadAsync_AsArray_WithOptions_ToDirectory_SpecifyingFileName" />
    </UnitTest>
    <UnitTest name="ManagedCode.Storage.Tests.Storages.AWS.AWSContainerTests.DeleteDirectory_ShouldBeSuccess" storage="d:\work projects\mc-storage\storage\managedcode.storage.tests\bin\debug\net7.0\managedcode.storage.tests.dll" id="25fd3a48-dd0f-5aa0-0230-40c4b9a263d8">
      <Execution id="f58adc34-79fd-4a5b-8793-6e65f8744e5a" />
      <TestMethod codeBase="D:\Work Projects\mc-storage\Storage\ManagedCode.Storage.Tests\bin\Debug\net7.0\ManagedCode.Storage.Tests.dll" adapterTypeName="executor://xunit/VsTestRunner2/netcoreapp" className="ManagedCode.Storage.Tests.Storages.AWS.AWSContainerTests" name="DeleteDirectory_ShouldBeSuccess" />
    </UnitTest>
    <UnitTest name="ManagedCode.Storage.Tests.Storages.Azure.AzureBlobTests.GetBlobListAsync_WithoutOptions" storage="d:\work projects\mc-storage\storage\managedcode.storage.tests\bin\debug\net7.0\managedcode.storage.tests.dll" id="f9b127a3-95c9-7653-ed24-7ef33470eec3">
      <Execution id="f8cfc9be-d6ac-4bba-9bf8-4ba03cf964ca" />
      <TestMethod codeBase="D:\Work Projects\mc-storage\Storage\ManagedCode.Storage.Tests\bin\Debug\net7.0\ManagedCode.Storage.Tests.dll" adapterTypeName="executor://xunit/VsTestRunner2/netcoreapp" className="ManagedCode.Storage.Tests.Storages.Azure.AzureBlobTests" name="GetBlobListAsync_WithoutOptions" />
    </UnitTest>
    <UnitTest name="ManagedCode.Storage.Tests.Storages.FileSystem.FileSystemTests.StorageAsDefaultTest" storage="d:\work projects\mc-storage\storage\managedcode.storage.tests\bin\debug\net7.0\managedcode.storage.tests.dll" id="05784e62-215c-bcf0-54ce-8296e68a33f3">
      <Execution id="71a77447-112b-47f3-a4db-d2bf4cb1bcae" />
      <TestMethod codeBase="D:\Work Projects\mc-storage\Storage\ManagedCode.Storage.Tests\bin\Debug\net7.0\ManagedCode.Storage.Tests.dll" adapterTypeName="executor://xunit/VsTestRunner2/netcoreapp" className="ManagedCode.Storage.Tests.Storages.FileSystem.FileSystemTests" name="StorageAsDefaultTest" />
    </UnitTest>
    <UnitTest name="ManagedCode.Storage.Tests.Storages.Azure.AzureContainerTests.RemoveContainer_ShouldBeSuccess" storage="d:\work projects\mc-storage\storage\managedcode.storage.tests\bin\debug\net7.0\managedcode.storage.tests.dll" id="ce96639d-e178-24a6-aae3-a21aa1b5053f">
      <Execution id="866b4b96-c597-4f57-8bfb-73fac8939d2b" />
      <TestMethod codeBase="D:\Work Projects\mc-storage\Storage\ManagedCode.Storage.Tests\bin\Debug\net7.0\ManagedCode.Storage.Tests.dll" adapterTypeName="executor://xunit/VsTestRunner2/netcoreapp" className="ManagedCode.Storage.Tests.Storages.Azure.AzureContainerTests" name="RemoveContainer_ShouldBeSuccess" />
    </UnitTest>
    <UnitTest name="ManagedCode.Storage.Tests.Storages.GCS.GCSContainerTests.CreateContainerAsync" storage="d:\work projects\mc-storage\storage\managedcode.storage.tests\bin\debug\net7.0\managedcode.storage.tests.dll" id="fb063ce9-0353-e039-ce83-d29662822e5c">
      <Execution id="df20692d-8b48-4964-a2d9-3f46d3cb074a" />
      <TestMethod codeBase="D:\Work Projects\mc-storage\Storage\ManagedCode.Storage.Tests\bin\Debug\net7.0\ManagedCode.Storage.Tests.dll" adapterTypeName="executor://xunit/VsTestRunner2/netcoreapp" className="ManagedCode.Storage.Tests.Storages.GCS.GCSContainerTests" name="CreateContainerAsync" />
    </UnitTest>
    <UnitTest name="ManagedCode.Storage.Tests.Storages.AWS.AWSUploadTests.ArrayUploadAsyncTest" storage="d:\work projects\mc-storage\storage\managedcode.storage.tests\bin\debug\net7.0\managedcode.storage.tests.dll" id="0bb0356a-b872-0050-acf5-382262af04c3">
      <Execution id="471105f9-56c5-4169-b6cc-74759f189b96" />
      <TestMethod codeBase="D:\Work Projects\mc-storage\Storage\ManagedCode.Storage.Tests\bin\Debug\net7.0\ManagedCode.Storage.Tests.dll" adapterTypeName="executor://xunit/VsTestRunner2/netcoreapp" className="ManagedCode.Storage.Tests.Storages.AWS.AWSUploadTests" name="ArrayUploadAsyncTest" />
    </UnitTest>
    <UnitTest name="ManagedCode.Storage.Tests.Storages.AWS.AWSBlobTests.DeleteAsync_WithOptions_FromDirectory_ShouldTrue" storage="d:\work projects\mc-storage\storage\managedcode.storage.tests\bin\debug\net7.0\managedcode.storage.tests.dll" id="3a1be61b-8703-fb22-5bcd-61531990b915">
      <Execution id="7387449a-3ac5-4d1a-a65f-f65a26f7cb36" />
      <TestMethod codeBase="D:\Work Projects\mc-storage\Storage\ManagedCode.Storage.Tests\bin\Debug\net7.0\ManagedCode.Storage.Tests.dll" adapterTypeName="executor://xunit/VsTestRunner2/netcoreapp" className="ManagedCode.Storage.Tests.Storages.AWS.AWSBlobTests" name="DeleteAsync_WithOptions_FromDirectory_ShouldTrue" />
    </UnitTest>
    <UnitTest name="ManagedCode.Storage.Tests.Storages.GCS.GCSBlobTests.GetBlobListAsync_WithoutOptions" storage="d:\work projects\mc-storage\storage\managedcode.storage.tests\bin\debug\net7.0\managedcode.storage.tests.dll" id="a8fd5f87-07fe-cef7-3d16-0d5e3119a6b6">
      <Execution id="aa40b558-d763-49e6-a840-4e59e5f07415" />
      <TestMethod codeBase="D:\Work Projects\mc-storage\Storage\ManagedCode.Storage.Tests\bin\Debug\net7.0\ManagedCode.Storage.Tests.dll" adapterTypeName="executor://xunit/VsTestRunner2/netcoreapp" className="ManagedCode.Storage.Tests.Storages.GCS.GCSBlobTests" name="GetBlobListAsync_WithoutOptions" />
    </UnitTest>
    <UnitTest name="ManagedCode.Storage.Tests.Storages.AWS.AWSUploadTests.StreamUploadAsyncTest" storage="d:\work projects\mc-storage\storage\managedcode.storage.tests\bin\debug\net7.0\managedcode.storage.tests.dll" id="701e3889-a972-c97c-ab28-7fac79f4c325">
      <Execution id="7cb4089e-3f67-49ac-ab4a-04a5aa6c23da" />
      <TestMethod codeBase="D:\Work Projects\mc-storage\Storage\ManagedCode.Storage.Tests\bin\Debug\net7.0\ManagedCode.Storage.Tests.dll" adapterTypeName="executor://xunit/VsTestRunner2/netcoreapp" className="ManagedCode.Storage.Tests.Storages.AWS.AWSUploadTests" name="StreamUploadAsyncTest" />
    </UnitTest>
    <UnitTest name="ManagedCode.Storage.Tests.Storages.Azure.AzureUploadTests.UploadAsync_AsStream_WithOptions_ToDirectory_SpecifyingFileName" storage="d:\work projects\mc-storage\storage\managedcode.storage.tests\bin\debug\net7.0\managedcode.storage.tests.dll" id="23091cd2-5e22-924c-38e0-906e46f1fe84">
      <Execution id="57184ecf-8c47-424a-9db4-d19eb70cc62c" />
      <TestMethod codeBase="D:\Work Projects\mc-storage\Storage\ManagedCode.Storage.Tests\bin\Debug\net7.0\ManagedCode.Storage.Tests.dll" adapterTypeName="executor://xunit/VsTestRunner2/netcoreapp" className="ManagedCode.Storage.Tests.Storages.Azure.AzureUploadTests" name="UploadAsync_AsStream_WithOptions_ToDirectory_SpecifyingFileName" />
    </UnitTest>
    <UnitTest name="ManagedCode.Storage.Tests.Storages.AWS.AWSContainerTests.CreateContainerAsync" storage="d:\work projects\mc-storage\storage\managedcode.storage.tests\bin\debug\net7.0\managedcode.storage.tests.dll" id="5b4c9c1e-3720-02a7-4f86-60820e4fcdd6">
      <Execution id="30398e68-cdf9-4f2c-85dc-7c0d209827a7" />
      <TestMethod codeBase="D:\Work Projects\mc-storage\Storage\ManagedCode.Storage.Tests\bin\Debug\net7.0\ManagedCode.Storage.Tests.dll" adapterTypeName="executor://xunit/VsTestRunner2/netcoreapp" className="ManagedCode.Storage.Tests.Storages.AWS.AWSContainerTests" name="CreateContainerAsync" />
    </UnitTest>
    <UnitTest name="ManagedCode.Storage.Tests.Storages.FileSystem.FileSystemUploadTests.StringUploadAsyncTest" storage="d:\work projects\mc-storage\storage\managedcode.storage.tests\bin\debug\net7.0\managedcode.storage.tests.dll" id="dcda06c5-ada7-a0ac-ac42-5fa04d71bfc2">
      <Execution id="f60d8ad2-569e-4c95-ac06-c5d017f02b89" />
      <TestMethod codeBase="D:\Work Projects\mc-storage\Storage\ManagedCode.Storage.Tests\bin\Debug\net7.0\ManagedCode.Storage.Tests.dll" adapterTypeName="executor://xunit/VsTestRunner2/netcoreapp" className="ManagedCode.Storage.Tests.Storages.FileSystem.FileSystemUploadTests" name="StringUploadAsyncTest" />
    </UnitTest>
    <UnitTest name="ManagedCode.Storage.Tests.Storages.FileSystem.FileSystemContainerTests.RemoveContainer_ShouldBeSuccess" storage="d:\work projects\mc-storage\storage\managedcode.storage.tests\bin\debug\net7.0\managedcode.storage.tests.dll" id="22892a63-735f-078a-870e-31ba00badc33">
      <Execution id="e4473a8e-54b2-4ac9-a080-95aac1fa7a27" />
      <TestMethod codeBase="D:\Work Projects\mc-storage\Storage\ManagedCode.Storage.Tests\bin\Debug\net7.0\ManagedCode.Storage.Tests.dll" adapterTypeName="executor://xunit/VsTestRunner2/netcoreapp" className="ManagedCode.Storage.Tests.Storages.FileSystem.FileSystemContainerTests" name="RemoveContainer_ShouldBeSuccess" />
    </UnitTest>
    <UnitTest name="ManagedCode.Storage.Tests.Storages.Azure.AzureDownloadTests.DownloadAsync_WithoutOptions_AsLocalFile" storage="d:\work projects\mc-storage\storage\managedcode.storage.tests\bin\debug\net7.0\managedcode.storage.tests.dll" id="f82a416f-2303-b77f-211f-774352fbcb5f">
      <Execution id="48c78b89-4a0b-40fb-9586-707d40b6ef42" />
      <TestMethod codeBase="D:\Work Projects\mc-storage\Storage\ManagedCode.Storage.Tests\bin\Debug\net7.0\ManagedCode.Storage.Tests.dll" adapterTypeName="executor://xunit/VsTestRunner2/netcoreapp" className="ManagedCode.Storage.Tests.Storages.Azure.AzureDownloadTests" name="DownloadAsync_WithoutOptions_AsLocalFile" />
    </UnitTest>
    <UnitTest name="ManagedCode.Storage.Tests.Storages.Azure.AzureUploadTests.FileInfoUploadAsyncTest" storage="d:\work projects\mc-storage\storage\managedcode.storage.tests\bin\debug\net7.0\managedcode.storage.tests.dll" id="1a59b7a3-5d1b-0833-b544-5cc233506f74">
      <Execution id="9aabeaac-1f2f-4f18-a64f-9cdfe00b06f8" />
      <TestMethod codeBase="D:\Work Projects\mc-storage\Storage\ManagedCode.Storage.Tests\bin\Debug\net7.0\ManagedCode.Storage.Tests.dll" adapterTypeName="executor://xunit/VsTestRunner2/netcoreapp" className="ManagedCode.Storage.Tests.Storages.Azure.AzureUploadTests" name="FileInfoUploadAsyncTest" />
    </UnitTest>
    <UnitTest name="ManagedCode.Storage.Tests.Storages.Azure.AzureBlobTests.GetBlobMetadataAsync_ShouldBeTrue" storage="d:\work projects\mc-storage\storage\managedcode.storage.tests\bin\debug\net7.0\managedcode.storage.tests.dll" id="3092d3d8-90f0-caf6-068b-27efd7f526c8">
      <Execution id="4500cdb5-9084-4091-979f-a6d6f805bd37" />
      <TestMethod codeBase="D:\Work Projects\mc-storage\Storage\ManagedCode.Storage.Tests\bin\Debug\net7.0\ManagedCode.Storage.Tests.dll" adapterTypeName="executor://xunit/VsTestRunner2/netcoreapp" className="ManagedCode.Storage.Tests.Storages.Azure.AzureBlobTests" name="GetBlobMetadataAsync_ShouldBeTrue" />
    </UnitTest>
[...]
    </UnitTest>
  </TestDefinitions>
  <TestEntries>
    <TestEntry testId="fb063ce9-0353-e039-ce83-d29662822e5c" executionId="df20692d-8b48-4964-a2d9-3f46d3cb074a" testListId="8c84fa94-04c1-424b-9868-57a2d4851a1d" />
    <TestEntry testId="ad8cb1e4-f472-e47b-9475-95eb70f3c5a4" executionId="e6c96e75-31b8-400f-bdb1-336da599ba72" testListId="8c84fa94-04c1-424b-9868-57a2d4851a1d" />
    <TestEntry testId="02e1df28-e955-db4e-c4f8-a4ba60c914c7" executionId="8f8a81bb-397d-496d-b63a-e9727fd3635e" testListId="8c84fa94-04c1-424b-9868-57a2d4851a1d" />
    <TestEntry testId="6d6b720a-14d3-dc66-7305-78440354b1b9" executionId="90b7d1eb-18b6-4f3c-b74f-b8096f8179ed" testListId="8c84fa94-04c1-424b-9868-57a2d4851a1d" />
    <TestEntry testId="28e0e78e-3409-756c-a065-d06ff9691ab2" executionId="18a81225-6267-4651-8db9-bfa56ef33667" testListId="8c84fa94-04c1-424b-9868-57a2d4851a1d" />
    <TestEntry testId="fbeabd6c-5b81-31a6-f50a-ba19d34dec16" executionId="eed68346-0e20-48a0-b39d-9344c2ee5ccf" testListId="8c84fa94-04c1-424b-9868-57a2d4851a1d" />
    <TestEntry testId="4f3224d3-22c1-ea03-bc23-bc4eab716587" executionId="57a96b26-ac6b-468f-8754-ba03ab3716f7" testListId="8c84fa94-04c1-424b-9868-57a2d4851a1d" />
    <TestEntry testId="d1013bd7-480e-7815-ef17-49ed53a7e785" executionId="8f9814d7-da3d-4249-ad43-f49479e967ed" testListId="8c84fa94-04c1-424b-9868-57a2d4851a1d" />
    <TestEntry testId="ce45e04d-1aa5-6da3-3f40-8a4e6afbb166" executionId="71e453ba-6662-490a-948c-5d96f4cccc47" testListId="8c84fa94-04c1-424b-9868-57a2d4851a1d" />
    <TestEntry testId="1a59b7a3-5d1b-0833-b544-5cc233506f74" executionId="9aabeaac-1f2f-4f18-a64f-9cdfe00b06f8" testListId="8c84fa94-04c1-424b-9868-57a2d4851a1d" />
    <TestEntry testId="c7e9c92e-ac10-0c6f-a708-caabbb3eed45" executionId="110aeeb6-60fb-4452-9fca-cc0ef6c3cd2c" testListId="8c84fa94-04c1-424b-9868-57a2d4851a1d" />
    <TestEntry testId="18888faf-52eb-8cce-2840-8cb1c7fc966f" executionId="0bed7071-5400-4985-ac42-10d836cd3751" testListId="8c84fa94-04c1-424b-9868-57a2d4851a1d" />
    <TestEntry testId="0b24ddfc-5751-00a4-b7eb-5ce88face95c" executionId="8e47d6a6-32f4-4714-b949-a569dfb6e0ff" testListId="8c84fa94-04c1-424b-9868-57a2d4851a1d" />
    <TestEntry testId="759973c1-d9b9-5f98-8ae4-6ce17a65b1cc" executionId="a8661dca-f8c5-491f-b1a8-6e9a2062d721" testListId="8c84fa94-04c1-424b-9868-57a2d4851a1d" />
    <TestEntry testId="4d888c34-6576-8452-b855-c5c1e07e4a54" executionId="961d4a9f-a0e6-4e0c-8ccd-9e675523e4d8" testListId="8c84fa94-04c1-424b-9868-57a2d4851a1d" />
    <TestEntry testId="0bb0356a-b872-0050-acf5-382262af04c3" executionId="471105f9-56c5-4169-b6cc-74759f189b96" testListId="8c84fa94-04c1-424b-9868-57a2d4851a1d" />
    <TestEntry testId="97e8fc46-fec4-0e96-d243-93cea979b666" executionId="8ac8cb86-d7e8-483e-a95a-5b2f15a5cef6" testListId="8c84fa94-04c1-424b-9868-57a2d4851a1d" />
    <TestEntry testId="46a557ef-1de2-1e4c-6723-a74b4510bac8" executionId="f6247713-84d4-426d-a62d-7ad4cb0503dd" testListId="8c84fa94-04c1-424b-9868-57a2d4851a1d" />
    <TestEntry testId="f4c4276b-71ff-fbcc-a74e-04e1d7dabe83" executionId="83a64d1b-ac3d-43fb-8f04-90df7dd542fd" testListId="8c84fa94-04c1-424b-9868-57a2d4851a1d" />
    <TestEntry testId="e8cfcb3a-5182-5f91-8498-9b7b41c9d2e0" executionId="2d847e82-23d8-4502-9659-b28e644de646" testListId="8c84fa94-04c1-424b-9868-57a2d4851a1d" />
    <TestEntry testId="57b765e9-e5f6-5d33-8dae-195db013dd58" executionId="e496dd7c-3f19-441a-aba4-f7a35f60d766" testListId="8c84fa94-04c1-424b-9868-57a2d4851a1d" />
    <TestEntry testId="89923b44-7836-dd70-4dc3-65e0b7322aa1" executionId="5bd8ec47-9580-4230-86c1-6d126b63fa18" testListId="8c84fa94-04c1-424b-9868-57a2d4851a1d" />
    <TestEntry testId="d8479eb6-8a45-8a67-3de5-637713e29f33" executionId="87b6ed5a-ca53-4226-af58-0f91d3ce076b" testListId="8c84fa94-04c1-424b-9868-57a2d4851a1d" />
    <TestEntry testId="32f34b04-d888-8574-f829-80472487f95b" executionId="62b21d14-a8c6-4173-9230-68fe64b0fe51" testListId="8c84fa94-04c1-424b-9868-57a2d4851a1d" />
    <TestEntry testId="337cac69-c737-4742-a043-6ebc890486e6" executionId="a88a01de-ff47-445f-94f8-8cd9483a7c50" testListId="8c84fa94-04c1-424b-9868-57a2d4851a1d" />
    <TestEntry testId="7900f381-3943-e01b-17a1-a14f7cf681ea" executionId="06ea98a0-7efd-48a4-86ef-be66af348ab3" testListId="8c84fa94-04c1-424b-9868-57a2d4851a1d" />
    <TestEntry testId="4a8d5858-41af-eeab-c8e7-1e087aa91f58" executionId="b2e06cc4-f685-409c-a075-3cff17586ea5" testListId="8c84fa94-04c1-424b-9868-57a2d4851a1d" />
    <TestEntry testId="52af5cfb-03e7-6e72-08c2-0a8508e001a0" executionId="db960280-bc7b-40a3-bdb7-15c386f925c7" testListId="8c84fa94-04c1-424b-9868-57a2d4851a1d" />
    <TestEntry testId="3deeeda2-2738-bfde-ccea-c55699f01bd0" executionId="4a52ae90-5b67-44e1-aaea-8cd6be2ceea7" testListId="8c84fa94-04c1-424b-9868-57a2d4851a1d" />
    <TestEntry testId="a1ff558e-7dd7-f323-4a7e-ab07947a6913" executionId="edc92d28-b8a0-482f-ab85-9bc6f5e5c53a" testListId="8c84fa94-04c1-424b-9868-57a2d4851a1d" />
    <TestEntry testId="b4faed97-0319-fe74-ffa6-0ef4da6f053e" executionId="631a3ecf-baf9-4570-a64d-9097ddea6820" testListId="8c84fa94-04c1-424b-9868-57a2d4851a1d" />
    <TestEntry testId="79383574-2161-a35b-ad79-6c34ecf31348" executionId="9e3b2963-8fbe-453c-9c3b-d70a28fead47" testListId="8c84fa94-04c1-424b-9868-57a2d4851a1d" />
    <TestEntry testId="69b51dd6-f6bc-a061-19cb-8be167e79986" executionId="c6740302-6731-4e42-a10c-9e22c4e17dbc" testListId="8c84fa94-04c1-424b-9868-57a2d4851a1d" />
    <TestEntry testId="95d1c404-ce80-7355-fc6f-d65fc5dc0e2b" executionId="664e8def-f271-46ed-8d79-723d651f856c" testListId="8c84fa94-04c1-424b-9868-57a2d4851a1d" />
    <TestEntry testId="28da485b-928f-9b9b-65b1-2d06bbc13a08" executionId="a3c4179c-675d-497c-86d9-0e4a7ec0a70d" testListId="8c84fa94-04c1-424b-9868-57a2d4851a1d" />
    <TestEntry testId="bd6cfe2b-8995-8ad5-2171-c2230b3f14cc" executionId="e753e06a-4632-45d0-bb5d-12ff7d44e03e" testListId="8c84fa94-04c1-424b-9868-57a2d4851a1d" />
    <TestEntry testId="5bf2f6e9-b8c0-48bd-5508-b0de1e29f85f" executionId="13e2bc2d-5801-4d0b-8066-e9071ce21aa4" testListId="8c84fa94-04c1-424b-9868-57a2d4851a1d" />
    <TestEntry testId="188b4a63-83e0-898c-e523-b4dda1a0a572" executionId="6911f0d6-f71b-4f98-b06d-60f05c7bf3ac" testListId="8c84fa94-04c1-424b-9868-57a2d4851a1d" />
    <TestEntry testId="fcacc184-1de6-3760-b250-5d8607117857" executionId="a99cd1c1-66ea-43f5-8cac-6c6e9b60f4eb" testListId="8c84fa94-04c1-424b-9868-57a2d4851a1d" />
    <TestEntry testId="504759ca-3408-1dae-4aee-00c9f808cc79" executionId="d79d5793-1acd-4e92-b9c1-ccb0e8ed18d7" testListId="8c84fa94-04c1-424b-9868-57a2d4851a1d" />
    <TestEntry testId="ce96639d-e178-24a6-aae3-a21aa1b5053f" executionId="866b4b96-c597-4f57-8bfb-73fac8939d2b" testListId="8c84fa94-04c1-424b-9868-57a2d4851a1d" />
    <TestEntry testId="a26e55bc-ed76-d51e-2a55-2343def546f8" executionId="8b2d417a-165c-4361-a79b-671566d94d82" testListId="8c84fa94-04c1-424b-9868-57a2d4851a1d" />
    <TestEntry testId="cb60b850-2fe1-1b24-7fd3-299f7021e38a" executionId="adc97d72-4172-43d9-86aa-f0c3cfe6da5d" testListId="8c84fa94-04c1-424b-9868-57a2d4851a1d" />
    <TestEntry testId="fda70fa8-2b1c-2466-45e6-1a87a6c14e15" executionId="43af56a2-6aec-4d33-8d1b-51ba906e9ee2" testListId="8c84fa94-04c1-424b-9868-57a2d4851a1d" />
    <TestEntry testId="cd91239c-d72e-ba6a-c51a-0f3af84125f9" executionId="92e4d034-344b-4d7a-89ba-4fad751e7a7d" testListId="8c84fa94-04c1-424b-9868-57a2d4851a1d" />
    <TestEntry testId="f82a416f-2303-b77f-211f-774352fbcb5f" executionId="48c78b89-4a0b-40fb-9586-707d40b6ef42" testListId="8c84fa94-04c1-424b-9868-57a2d4851a1d" />
    <TestEntry testId="65536c0f-ecd1-3506-7671-8658e87c90b3" executionId="e7a0f824-df0a-4471-be41-b24ba15f02f6" testListId="8c84fa94-04c1-424b-9868-57a2d4851a1d" />
    <TestEntry testId="e6a12142-6900-16ce-d7c9-0bed05accd07" executionId="11818ea3-37aa-4bec-8166-22b54c28e987" testListId="8c84fa94-04c1-424b-9868-57a2d4851a1d" />
    <TestEntry testId="13383156-235b-4be5-8305-48b481bebe31" executionId="6e16cb6a-290e-4980-ba91-e2d743af73c6" testListId="8c84fa94-04c1-424b-9868-57a2d4851a1d" />
    <TestEntry testId="1880b568-7115-9f37-fb14-278d9611070d" executionId="cd6ff7ba-9889-42f9-b396-14db94516f02" testListId="8c84fa94-04c1-424b-9868-57a2d4851a1d" />
    <TestEntry testId="3092d3d8-90f0-caf6-068b-27efd7f526c8" executionId="4500cdb5-9084-4091-979f-a6d6f805bd37" testListId="8c84fa94-04c1-424b-9868-57a2d4851a1d" />
    <TestEntry testId="a07299d6-8d03-b435-9fcd-087fd5a8ef11" executionId="390cb60a-1eac-4770-9798-606e52978cfe" testListId="8c84fa94-04c1-424b-9868-57a2d4851a1d" />
    <TestEntry testId="ad183f6c-9ecb-918f-9e9c-5397ab7a00e4" executionId="6157ca5c-f6b9-4fe7-8e6c-44024c31d9a1" testListId="8c84fa94-04c1-424b-9868-57a2d4851a1d" />
    <TestEntry testId="0a0200c0-24ec-e700-f10f-1d60b0c1438e" executionId="733c457a-aad1-4a43-b028-f57f20a4a02e" testListId="8c84fa94-04c1-424b-9868-57a2d4851a1d" />
    <TestEntry testId="d632ec89-ed79-6095-2612-d1c6586a57a7" executionId="55ca0979-d73a-42dd-b6a5-9a73c0cbd185" testListId="8c84fa94-04c1-424b-9868-57a2d4851a1d" />
    <TestEntry testId="5b4c9c1e-3720-02a7-4f86-60820e4fcdd6" executionId="30398e68-cdf9-4f2c-85dc-7c0d209827a7" testListId="8c84fa94-04c1-424b-9868-57a2d4851a1d" />
    <TestEntry testId="5eadc135-e8d8-c07d-0e57-58adf7485b31" executionId="45f94df3-8d7d-4a92-b3d2-040fad2535c9" testListId="8c84fa94-04c1-424b-9868-57a2d4851a1d" />
    <TestEntry testId="05ee5f3d-142b-f299-eb46-d8a059c6fe82" executionId="56a1cde6-ce84-4e32-a116-36f1729e6164" testListId="8c84fa94-04c1-424b-9868-57a2d4851a1d" />
    <TestEntry testId="3a1be61b-8703-fb22-5bcd-61531990b915" executionId="7387449a-3ac5-4d1a-a65f-f65a26f7cb36" testListId="8c84fa94-04c1-424b-9868-57a2d4851a1d" />
    <TestEntry testId="a4a868a2-3f01-93c8-fd0b-717ddd16cab3" executionId="a39713d6-ea40-4a7a-a9c3-0d45b9d1b24a" testListId="8c84fa94-04c1-424b-9868-57a2d4851a1d" />
    <TestEntry testId="08f0ed62-683f-bc98-63de-37514a2c3f39" executionId="cab6802a-15d6-4db4-811a-889fd685b1ca" testListId="8c84fa94-04c1-424b-9868-57a2d4851a1d" />
    <TestEntry testId="23091cd2-5e22-924c-38e0-906e46f1fe84" executionId="57184ecf-8c47-424a-9db4-d19eb70cc62c" testListId="8c84fa94-04c1-424b-9868-57a2d4851a1d" />
    <TestEntry testId="1945a068-117b-c15a-86e7-022b8441709f" executionId="d03fbb59-e0a4-45d3-a815-4598907ad098" testListId="8c84fa94-04c1-424b-9868-57a2d4851a1d" />
    <TestEntry testId="53e86995-373d-f410-5f48-c1d4217d0fd4" executionId="a1ad4b2e-78de-459c-9267-6b266451cbc5" testListId="8c84fa94-04c1-424b-9868-57a2d4851a1d" />
    <TestEntry testId="9641c5ee-3dfd-8491-e27e-ec8bc7b4bb4a" executionId="f11ad8c9-43fe-478e-b983-789a87fbb895" testListId="8c84fa94-04c1-424b-9868-57a2d4851a1d" />
    <TestEntry testId="27900f7f-fb24-c161-700f-f4fbaf7ed5a5" executionId="416cc412-9fec-43de-8ce8-9ebdfd5f29a2" testListId="8c84fa94-04c1-424b-9868-57a2d4851a1d" />
    <TestEntry testId="ce72e91b-ffea-fcf1-485d-7e02f14c820b" executionId="fc96f8cb-5524-4cc0-9a6a-1fbd53336a42" testListId="8c84fa94-04c1-424b-9868-57a2d4851a1d" />
    <TestEntry testId="64286839-488d-f1d1-8891-79afdfcb73fe" executionId="cdc6c371-74ba-4f4d-b2c4-ecd914076263" testListId="8c84fa94-04c1-424b-9868-57a2d4851a1d" />
    <TestEntry testId="f76d422d-2e11-2aba-b3e8-f02cb3d068b6" executionId="3044d041-c70d-47af-a16a-bdaea39bf977" testListId="8c84fa94-04c1-424b-9868-57a2d4851a1d" />
    <TestEntry testId="6b260949-397f-f73c-9e71-5b308f04c076" executionId="5f6c6ec6-3971-4823-a1d0-cd50d6b19d8c" testListId="8c84fa94-04c1-424b-9868-57a2d4851a1d" />
    <TestEntry testId="2b17e950-db57-36c4-8ff8-17c7da227be1" executionId="e916e30a-3b2c-4408-a27a-12f9c16ca980" testListId="8c84fa94-04c1-424b-9868-57a2d4851a1d" />
    <TestEntry testId="46838f6f-e9b2-bb24-4e6f-952cedb5ee72" executionId="3377f2a3-da9c-45d0-8681-11dd51222522" testListId="8c84fa94-04c1-424b-9868-57a2d4851a1d" />
    <TestEntry testId="e6e5d5b5-26ea-40fb-b031-94dc053a14be" executionId="b15f79b6-bed5-4807-b331-c235f0d478ca" testListId="8c84fa94-04c1-424b-9868-57a2d4851a1d" />
    <TestEntry testId="609ef543-c3fc-38d0-3b5f-c28e4dc5c822" executionId="525db908-1e83-40f0-9784-1f9c3d560a93" testListId="8c84fa94-04c1-424b-9868-57a2d4851a1d" />
    <TestEntry testId="a8fd5f87-07fe-cef7-3d16-0d5e3119a6b6" executionId="aa40b558-d763-49e6-a840-4e59e5f07415" testListId="8c84fa94-04c1-424b-9868-57a2d4851a1d" />
    <TestEntry testId="05784e62-215c-bcf0-54ce-8296e68a33f3" executionId="71a77447-112b-47f3-a4db-d2bf4cb1bcae" testListId="8c84fa94-04c1-424b-9868-57a2d4851a1d" />
    <TestEntry testId="c76cc66a-ee58-1bbe-6f4f-572562b7cd28" executionId="e15d09ff-143d-4a48-b593-76489de0ef35" testListId="8c84fa94-04c1-424b-9868-57a2d4851a1d" />
    <TestEntry testId="3a75a696-4218-deaf-41ce-4ae8d55f9efc" executionId="60f9acf1-262a-4d93-bd95-3686634af68b" testListId="8c84fa94-04c1-424b-9868-57a2d4851a1d" />
    <TestEntry testId="3277ef31-e659-78fb-a711-90d2d56bcf11" executionId="dba5b690-8f02-4004-a458-109a52c90ad0" testListId="8c84fa94-04c1-424b-9868-57a2d4851a1d" />
    <TestEntry testId="fa37bfab-f824-7857-f05f-f9e8a7df9868" executionId="d3ea3145-317e-425b-a79d-ebc674ab32c0" testListId="8c84fa94-04c1-424b-9868-57a2d4851a1d" />
    <TestEntry testId="d98176d1-4413-6b4e-e3c0-b3edd5279bce" executionId="36eaad23-fc4c-41f7-ab3b-20cc2296444c" testListId="8c84fa94-04c1-424b-9868-57a2d4851a1d" />
    <TestEntry testId="4834df0b-fd30-6283-6cf3-58f288826c87" executionId="57ef2ded-8e96-41cd-a49e-ed976b6d3412" testListId="8c84fa94-04c1-424b-9868-57a2d4851a1d" />
    <TestEntry testId="5669888a-3c55-6d99-2a2b-3be7187d9581" executionId="543e56a2-e5c5-4797-b6a1-5824239b508c" testListId="8c84fa94-04c1-424b-9868-57a2d4851a1d" />
    <TestEntry testId="7557f32d-a1e5-ede0-c36c-6076b6860749" executionId="b706865f-0bd4-44d2-80ce-d0b310c468be" testListId="8c84fa94-04c1-424b-9868-57a2d4851a1d" />
    <TestEntry testId="17717ba8-eefd-1edf-5a66-1b62bf24fc7f" executionId="fd9229a0-0255-40ed-8265-e7e9201c8e29" testListId="8c84fa94-04c1-424b-9868-57a2d4851a1d" />
    <TestEntry testId="701e3889-a972-c97c-ab28-7fac79f4c325" executionId="7cb4089e-3f67-49ac-ab4a-04a5aa6c23da" testListId="8c84fa94-04c1-424b-9868-57a2d4851a1d" />
    <TestEntry testId="aa89d4e3-e1ee-1726-c384-86ab4d16e2ab" executionId="3cc72583-dc47-4bf7-a922-ce45c1f6dac2" testListId="8c84fa94-04c1-424b-9868-57a2d4851a1d" />
    <TestEntry testId="dcda06c5-ada7-a0ac-ac42-5fa04d71bfc2" executionId="f60d8ad2-569e-4c95-ac06-c5d017f02b89" testListId="8c84fa94-04c1-424b-9868-57a2d4851a1d" />
    <TestEntry testId="faa412ef-9bcc-ba9f-d372-d7f2d195260f" executionId="031ae121-f242-4d17-b992-4dd71681f789" testListId="8c84fa94-04c1-424b-9868-57a2d4851a1d" />
    <TestEntry testId="667c2aaf-d666-b0d4-706e-501829725225" executionId="0d9b2106-5bca-4150-8ee4-cc3ec8ad560e" testListId="8c84fa94-04c1-424b-9868-57a2d4851a1d" />
    <TestEntry testId="9861c431-a27a-7beb-d5f8-b138b1870d0d" executionId="cdbccf5b-707b-46ef-b765-ed051f7b1db9" testListId="8c84fa94-04c1-424b-9868-57a2d4851a1d" />
    <TestEntry testId="3b47cb40-df29-de83-e175-09724ecd3e98" executionId="bdf777f7-565a-47bf-9153-ce821865bf65" testListId="8c84fa94-04c1-424b-9868-57a2d4851a1d" />
    <TestEntry testId="812e3a88-3fa8-5455-1d66-fcf21d928bd1" executionId="90b366ee-09b9-4c05-8954-9143b0634e05" testListId="8c84fa94-04c1-424b-9868-57a2d4851a1d" />
    <TestEntry testId="17cc52f6-3fd3-ad86-2ac2-79feac1689e9" executionId="2b9595f0-7def-4431-a9eb-21202afa48ef" testListId="8c84fa94-04c1-424b-9868-57a2d4851a1d" />
    <TestEntry testId="05501592-2fee-cfb2-4fe2-3f80e93767f1" executionId="78635e52-219f-4308-be8f-b7532888b04f" testListId="8c84fa94-04c1-424b-9868-57a2d4851a1d" />
    <TestEntry testId="31171936-ced4-ac89-4b7e-ff3fac0570d9" executionId="3e800499-1ce1-4e36-948a-03815d568040" testListId="8c84fa94-04c1-424b-9868-57a2d4851a1d" />
    <TestEntry testId="c968de67-5c54-4ed2-6a4d-a94cf53649be" executionId="4905a74f-6b20-4790-94cf-02333973e849" testListId="8c84fa94-04c1-424b-9868-57a2d4851a1d" />
    <TestEntry testId="7e26bf02-b1fc-f6f0-ff11-380f0034a617" executionId="70730ed0-4c06-45d1-9392-bade0ca2b9ab" testListId="8c84fa94-04c1-424b-9868-57a2d4851a1d" />
    <TestEntry testId="11941d14-f7af-dc3c-3e83-a65e25c44442" executionId="39f305b9-8fd6-4778-9aef-53a965d432ac" testListId="8c84fa94-04c1-424b-9868-57a2d4851a1d" />
    <TestEntry testId="e517d533-cdf1-ca1f-e419-aaf56ab5b0e7" executionId="daff1e1e-3dc1-44ec-a9a7-b3235ff90e53" testListId="8c84fa94-04c1-424b-9868-57a2d4851a1d" />
    <TestEntry testId="cf546e0b-d24c-ce7b-68f3-25fb9fe95932" executionId="f9c319d0-268a-421f-af0f-1e41f8afc20d" testListId="8c84fa94-04c1-424b-9868-57a2d4851a1d" />
    <TestEntry testId="25fd3a48-dd0f-5aa0-0230-40c4b9a263d8" executionId="f58adc34-79fd-4a5b-8793-6e65f8744e5a" testListId="8c84fa94-04c1-424b-9868-57a2d4851a1d" />
    <TestEntry testId="8d7d6598-12b2-76a0-e756-7eb9195a86e5" executionId="e1fb1ef3-17aa-4c71-8117-8b353e0ed4aa" testListId="8c84fa94-04c1-424b-9868-57a2d4851a1d" />
    <TestEntry testId="b4ea222c-1748-9ba5-7077-a2bcf5ee256c" executionId="9311bb4d-429f-49c1-b106-8b566f74c502" testListId="8c84fa94-04c1-424b-9868-57a2d4851a1d" />
    <TestEntry testId="0ac4f2a8-6b78-4d45-1f66-8a4107a83d97" executionId="1350c12b-da09-4de4-832c-03f0c8945d4b" testListId="8c84fa94-04c1-424b-9868-57a2d4851a1d" />
    <TestEntry testId="f9b127a3-95c9-7653-ed24-7ef33470eec3" executionId="f8cfc9be-d6ac-4bba-9bf8-4ba03cf964ca" testListId="8c84fa94-04c1-424b-9868-57a2d4851a1d" />
    <TestEntry testId="22892a63-735f-078a-870e-31ba00badc33" executionId="e4473a8e-54b2-4ac9-a080-95aac1fa7a27" testListId="8c84fa94-04c1-424b-9868-57a2d4851a1d" />
    <TestEntry testId="2a3378ac-9945-2871-491a-0d3ce4a34141" executionId="7a41be20-693d-4f98-a1b2-83d72ac4e131" testListId="8c84fa94-04c1-424b-9868-57a2d4851a1d" />
    <TestEntry testId="66a434c9-72f4-0818-ae97-b65d921a1730" executionId="8a3f2f0a-6cf8-48a4-badc-7040f834ad3e" testListId="8c84fa94-04c1-424b-9868-57a2d4851a1d" />
    <TestEntry testId="965bcb29-0b3d-88b2-9f68-e95d36c1e908" executionId="b15322ea-a52e-4654-a84a-54fb7b58cb45" testListId="8c84fa94-04c1-424b-9868-57a2d4851a1d" />
    <TestEntry testId="caf4b74e-c4ac-892d-a765-d303833ddc3c" executionId="9cc234cf-b1e3-4302-b16d-dd9df870a788" testListId="8c84fa94-04c1-424b-9868-57a2d4851a1d" />
    <TestEntry testId="5d9cae71-25a7-0316-0f56-9a039e1f0e5a" executionId="830199e9-ef61-4721-a605-a44df08e2296" testListId="8c84fa94-04c1-424b-9868-57a2d4851a1d" />
    <TestEntry testId="726a6bb7-4986-f6ad-e8a4-bd1650fdfb1a" executionId="697d922e-6ede-49cf-afc0-2139dc7c11d0" testListId="8c84fa94-04c1-424b-9868-57a2d4851a1d" />
    <TestEntry testId="3ac2e8b8-a065-2e07-feab-c878619855c9" executionId="7c109b61-75dc-4e66-8e8e-cb7f0de24378" testListId="8c84fa94-04c1-424b-9868-57a2d4851a1d" />
  </TestEntries>
  <TestLists>
    <TestList name="Results Not in a List" id="8c84fa94-04c1-424b-9868-57a2d4851a1d" />
    <TestList name="All Loaded Results" id="19431567-8539-422a-85d7-44ee4e166bda" />
  </TestLists>
  <ResultSummary outcome="Completed">
    <Counters total="114" executed="114" passed="114" failed="0" error="0" timeout="0" aborted="0" inconclusive="0" passedButRunAborted="0" notRunnable="0" notExecuted="0" disconnected="0" warning="0" completed="0" inProgress="0" pending="0" />
    <Output>
      <StdOut>[xUnit.net 00:00:00.00] xUnit.net VSTest Adapter v2.5.3.1+6b60a9e56a (64-bit .NET 7.0.9)&#xD;
[xUnit.net 00:00:00.12]   Discovering: ManagedCode.Storage.Tests&#xD;
[xUnit.net 00:00:00.19]   Discovered:  ManagedCode.Storage.Tests&#xD;
[xUnit.net 00:00:00.19]   Starting:    ManagedCode.Storage.Tests&#xD;
[xUnit.net 00:01:30.30]   Finished:    ManagedCode.Storage.Tests&#xD;
</StdOut>
    </Output>
  </ResultSummary>
</TestRun>