<?xml version="1.0" encoding="utf-8"?>
<TestRun id="72c0857d-3e3d-4498-9472-3bcd6d613067" name="@konstantins-macbook-pro 2025-08-19 09:39:17" xmlns="http://microsoft.com/schemas/VisualStudio/TeamTest/2010">
  <Times creation="2025-08-19T09:39:17.8623440+02:00" queuing="2025-08-19T09:39:17.8623440+02:00" start="2025-08-19T09:39:17.2441980+02:00" finish="2025-08-19T09:39:17.8807150+02:00" />
  <TestSettings name="default" id="5eb06097-8c2f-47a3-8204-198dfd84d68b">
    <Deployment runDeploymentRoot="_konstantins-macbook-pro_2025-08-19_09_39_17" />
  </TestSettings>
  <Results>
    <UnitTestResult executionId="b6785689-b112-478b-a3ae-e97d447236b9" testId="2c8de8e2-c67e-eb4b-28d2-b85d70bf9f33" testName="ManagedCode.Storage.Tests.Core.StringStreamTests.StringStream_PositionProperty_ShouldWorkCorrectly(input: &quot;Hello, World!&quot;)" computerName="konstantins-macbook-pro" duration="00:00:00.0000694" startTime="2025-08-19T09:39:17.8210250+02:00" endTime="2025-08-19T09:39:17.8210480+02:00" testType="13cdc9d9-ddb5-4fa4-a97d-d965ccfc6d4b" outcome="Passed" testListId="8c84fa94-04c1-424b-9868-57a2d4851a1d" relativeResultsDirectory="b6785689-b112-478b-a3ae-e97d447236b9" />
    <UnitTestResult executionId="5fb15ffd-8133-49a7-88a9-b0532757793e" testId="24cd34fe-ec27-746d-d5f0-503d0c325d08" testName="ManagedCode.Storage.Tests.Core.StringStreamTests.StringStream_BasicProperties_ShouldBeCorrect(input: &quot;Lorem ipsum dolor sit amet, consectetur adipiscing&quot;···)" computerName="konstantins-macbook-pro" duration="00:00:00.0000059" startTime="2025-08-19T09:39:17.8383070+02:00" endTime="2025-08-19T09:39:17.8383280+02:00" testType="13cdc9d9-ddb5-4fa4-a97d-d965ccfc6d4b" outcome="Passed" testListId="8c84fa94-04c1-424b-9868-57a2d4851a1d" relativeResultsDirectory="5fb15ffd-8133-49a7-88a9-b0532757793e" />
    <UnitTestResult executionId="e22b7388-8498-4a28-8b9e-97f2f62b4da4" testId="6fe5a36d-0c48-51c3-f7e6-02cb8293552a" testName="ManagedCode.Storage.Tests.Core.Utf8StringStreamTests.Utf8StringStream_WriteOperations_ShouldThrowNotSupportedException" computerName="konstantins-macbook-pro" duration="00:00:00.0028060" startTime="2025-08-19T09:39:17.8449910+02:00" endTime="2025-08-19T09:39:17.8450130+02:00" testType="13cdc9d9-ddb5-4fa4-a97d-d965ccfc6d4b" outcome="Passed" testListId="8c84fa94-04c1-424b-9868-57a2d4851a1d" relativeResultsDirectory="e22b7388-8498-4a28-8b9e-97f2f62b4da4" />
    <UnitTestResult executionId="970c30ab-bacf-4067-86bc-05d2253f683c" testId="5ceb407e-47f1-6e29-387c-e5aef4f7c84e" testName="ManagedCode.Storage.Tests.Core.SimpleStringStreamTests.Utf8StringStream_VariousInputs_ShouldPreserveContent(input: &quot;&quot;)" computerName="konstantins-macbook-pro" duration="00:00:00.0000033" startTime="2025-08-19T09:39:17.8417010+02:00" endTime="2025-08-19T09:39:17.8417220+02:00" testType="13cdc9d9-ddb5-4fa4-a97d-d965ccfc6d4b" outcome="Passed" testListId="8c84fa94-04c1-424b-9868-57a2d4851a1d" relativeResultsDirectory="970c30ab-bacf-4067-86bc-05d2253f683c" />
    <UnitTestResult executionId="14eb23e3-8a36-4dc2-809b-62ba9fe75651" testId="56bd9f0e-3e7a-3cef-1844-57cb0df9ed08" testName="ManagedCode.Storage.Tests.Core.StringStreamTests.StringStream_PositionProperty_ShouldWorkCorrectly(input: &quot;Multi\nLine\nText&quot;)" computerName="konstantins-macbook-pro" duration="00:00:00.0000101" startTime="2025-08-19T09:39:17.8366900+02:00" endTime="2025-08-19T09:39:17.8367280+02:00" testType="13cdc9d9-ddb5-4fa4-a97d-d965ccfc6d4b" outcome="Passed" testListId="8c84fa94-04c1-424b-9868-57a2d4851a1d" relativeResultsDirectory="14eb23e3-8a36-4dc2-809b-62ba9fe75651" />
    <UnitTestResult executionId="7db6c196-49c1-427d-8248-992b5d72f3b4" testId="166c1ba1-51f4-7753-2e98-e9352d61c9b7" testName="ManagedCode.Storage.Tests.Core.StringStreamTests.StringStream_NullInput_ShouldThrowArgumentNullException" computerName="konstantins-macbook-pro" duration="00:00:00.0004148" startTime="2025-08-19T09:39:17.8398620+02:00" endTime="2025-08-19T09:39:17.8398840+02:00" testType="13cdc9d9-ddb5-4fa4-a97d-d965ccfc6d4b" outcome="Passed" testListId="8c84fa94-04c1-424b-9868-57a2d4851a1d" relativeResultsDirectory="7db6c196-49c1-427d-8248-992b5d72f3b4" />
    <UnitTestResult executionId="76c75067-00d0-4075-aad7-e572e9ef7c1e" testId="4fa55f3c-a408-2ab6-72af-bc7f9b0c5ecf" testName="ManagedCode.Storage.Tests.Core.SimpleStringStreamTests.Utf8StringStream_WriteOperations_ShouldThrow" computerName="konstantins-macbook-pro" duration="00:00:00.0004620" startTime="2025-08-19T09:39:17.8425770+02:00" endTime="2025-08-19T09:39:17.8427340+02:00" testType="13cdc9d9-ddb5-4fa4-a97d-d965ccfc6d4b" outcome="Passed" testListId="8c84fa94-04c1-424b-9868-57a2d4851a1d" relativeResultsDirectory="76c75067-00d0-4075-aad7-e572e9ef7c1e" />
    <UnitTestResult executionId="b21918c7-f6e9-4809-bc30-cc2300b21fe2" testId="7b0ac6e5-a5d5-9f56-d0ee-ac79bd340ddc" testName="ManagedCode.Storage.Tests.Core.SimpleStringStreamTests.StringStream_EmptyString_ShouldWork" computerName="konstantins-macbook-pro" duration="00:00:00.0002021" startTime="2025-08-19T09:39:17.8421930+02:00" endTime="2025-08-19T09:39:17.8422180+02:00" testType="13cdc9d9-ddb5-4fa4-a97d-d965ccfc6d4b" outcome="Passed" testListId="8c84fa94-04c1-424b-9868-57a2d4851a1d" relativeResultsDirectory="b21918c7-f6e9-4809-bc30-cc2300b21fe2" />
    <UnitTestResult executionId="a305c06a-7357-4eb9-8c4a-1759f6c16b32" testId="224df51b-7010-6b1a-c16c-d761d8936de6" testName="ManagedCode.Storage.Tests.Core.Utf8StringStreamTests.Utf8StringStream_Seek_ShouldSetCorrectPosition(input: &quot;Test \ud83d\ude80&quot;, offset: 0, origin: End, expectedPosition: 8)" computerName="konstantins-macbook-pro" duration="00:00:00.0001592" startTime="2025-08-19T09:39:17.8407250+02:00" endTime="2025-08-19T09:39:17.8408260+02:00" testType="13cdc9d9-ddb5-4fa4-a97d-d965ccfc6d4b" outcome="Passed" testListId="8c84fa94-04c1-424b-9868-57a2d4851a1d" relativeResultsDirectory="a305c06a-7357-4eb9-8c4a-1759f6c16b32" />
    <UnitTestResult executionId="d16e52a7-cddf-44f5-94fa-2b9fcc01a41c" testId="e49fc54a-4c90-f825-3b3d-0de8ada8bddb" testName="ManagedCode.Storage.Tests.Core.StringStreamTests.StringStream_PositionProperty_ShouldWorkCorrectly(input: &quot;Unicode: \ud83d\ude80\ud83c\udf0d\ud83d\udcbb\ud83d\udcf1&quot;)" computerName="konstantins-macbook-pro" duration="00:00:00.0002255" startTime="2025-08-19T09:39:17.8209580+02:00" endTime="2025-08-19T09:39:17.8209820+02:00" testType="13cdc9d9-ddb5-4fa4-a97d-d965ccfc6d4b" outcome="Passed" testListId="8c84fa94-04c1-424b-9868-57a2d4851a1d" relativeResultsDirectory="d16e52a7-cddf-44f5-94fa-2b9fcc01a41c" />
    <UnitTestResult executionId="b0d80392-42ed-4ffe-a9b3-5687e30c25ff" testId="f8a3eb80-414e-0b36-187c-315bc67adce0" testName="ManagedCode.Storage.Tests.Core.SimpleStringStreamTests.Utf8StringStream_SimpleString_ShouldWork" computerName="konstantins-macbook-pro" duration="00:00:00.0000893" startTime="2025-08-19T09:39:17.8422680+02:00" endTime="2025-08-19T09:39:17.8424480+02:00" testType="13cdc9d9-ddb5-4fa4-a97d-d965ccfc6d4b" outcome="Passed" testListId="8c84fa94-04c1-424b-9868-57a2d4851a1d" relativeResultsDirectory="b0d80392-42ed-4ffe-a9b3-5687e30c25ff" />
    <UnitTestResult executionId="f7a6e595-c07d-4a98-9817-4f4c2f185270" testId="838ae406-69ed-5b5a-8547-7c84f3463904" testName="ManagedCode.Storage.Tests.Core.StringStreamTests.StringStream_ReadByteByByte_ShouldReturnCorrectBytes(input: &quot;\ud83d\ude80\ud83d\udcbe\ud83d\udd27&quot;)" computerName="konstantins-macbook-pro" duration="00:00:00.0000526" startTime="2025-08-19T09:39:17.8370450+02:00" endTime="2025-08-19T09:39:17.8370660+02:00" testType="13cdc9d9-ddb5-4fa4-a97d-d965ccfc6d4b" outcome="Passed" testListId="8c84fa94-04c1-424b-9868-57a2d4851a1d" relativeResultsDirectory="f7a6e595-c07d-4a98-9817-4f4c2f185270" />
    <UnitTestResult executionId="067a8a97-7113-4d01-8be6-4e2032a632d5" testId="bc35ed88-748c-e6ff-2dbc-a22268664f9a" testName="ManagedCode.Storage.Tests.Core.StringStreamTests.StringStream_ReadByteByByte_ShouldReturnCorrectBytes(input: &quot;Test&quot;)" computerName="konstantins-macbook-pro" duration="00:00:00.0003713" startTime="2025-08-19T09:39:17.8369790+02:00" endTime="2025-08-19T09:39:17.8370030+02:00" testType="13cdc9d9-ddb5-4fa4-a97d-d965ccfc6d4b" outcome="Passed" testListId="8c84fa94-04c1-424b-9868-57a2d4851a1d" relativeResultsDirectory="067a8a97-7113-4d01-8be6-4e2032a632d5" />
    <UnitTestResult executionId="fbefffe0-1f91-455d-82f9-6d7d687aadde" testId="535bdf00-0a0a-7e47-07e2-96fe6b5def0e" testName="ManagedCode.Storage.Tests.Core.Utf8StringStreamTests.Utf8StringStream_BasicProperties_ShouldBeCorrect(input: &quot;&quot;)" computerName="konstantins-macbook-pro" duration="00:00:00.0000041" startTime="2025-08-19T09:39:17.8414570+02:00" endTime="2025-08-19T09:39:17.8414770+02:00" testType="13cdc9d9-ddb5-4fa4-a97d-d965ccfc6d4b" outcome="Passed" testListId="8c84fa94-04c1-424b-9868-57a2d4851a1d" relativeResultsDirectory="fbefffe0-1f91-455d-82f9-6d7d687aadde" />
    <UnitTestResult executionId="19e6ba45-7d12-4ecc-90e8-dc42aa7bf06e" testId="b7dcf636-afcb-c635-c549-c32cbe067cf6" testName="ManagedCode.Storage.Tests.Core.Utf8StringStreamTests.Utf8StringStream_CreatePooled_ShouldWorkCorrectly" computerName="konstantins-macbook-pro" duration="00:00:00.0001314" startTime="2025-08-19T09:39:17.8450660+02:00" endTime="2025-08-19T09:39:17.8450870+02:00" testType="13cdc9d9-ddb5-4fa4-a97d-d965ccfc6d4b" outcome="Passed" testListId="8c84fa94-04c1-424b-9868-57a2d4851a1d" relativeResultsDirectory="19e6ba45-7d12-4ecc-90e8-dc42aa7bf06e" />
    <UnitTestResult executionId="49d1d423-876a-4094-8a68-131768b49a46" testId="4fe3182c-4b61-3d11-5196-d84fca4fbcbc" testName="ManagedCode.Storage.Tests.Core.StringStreamTests.StringStream_ReadBuffer_ShouldReturnCorrectData(input: &quot;Mixed English and Українська&quot;)" computerName="konstantins-macbook-pro" duration="00:00:00.0000747" startTime="2025-08-19T09:39:17.8390830+02:00" endTime="2025-08-19T09:39:17.8391030+02:00" testType="13cdc9d9-ddb5-4fa4-a97d-d965ccfc6d4b" outcome="Passed" testListId="8c84fa94-04c1-424b-9868-57a2d4851a1d" relativeResultsDirectory="49d1d423-876a-4094-8a68-131768b49a46" />
    <UnitTestResult executionId="9cb72adf-24f7-4ff9-b068-e05d05dd6bf7" testId="3933f419-3c5f-8e29-3318-098a626ce895" testName="ManagedCode.Storage.Tests.Core.Utf8StringStreamTests.Utf8StringStream_ToStringFromPosition_ShouldReturnRemainingText" computerName="konstantins-macbook-pro" duration="00:00:00.0001127" startTime="2025-08-19T09:39:17.8449120+02:00" endTime="2025-08-19T09:39:17.8449370+02:00" testType="13cdc9d9-ddb5-4fa4-a97d-d965ccfc6d4b" outcome="Passed" testListId="8c84fa94-04c1-424b-9868-57a2d4851a1d" relativeResultsDirectory="9cb72adf-24f7-4ff9-b068-e05d05dd6bf7" />
    <UnitTestResult executionId="fc9ab485-5516-4266-a7f3-8ea96e8e3c0d" testId="1294bdd9-df0d-7487-7223-f9c6ad23961a" testName="ManagedCode.Storage.Tests.Core.SimpleStringStreamTests.StringStream_ReadByte_ShouldWork" computerName="konstantins-macbook-pro" duration="00:00:00.0001697" startTime="2025-08-19T09:39:17.8427910+02:00" endTime="2025-08-19T09:39:17.8428770+02:00" testType="13cdc9d9-ddb5-4fa4-a97d-d965ccfc6d4b" outcome="Passed" testListId="8c84fa94-04c1-424b-9868-57a2d4851a1d" relativeResultsDirectory="fc9ab485-5516-4266-a7f3-8ea96e8e3c0d" />
    <UnitTestResult executionId="58afdffa-6bef-4d98-8ba6-3dc805fe8381" testId="0434494f-6a30-c2bc-4e6a-72cbeb775870" testName="ManagedCode.Storage.Tests.Core.StringStreamTests.StringStream_ReadBuffer_ShouldReturnCorrectData(input: &quot;Hello&quot;)" computerName="konstantins-macbook-pro" duration="00:00:00.0000043" startTime="2025-08-19T09:39:17.8391370+02:00" endTime="2025-08-19T09:39:17.8391560+02:00" testType="13cdc9d9-ddb5-4fa4-a97d-d965ccfc6d4b" outcome="Passed" testListId="8c84fa94-04c1-424b-9868-57a2d4851a1d" relativeResultsDirectory="58afdffa-6bef-4d98-8ba6-3dc805fe8381" />
    <UnitTestResult executionId="ec5f5f78-9014-42a7-a605-9ceafc9a4611" testId="5391a952-189f-cdb6-0b88-cc56c4b75956" testName="ManagedCode.Storage.Tests.Core.Utf8StringStreamTests.Utf8StringStream_CreateFromBytes_ShouldWorkCorrectly" computerName="konstantins-macbook-pro" duration="00:00:00.0000911" startTime="2025-08-19T09:39:17.8448340+02:00" endTime="2025-08-19T09:39:17.8448580+02:00" testType="13cdc9d9-ddb5-4fa4-a97d-d965ccfc6d4b" outcome="Passed" testListId="8c84fa94-04c1-424b-9868-57a2d4851a1d" relativeResultsDirectory="ec5f5f78-9014-42a7-a605-9ceafc9a4611" />
    <UnitTestResult executionId="ce019c72-a24c-491c-b064-213c493454c4" testId="e63e6e70-5a57-ef08-cda2-9b211400987e" testName="ManagedCode.Storage.Tests.Core.Utf8StringStreamTests.Utf8StringStream_ExtensionMethods_ShouldWorkCorrectly" computerName="konstantins-macbook-pro" duration="00:00:00.0003141" startTime="2025-08-19T09:39:17.8440500+02:00" endTime="2025-08-19T09:39:17.8440750+02:00" testType="13cdc9d9-ddb5-4fa4-a97d-d965ccfc6d4b" outcome="Passed" testListId="8c84fa94-04c1-424b-9868-57a2d4851a1d" relativeResultsDirectory="ce019c72-a24c-491c-b064-213c493454c4" />
    <UnitTestResult executionId="241d8cf5-c80b-4243-bc5c-2a9f8b9be2eb" testId="6fceef5e-7f01-6236-5e56-d9f7d55423f8" testName="ManagedCode.Storage.Tests.Core.StringStreamTests.StringStream_WriteOperations_ShouldThrowNotSupportedException" computerName="konstantins-macbook-pro" duration="00:00:00.0011352" startTime="2025-08-19T09:39:17.8384380+02:00" endTime="2025-08-19T09:39:17.8387480+02:00" testType="13cdc9d9-ddb5-4fa4-a97d-d965ccfc6d4b" outcome="Passed" testListId="8c84fa94-04c1-424b-9868-57a2d4851a1d" relativeResultsDirectory="241d8cf5-c80b-4243-bc5c-2a9f8b9be2eb" />
    <UnitTestResult executionId="1d5b3519-49df-442d-8aff-8ce349eb49ad" testId="01ddb6c7-e92c-7720-f26a-69a41617b8d8" testName="ManagedCode.Storage.Tests.Core.Utf8StringStreamTests.Utf8StringStream_Seek_ShouldSetCorrectPosition(input: &quot;Seek test&quot;, offset: 0, origin: Begin, expectedPosition: 0)" computerName="konstantins-macbook-pro" duration="00:00:00.0000925" startTime="2025-08-19T09:39:17.8408630+02:00" endTime="2025-08-19T09:39:17.8408850+02:00" testType="13cdc9d9-ddb5-4fa4-a97d-d965ccfc6d4b" outcome="Passed" testListId="8c84fa94-04c1-424b-9868-57a2d4851a1d" relativeResultsDirectory="1d5b3519-49df-442d-8aff-8ce349eb49ad" />
    <UnitTestResult executionId="0b6063fb-0d04-4590-9e81-10a96d508b61" testId="c77365c0-3e9c-1c66-249b-242093651516" testName="ManagedCode.Storage.Tests.Core.SimpleStringStreamTests.Utf8StringStream_VariousInputs_ShouldPreserveContent(input: &quot;A&quot;)" computerName="konstantins-macbook-pro" duration="00:00:00.0000894" startTime="2025-08-19T09:39:17.8413980+02:00" endTime="2025-08-19T09:39:17.8416060+02:00" testType="13cdc9d9-ddb5-4fa4-a97d-d965ccfc6d4b" outcome="Passed" testListId="8c84fa94-04c1-424b-9868-57a2d4851a1d" relativeResultsDirectory="0b6063fb-0d04-4590-9e81-10a96d508b61" />
    <UnitTestResult executionId="ae1cdb14-b068-4d97-936f-5367ba43efad" testId="7fae1bcc-32ac-8350-8eab-458e57e8d727" testName="ManagedCode.Storage.Tests.Core.SimpleStringStreamTests.StringStreams_MemoryComparison_Utf8ShouldBeMoreEfficient" computerName="konstantins-macbook-pro" duration="00:00:00.0000896" startTime="2025-08-19T09:39:17.8438420+02:00" endTime="2025-08-19T09:39:17.8438650+02:00" testType="13cdc9d9-ddb5-4fa4-a97d-d965ccfc6d4b" outcome="Passed" testListId="8c84fa94-04c1-424b-9868-57a2d4851a1d" relativeResultsDirectory="ae1cdb14-b068-4d97-936f-5367ba43efad" />
    <UnitTestResult executionId="b687c87f-1db3-48d7-8538-52d0e063c045" testId="92bb181a-d955-f578-4da9-b253492f525a" testName="ManagedCode.Storage.Tests.Core.StringStreamTests.StringStream_BasicProperties_ShouldBeCorrect(input: &quot;Привіт, Світ! \ud83c\udf0d&quot;)" computerName="konstantins-macbook-pro" duration="00:00:00.0004272" startTime="2025-08-19T09:39:17.8371730+02:00" endTime="2025-08-19T09:39:17.8372330+02:00" testType="13cdc9d9-ddb5-4fa4-a97d-d965ccfc6d4b" outcome="Passed" testListId="8c84fa94-04c1-424b-9868-57a2d4851a1d" relativeResultsDirectory="b687c87f-1db3-48d7-8538-52d0e063c045" />
    <UnitTestResult executionId="5cf2dfec-40a1-484a-a921-e58d460f013c" testId="e838438d-876e-fd4d-79b8-62afaf94b288" testName="ManagedCode.Storage.Tests.Core.Utf8StringStreamTests.Utf8StringStream_ReadAllBytes_ShouldMatchOriginal(input: &quot;ASCII text&quot;)" computerName="konstantins-macbook-pro" duration="00:00:00.0000665" startTime="2025-08-19T09:39:17.8406510+02:00" endTime="2025-08-19T09:39:17.8406720+02:00" testType="13cdc9d9-ddb5-4fa4-a97d-d965ccfc6d4b" outcome="Passed" testListId="8c84fa94-04c1-424b-9868-57a2d4851a1d" relativeResultsDirectory="5cf2dfec-40a1-484a-a921-e58d460f013c" />
    <UnitTestResult executionId="2d61b4cf-b763-4114-a603-eeaf38c3557e" testId="887261a7-f317-e30c-3bb4-1ca04e082c6c" testName="ManagedCode.Storage.Tests.Core.StringStreamTests.StringStream_Seek_ShouldSetCorrectPosition(input: &quot;Seek test&quot;, offset: 0, origin: Begin, expectedPosition: 0)" computerName="konstantins-macbook-pro" duration="00:00:00.0001222" startTime="2025-08-19T09:39:17.8395480+02:00" endTime="2025-08-19T09:39:17.8395690+02:00" testType="13cdc9d9-ddb5-4fa4-a97d-d965ccfc6d4b" outcome="Passed" testListId="8c84fa94-04c1-424b-9868-57a2d4851a1d" relativeResultsDirectory="2d61b4cf-b763-4114-a603-eeaf38c3557e" />
    <UnitTestResult executionId="1f5ef1fd-1533-40ef-937c-08949075c2c4" testId="78eb3db3-3066-66e2-ce77-e57ed60300e3" testName="ManagedCode.Storage.Tests.Core.StringStreamTests.StringStream_Seek_ShouldSetCorrectPosition(input: &quot;Seek test&quot;, offset: 5, origin: Begin, expectedPosition: 5)" computerName="konstantins-macbook-pro" duration="00:00:00.0002319" startTime="2025-08-19T09:39:17.8394890+02:00" endTime="2025-08-19T09:39:17.8395110+02:00" testType="13cdc9d9-ddb5-4fa4-a97d-d965ccfc6d4b" outcome="Passed" testListId="8c84fa94-04c1-424b-9868-57a2d4851a1d" relativeResultsDirectory="1f5ef1fd-1533-40ef-937c-08949075c2c4" />
    <UnitTestResult executionId="0838f0db-240a-43b4-a58a-e8e86af0ee0d" testId="e0148383-0343-bf9d-4012-a40cf79b039b" testName="ManagedCode.Storage.Tests.Core.Utf8StringStreamTests.Utf8StringStream_ReadAsync_ShouldWorkCorrectly" computerName="konstantins-macbook-pro" duration="00:00:00.0003898" startTime="2025-08-19T09:39:17.8415850+02:00" endTime="2025-08-19T09:39:17.8422890+02:00" testType="13cdc9d9-ddb5-4fa4-a97d-d965ccfc6d4b" outcome="Passed" testListId="8c84fa94-04c1-424b-9868-57a2d4851a1d" relativeResultsDirectory="0838f0db-240a-43b4-a58a-e8e86af0ee0d" />
    <UnitTestResult executionId="ae32c5b8-a4ca-4c58-bbda-12f3283d103f" testId="ccd02108-c8b8-3743-89fb-53cad4ca20bd" testName="ManagedCode.Storage.Tests.Core.SimpleStringStreamTests.Utf8StringStream_ReadAsync_ShouldWork" computerName="konstantins-macbook-pro" duration="00:00:00.0006668" startTime="2025-08-19T09:39:17.8405030+02:00" endTime="2025-08-19T09:39:17.8407510+02:00" testType="13cdc9d9-ddb5-4fa4-a97d-d965ccfc6d4b" outcome="Passed" testListId="8c84fa94-04c1-424b-9868-57a2d4851a1d" relativeResultsDirectory="ae32c5b8-a4ca-4c58-bbda-12f3283d103f" />
    <UnitTestResult executionId="868f4da7-01d3-4203-af00-67c0687ec64e" testId="4219f841-af9b-0929-d8a8-165144f623a4" testName="ManagedCode.Storage.Tests.Core.StringStreamTests.StringStream_Seek_ShouldSetCorrectPosition(input: &quot;Seek test&quot;, offset: -5, origin: End, expectedPosition: 13)" computerName="konstantins-macbook-pro" duration="00:00:00.0000031" startTime="2025-08-19T09:39:17.8396030+02:00" endTime="2025-08-19T09:39:17.8396230+02:00" testType="13cdc9d9-ddb5-4fa4-a97d-d965ccfc6d4b" outcome="Passed" testListId="8c84fa94-04c1-424b-9868-57a2d4851a1d" relativeResultsDirectory="868f4da7-01d3-4203-af00-67c0687ec64e" />
    <UnitTestResult executionId="617e6c48-5996-4644-8af4-b7831881035f" testId="5bc81b0d-67d3-27cd-67b3-49cd5c5ca132" testName="ManagedCode.Storage.Tests.Core.SimpleStringStreamTests.Utf8StringStream_ExtensionMethods_ShouldWork" computerName="konstantins-macbook-pro" duration="00:00:00.0002260" startTime="2025-08-19T09:39:17.8435570+02:00" endTime="2025-08-19T09:39:17.8435900+02:00" testType="13cdc9d9-ddb5-4fa4-a97d-d965ccfc6d4b" outcome="Passed" testListId="8c84fa94-04c1-424b-9868-57a2d4851a1d" relativeResultsDirectory="617e6c48-5996-4644-8af4-b7831881035f" />
    <UnitTestResult executionId="bb648a4c-abaa-4e60-bcea-e3663d9a4238" testId="668c42e3-3ab9-fbe4-fa83-257aecf4c7cb" testName="ManagedCode.Storage.Tests.Core.SimpleStringStreamTests.Utf8StringStream_UnicodeString_ShouldWork" computerName="konstantins-macbook-pro" duration="00:00:00.0000675" startTime="2025-08-19T09:39:17.8429280+02:00" endTime="2025-08-19T09:39:17.8429510+02:00" testType="13cdc9d9-ddb5-4fa4-a97d-d965ccfc6d4b" outcome="Passed" testListId="8c84fa94-04c1-424b-9868-57a2d4851a1d" relativeResultsDirectory="bb648a4c-abaa-4e60-bcea-e3663d9a4238" />
    <UnitTestResult executionId="5eaeef6f-4305-47d8-a64a-099710cef3b1" testId="5e26c8c2-8682-d8ea-46ae-d436c054b013" testName="ManagedCode.Storage.Tests.Core.StringStreamTests.StringStream_Seek_ShouldSetCorrectPosition(input: &quot;Seek test&quot;, offset: 3, origin: Current, expectedPosition: 3)" computerName="konstantins-macbook-pro" duration="00:00:00.0000016" startTime="2025-08-19T09:39:17.8396560+02:00" endTime="2025-08-19T09:39:17.8396770+02:00" testType="13cdc9d9-ddb5-4fa4-a97d-d965ccfc6d4b" outcome="Passed" testListId="8c84fa94-04c1-424b-9868-57a2d4851a1d" relativeResultsDirectory="5eaeef6f-4305-47d8-a64a-099710cef3b1" />
    <UnitTestResult executionId="7d02eea3-9a74-4027-b77f-a7b985a25976" testId="b61dfa92-ebc3-9f87-125d-b47e04a1333d" testName="ManagedCode.Storage.Tests.Core.StringStreamTests.StringStream_BasicProperties_ShouldBeCorrect(input: &quot;&quot;)" computerName="konstantins-macbook-pro" duration="00:00:00.0000053" startTime="2025-08-19T09:39:17.8383630+02:00" endTime="2025-08-19T09:39:17.8383850+02:00" testType="13cdc9d9-ddb5-4fa4-a97d-d965ccfc6d4b" outcome="Passed" testListId="8c84fa94-04c1-424b-9868-57a2d4851a1d" relativeResultsDirectory="7d02eea3-9a74-4027-b77f-a7b985a25976" />
    <UnitTestResult executionId="d126e1e3-31e8-4254-becc-1d933dbaf912" testId="6d85f5eb-d2e7-a8d6-2975-8bf439b51e19" testName="ManagedCode.Storage.Tests.Core.SimpleStringStreamTests.Utf8StringStream_EmptyString_ShouldWork" computerName="konstantins-macbook-pro" duration="00:00:00.0002559" startTime="2025-08-19T09:39:17.8408030+02:00" endTime="2025-08-19T09:39:17.8410180+02:00" testType="13cdc9d9-ddb5-4fa4-a97d-d965ccfc6d4b" outcome="Passed" testListId="8c84fa94-04c1-424b-9868-57a2d4851a1d" relativeResultsDirectory="d126e1e3-31e8-4254-becc-1d933dbaf912" />
    <UnitTestResult executionId="1343437d-7002-43dd-87f3-69cee84ea9a4" testId="4f92d651-8f09-11e5-e432-a36f0058db7e" testName="ManagedCode.Storage.Tests.Core.StringStreamTests.StringStream_ReadBuffer_ShouldReturnCorrectData(input: &quot;Тест&quot;)" computerName="konstantins-macbook-pro" duration="00:00:00.0001805" startTime="2025-08-19T09:39:17.8388040+02:00" endTime="2025-08-19T09:39:17.8390450+02:00" testType="13cdc9d9-ddb5-4fa4-a97d-d965ccfc6d4b" outcome="Passed" testListId="8c84fa94-04c1-424b-9868-57a2d4851a1d" relativeResultsDirectory="1343437d-7002-43dd-87f3-69cee84ea9a4" />
    <UnitTestResult executionId="5db157c0-6a9b-4429-b809-75357e2952d8" testId="3201bee2-80f6-967c-18eb-ea440fbe044e" testName="ManagedCode.Storage.Tests.Core.SimpleStringStreamTests.Utf8StringStream_VariousInputs_ShouldPreserveContent(input: &quot;Mixed: English + Українська&quot;)" computerName="konstantins-macbook-pro" duration="00:00:00.0000511" startTime="2025-08-19T09:39:17.8416440+02:00" endTime="2025-08-19T09:39:17.8416660+02:00" testType="13cdc9d9-ddb5-4fa4-a97d-d965ccfc6d4b" outcome="Passed" testListId="8c84fa94-04c1-424b-9868-57a2d4851a1d" relativeResultsDirectory="5db157c0-6a9b-4429-b809-75357e2952d8" />
    <UnitTestResult executionId="3dd72714-544b-4362-b022-bcf200e3e884" testId="f2d8bff6-c16e-054f-6311-b7aec6bffe2f" testName="ManagedCode.Storage.Tests.Core.Utf8StringStreamTests.Utf8StringStream_GetUtf8Methods_ShouldProvideZeroCopyAccess" computerName="konstantins-macbook-pro" duration="00:00:00.0003857" startTime="2025-08-19T09:39:17.8442130+02:00" endTime="2025-08-19T09:39:17.8442360+02:00" testType="13cdc9d9-ddb5-4fa4-a97d-d965ccfc6d4b" outcome="Passed" testListId="8c84fa94-04c1-424b-9868-57a2d4851a1d" relativeResultsDirectory="3dd72714-544b-4362-b022-bcf200e3e884" />
    <UnitTestResult executionId="4f5d8078-e9e8-489a-8713-bdbcf0e7e6a1" testId="db1f64bc-1c39-f2b1-b9be-07b59cb06e97" testName="ManagedCode.Storage.Tests.Core.Utf8StringStreamTests.Utf8StringStream_InvalidPositionSet_ShouldThrowArgumentOutOfRangeException" computerName="konstantins-macbook-pro" duration="00:00:00.0012094" startTime="2025-08-19T09:39:17.8441310+02:00" endTime="2025-08-19T09:39:17.8441560+02:00" testType="13cdc9d9-ddb5-4fa4-a97d-d965ccfc6d4b" outcome="Passed" testListId="8c84fa94-04c1-424b-9868-57a2d4851a1d" relativeResultsDirectory="4f5d8078-e9e8-489a-8713-bdbcf0e7e6a1" />
    <UnitTestResult executionId="adc158c2-3761-4315-a712-1f511af145a4" testId="ba81a8b3-dc2b-ab95-8d05-58a99d28f11f" testName="ManagedCode.Storage.Tests.Core.Utf8StringStreamTests.Utf8StringStream_ReadAllBytes_ShouldMatchOriginal(input: &quot;Текст українською&quot;)" computerName="konstantins-macbook-pro" duration="00:00:00.0213076" startTime="2025-08-19T09:39:17.8047410+02:00" endTime="2025-08-19T09:39:17.8405340+02:00" testType="13cdc9d9-ddb5-4fa4-a97d-d965ccfc6d4b" outcome="Passed" testListId="8c84fa94-04c1-424b-9868-57a2d4851a1d" relativeResultsDirectory="adc158c2-3761-4315-a712-1f511af145a4" />
    <UnitTestResult executionId="20519af1-fafd-45cc-b25d-34fe1d7f6cf0" testId="50c176cd-9b5c-84bc-edba-7d3950090665" testName="ManagedCode.Storage.Tests.Core.StringStreamTests.StringStream_BasicProperties_ShouldBeCorrect(input: &quot;Hello, World!&quot;)" computerName="konstantins-macbook-pro" duration="00:00:00.0001700" startTime="2025-08-19T09:39:17.8372930+02:00" endTime="2025-08-19T09:39:17.8382690+02:00" testType="13cdc9d9-ddb5-4fa4-a97d-d965ccfc6d4b" outcome="Passed" testListId="8c84fa94-04c1-424b-9868-57a2d4851a1d" relativeResultsDirectory="20519af1-fafd-45cc-b25d-34fe1d7f6cf0" />
    <UnitTestResult executionId="da4c5107-9ccf-4665-bfc0-8f9f6631660e" testId="35a48fb4-2101-2059-2720-b6b685c80941" testName="ManagedCode.Storage.Tests.Core.Utf8StringStreamTests.Utf8StringStream_NullInput_ShouldThrowArgumentNullException" computerName="konstantins-macbook-pro" duration="00:00:00.0002539" startTime="2025-08-19T09:39:17.8447500+02:00" endTime="2025-08-19T09:39:17.8447750+02:00" testType="13cdc9d9-ddb5-4fa4-a97d-d965ccfc6d4b" outcome="Passed" testListId="8c84fa94-04c1-424b-9868-57a2d4851a1d" relativeResultsDirectory="da4c5107-9ccf-4665-bfc0-8f9f6631660e" />
    <UnitTestResult executionId="82459752-aab8-411c-a0a0-2072d91fbddf" testId="152384d6-46d8-4ffb-6fae-1e1c04d52503" testName="ManagedCode.Storage.Tests.Core.StringStreamTests.StringStream_PositionProperty_ShouldWorkCorrectly(input: &quot;A&quot;)" computerName="konstantins-macbook-pro" duration="00:00:00.0000018" startTime="2025-08-19T09:39:17.8368550+02:00" endTime="2025-08-19T09:39:17.8369020+02:00" testType="13cdc9d9-ddb5-4fa4-a97d-d965ccfc6d4b" outcome="Passed" testListId="8c84fa94-04c1-424b-9868-57a2d4851a1d" relativeResultsDirectory="82459752-aab8-411c-a0a0-2072d91fbddf" />
    <UnitTestResult executionId="8ca0db44-4c84-4007-bb41-939657d1c1e6" testId="125300a4-7985-7807-4a90-e11ce1639a1a" testName="ManagedCode.Storage.Tests.Core.SimpleStringStreamTests.Utf8StringStream_Seek_ShouldWork" computerName="konstantins-macbook-pro" duration="00:00:00.0001524" startTime="2025-08-19T09:39:17.8436710+02:00" endTime="2025-08-19T09:39:17.8436990+02:00" testType="13cdc9d9-ddb5-4fa4-a97d-d965ccfc6d4b" outcome="Passed" testListId="8c84fa94-04c1-424b-9868-57a2d4851a1d" relativeResultsDirectory="8ca0db44-4c84-4007-bb41-939657d1c1e6" />
    <UnitTestResult executionId="1be9866f-d51a-4a76-9913-46b93f40a701" testId="4a1ba6e3-9504-169d-c74c-2d115087891b" testName="ManagedCode.Storage.Tests.Core.StringStreamTests.StringStream_FlushOperation_ShouldNotThrow" computerName="konstantins-macbook-pro" duration="00:00:00.0004151" startTime="2025-08-19T09:39:17.8397250+02:00" endTime="2025-08-19T09:39:17.8397470+02:00" testType="13cdc9d9-ddb5-4fa4-a97d-d965ccfc6d4b" outcome="Passed" testListId="8c84fa94-04c1-424b-9868-57a2d4851a1d" relativeResultsDirectory="1be9866f-d51a-4a76-9913-46b93f40a701" />
    <UnitTestResult executionId="442ec731-6be3-48f3-99c8-bd2c11a06871" testId="6532b54e-97cc-a41a-96eb-6773d83a5c20" testName="ManagedCode.Storage.Tests.Core.Utf8StringStreamTests.Utf8StringStream_LargeText_ShouldHandleEfficiently(textSize: 10240)" computerName="konstantins-macbook-pro" duration="00:00:00.0006722" startTime="2025-08-19T09:39:17.8423420+02:00" endTime="2025-08-19T09:39:17.8428120+02:00" testType="13cdc9d9-ddb5-4fa4-a97d-d965ccfc6d4b" outcome="Passed" testListId="8c84fa94-04c1-424b-9868-57a2d4851a1d" relativeResultsDirectory="442ec731-6be3-48f3-99c8-bd2c11a06871" />
    <UnitTestResult executionId="082cc637-ac1c-49f3-a37b-1abbb8e5558c" testId="5dc1d55d-5a8a-e5cc-aebe-5b24f3b6b05a" testName="ManagedCode.Storage.Tests.Core.StringStreamComparisonTests.StringStreams_Comparison_BothShouldHandleStringInput(input: &quot;Multi-line\nText\nWith\nBreaks&quot;)" computerName="konstantins-macbook-pro" duration="00:00:00.0000662" startTime="2025-08-19T09:39:17.8372540+02:00" endTime="2025-08-19T09:39:17.8373140+02:00" testType="13cdc9d9-ddb5-4fa4-a97d-d965ccfc6d4b" outcome="Passed" testListId="8c84fa94-04c1-424b-9868-57a2d4851a1d" relativeResultsDirectory="082cc637-ac1c-49f3-a37b-1abbb8e5558c" />
    <UnitTestResult executionId="c03bea23-0da1-4714-8b23-929f4026e97e" testId="6a56c861-0c4e-824f-e886-7da0de033ca2" testName="ManagedCode.Storage.Tests.Core.StringStreamTests.StringStream_ReadBeyondLength_ShouldReturnZero" computerName="konstantins-macbook-pro" duration="00:00:00.0000848" startTime="2025-08-19T09:39:17.8397940+02:00" endTime="2025-08-19T09:39:17.8398140+02:00" testType="13cdc9d9-ddb5-4fa4-a97d-d965ccfc6d4b" outcome="Passed" testListId="8c84fa94-04c1-424b-9868-57a2d4851a1d" relativeResultsDirectory="c03bea23-0da1-4714-8b23-929f4026e97e" />
    <UnitTestResult executionId="90566e58-b91c-49d7-8f26-367ece8bb7c7" testId="3da28b23-d208-5438-7511-91e2de310751" testName="ManagedCode.Storage.Tests.Core.Utf8StringStreamTests.Utf8StringStream_LargeText_ShouldHandleEfficiently(textSize: 1024)" computerName="konstantins-macbook-pro" duration="00:00:00.0000724" startTime="2025-08-19T09:39:17.8439690+02:00" endTime="2025-08-19T09:39:17.8439940+02:00" testType="13cdc9d9-ddb5-4fa4-a97d-d965ccfc6d4b" outcome="Passed" testListId="8c84fa94-04c1-424b-9868-57a2d4851a1d" relativeResultsDirectory="90566e58-b91c-49d7-8f26-367ece8bb7c7" />
    <UnitTestResult executionId="d1b629cd-eff8-4427-b0d5-b06db88b4772" testId="ba473013-14a7-4c83-5806-a55800607d77" testName="ManagedCode.Storage.Tests.Core.StringStreamTests.StringStream_ReadPartialBuffer_ShouldReturnCorrectAmount" computerName="konstantins-macbook-pro" duration="00:00:00.0001151" startTime="2025-08-19T09:39:17.8399310+02:00" endTime="2025-08-19T09:39:17.8400370+02:00" testType="13cdc9d9-ddb5-4fa4-a97d-d965ccfc6d4b" outcome="Passed" testListId="8c84fa94-04c1-424b-9868-57a2d4851a1d" relativeResultsDirectory="d1b629cd-eff8-4427-b0d5-b06db88b4772" />
    <UnitTestResult executionId="af8cdc7a-c14b-475f-918f-d982f687e6ef" testId="b41c0988-3e29-3765-03a6-4d384ca45b51" testName="ManagedCode.Storage.Tests.Core.Utf8StringStreamTests.Utf8StringStream_ReadSpan_ShouldWorkCorrectly" computerName="konstantins-macbook-pro" duration="00:00:00.0002104" startTime="2025-08-19T09:39:17.8446440+02:00" endTime="2025-08-19T09:39:17.8446750+02:00" testType="13cdc9d9-ddb5-4fa4-a97d-d965ccfc6d4b" outcome="Passed" testListId="8c84fa94-04c1-424b-9868-57a2d4851a1d" relativeResultsDirectory="af8cdc7a-c14b-475f-918f-d982f687e6ef" />
    <UnitTestResult executionId="5b8812df-6c4b-4d4a-87a6-3c26c8a44e7e" testId="ac38bec6-85ac-be90-d8eb-62dd648f41f3" testName="ManagedCode.Storage.Tests.Core.StringStreamComparisonTests.StringStreams_Comparison_BothShouldHandleStringInput(input: &quot;&quot;)" computerName="konstantins-macbook-pro" duration="00:00:00.0021329" startTime="2025-08-19T09:39:17.8205410+02:00" endTime="2025-08-19T09:39:17.8371950+02:00" testType="13cdc9d9-ddb5-4fa4-a97d-d965ccfc6d4b" outcome="Passed" testListId="8c84fa94-04c1-424b-9868-57a2d4851a1d" relativeResultsDirectory="5b8812df-6c4b-4d4a-87a6-3c26c8a44e7e" />
    <UnitTestResult executionId="d079aefb-8574-49a3-a51a-080691ebccf7" testId="cb488823-72d6-f3d9-e19c-4b0ed3982199" testName="ManagedCode.Storage.Tests.Core.Utf8StringStreamTests.Utf8StringStream_ReadAllBytes_ShouldMatchOriginal(input: &quot;Mixed: English + Українська + \ud83d\ude80&quot;)" computerName="konstantins-macbook-pro" duration="00:00:00.0004125" startTime="2025-08-19T09:39:17.8405860+02:00" endTime="2025-08-19T09:39:17.8406100+02:00" testType="13cdc9d9-ddb5-4fa4-a97d-d965ccfc6d4b" outcome="Passed" testListId="8c84fa94-04c1-424b-9868-57a2d4851a1d" relativeResultsDirectory="d079aefb-8574-49a3-a51a-080691ebccf7" />
    <UnitTestResult executionId="b6113b3c-65ea-46e3-b665-cb3c8e486928" testId="e38a1fa1-cef1-d4c1-32a6-ee1703a7c307" testName="ManagedCode.Storage.Tests.Core.StringStreamTests.StringStream_ReadByteByByte_ShouldReturnCorrectBytes(input: &quot;Line1\nLine2\rLine3\r\nLine4&quot;)" computerName="konstantins-macbook-pro" duration="00:00:00.0000025" startTime="2025-08-19T09:39:17.8371020+02:00" endTime="2025-08-19T09:39:17.8371230+02:00" testType="13cdc9d9-ddb5-4fa4-a97d-d965ccfc6d4b" outcome="Passed" testListId="8c84fa94-04c1-424b-9868-57a2d4851a1d" relativeResultsDirectory="b6113b3c-65ea-46e3-b665-cb3c8e486928" />
    <UnitTestResult executionId="7b79e98c-863f-4ce4-8a88-41b745ac0716" testId="9e6b2fdc-ba36-b67a-aab8-2a3f304493c5" testName="ManagedCode.Storage.Tests.Core.StringStreamComparisonTests.StringStreams_Comparison_BothShouldHandleStringInput(input: &quot;Hello&quot;)" computerName="konstantins-macbook-pro" duration="00:00:00.0000049" startTime="2025-08-19T09:39:17.8381430+02:00" endTime="2025-08-19T09:39:17.8381670+02:00" testType="13cdc9d9-ddb5-4fa4-a97d-d965ccfc6d4b" outcome="Passed" testListId="8c84fa94-04c1-424b-9868-57a2d4851a1d" relativeResultsDirectory="7b79e98c-863f-4ce4-8a88-41b745ac0716" />
    <UnitTestResult executionId="702c4f34-cc81-4f89-bb35-95aa0576a226" testId="50de544a-9dd8-5164-634e-0c17c9f1bd5c" testName="ManagedCode.Storage.Tests.Core.StringStreamTests.StringStream_SeekInvalidOrigin_ShouldThrowArgumentOutOfRangeException(invalidOrigin: -1)" computerName="konstantins-macbook-pro" duration="00:00:00.0004798" startTime="2025-08-19T09:39:17.8208480+02:00" endTime="2025-08-19T09:39:17.8208750+02:00" testType="13cdc9d9-ddb5-4fa4-a97d-d965ccfc6d4b" outcome="Passed" testListId="8c84fa94-04c1-424b-9868-57a2d4851a1d" relativeResultsDirectory="702c4f34-cc81-4f89-bb35-95aa0576a226" />
    <UnitTestResult executionId="c3f182b6-2728-4507-8add-b88930f5e487" testId="b69f0989-f64e-99e4-b30c-4f29c8913a43" testName="ManagedCode.Storage.Tests.Core.SimpleStringStreamTests.Utf8StringStream_VariousInputs_ShouldPreserveContent(input: &quot;\ud83d\ude80\ud83c\udf0d\ud83d\udcbb&quot;)" computerName="konstantins-macbook-pro" duration="00:00:00.0000027" startTime="2025-08-19T09:39:17.8417560+02:00" endTime="2025-08-19T09:39:17.8417780+02:00" testType="13cdc9d9-ddb5-4fa4-a97d-d965ccfc6d4b" outcome="Passed" testListId="8c84fa94-04c1-424b-9868-57a2d4851a1d" relativeResultsDirectory="c3f182b6-2728-4507-8add-b88930f5e487" />
    <UnitTestResult executionId="114ed4b3-084e-4ca4-a594-d667177b6e86" testId="849a66ce-b8c6-e4ce-4930-76eeba7453ce" testName="ManagedCode.Storage.Tests.Core.StringStreamTests.StringStream_PositionProperty_ShouldWorkCorrectly(input: &quot;&quot;)" computerName="konstantins-macbook-pro" duration="00:00:00.0000022" startTime="2025-08-19T09:39:17.8210900+02:00" endTime="2025-08-19T09:39:17.8211120+02:00" testType="13cdc9d9-ddb5-4fa4-a97d-d965ccfc6d4b" outcome="Passed" testListId="8c84fa94-04c1-424b-9868-57a2d4851a1d" relativeResultsDirectory="114ed4b3-084e-4ca4-a594-d667177b6e86" />
    <UnitTestResult executionId="9b30d62e-0d41-4291-be65-cebe8f23fb54" testId="1f8cb884-c07f-bb64-7b03-a5c4eabfbe7c" testName="ManagedCode.Storage.Tests.Core.Utf8StringStreamTests.Utf8StringStream_Seek_ShouldSetCorrectPosition(input: &quot;Seek test&quot;, offset: 5, origin: Begin, expectedPosition: 5)" computerName="konstantins-macbook-pro" duration="00:00:00.0000019" startTime="2025-08-19T09:39:17.8409220+02:00" endTime="2025-08-19T09:39:17.8409430+02:00" testType="13cdc9d9-ddb5-4fa4-a97d-d965ccfc6d4b" outcome="Passed" testListId="8c84fa94-04c1-424b-9868-57a2d4851a1d" relativeResultsDirectory="9b30d62e-0d41-4291-be65-cebe8f23fb54" />
    <UnitTestResult executionId="9af9b763-3c20-46e2-b85e-e4e0d01d75ad" testId="3fafefe7-5c0c-2a41-345e-3df95ea8df3a" testName="ManagedCode.Storage.Tests.Core.Utf8StringStreamTests.Utf8StringStream_LargeText_ShouldHandleEfficiently(textSize: 102400)" computerName="konstantins-macbook-pro" duration="00:00:00.0009574" startTime="2025-08-19T09:39:17.8428540+02:00" endTime="2025-08-19T09:39:17.8439250+02:00" testType="13cdc9d9-ddb5-4fa4-a97d-d965ccfc6d4b" outcome="Passed" testListId="8c84fa94-04c1-424b-9868-57a2d4851a1d" relativeResultsDirectory="9af9b763-3c20-46e2-b85e-e4e0d01d75ad" />
    <UnitTestResult executionId="414da4e8-46b4-48d5-aabc-d3c1fad2c504" testId="1f15a6bb-48ad-1aed-fb98-6fdfa9bfbe0f" testName="ManagedCode.Storage.Tests.Core.Utf8StringStreamTests.Utf8StringStream_BasicProperties_ShouldBeCorrect(input: &quot;Привіт, Світ! \ud83c\udf0d&quot;)" computerName="konstantins-macbook-pro" duration="00:00:00.0000390" startTime="2025-08-19T09:39:17.8413720+02:00" endTime="2025-08-19T09:39:17.8414200+02:00" testType="13cdc9d9-ddb5-4fa4-a97d-d965ccfc6d4b" outcome="Passed" testListId="8c84fa94-04c1-424b-9868-57a2d4851a1d" relativeResultsDirectory="414da4e8-46b4-48d5-aabc-d3c1fad2c504" />
    <UnitTestResult executionId="5d1ce4c9-1e2e-4f17-be4f-c2902c49252e" testId="342010cd-02b3-1061-32e8-5d2c15d0f500" testName="ManagedCode.Storage.Tests.Core.SimpleStringStreamTests.Utf8StringStream_VariousInputs_ShouldPreserveContent(input: &quot;Hello, World!&quot;)" computerName="konstantins-macbook-pro" duration="00:00:00.0000020" startTime="2025-08-19T09:39:17.8421060+02:00" endTime="2025-08-19T09:39:17.8421350+02:00" testType="13cdc9d9-ddb5-4fa4-a97d-d965ccfc6d4b" outcome="Passed" testListId="8c84fa94-04c1-424b-9868-57a2d4851a1d" relativeResultsDirectory="5d1ce4c9-1e2e-4f17-be4f-c2902c49252e" />
    <UnitTestResult executionId="b73030b1-4c3d-470e-9be6-bcf7e9298a9c" testId="bb42f50d-4a32-caa3-82b4-bc7955df98a6" testName="ManagedCode.Storage.Tests.Core.StringStreamComparisonTests.StringStreams_MemoryEfficiency_Utf8StreamShouldBeMoreEfficient" computerName="konstantins-macbook-pro" duration="00:00:00.0078438" startTime="2025-08-19T09:39:17.8047540+02:00" endTime="2025-08-19T09:39:17.8146430+02:00" testType="13cdc9d9-ddb5-4fa4-a97d-d965ccfc6d4b" outcome="Passed" testListId="8c84fa94-04c1-424b-9868-57a2d4851a1d" relativeResultsDirectory="b73030b1-4c3d-470e-9be6-bcf7e9298a9c" />
    <UnitTestResult executionId="d2970827-40c2-4838-96e9-5cfe4382b64f" testId="63619e94-f458-9ad2-da9e-1f6416a15335" testName="ManagedCode.Storage.Tests.Core.Utf8StringStreamTests.Utf8StringStream_BasicProperties_ShouldBeCorrect(input: &quot;Lorem ipsum dolor sit amet, consectetur adipiscing&quot;···)" computerName="konstantins-macbook-pro" duration="00:00:00.0000041" startTime="2025-08-19T09:39:17.8415140+02:00" endTime="2025-08-19T09:39:17.8415360+02:00" testType="13cdc9d9-ddb5-4fa4-a97d-d965ccfc6d4b" outcome="Passed" testListId="8c84fa94-04c1-424b-9868-57a2d4851a1d" relativeResultsDirectory="d2970827-40c2-4838-96e9-5cfe4382b64f" />
    <UnitTestResult executionId="41ca0348-d534-453f-9ef4-14b5077234fc" testId="c9ff7422-baeb-5b2b-c9aa-20ffa6456554" testName="ManagedCode.Storage.Tests.Core.StringStreamTests.StringStream_SeekInvalidOrigin_ShouldThrowArgumentOutOfRangeException(invalidOrigin: 3)" computerName="konstantins-macbook-pro" duration="00:00:00.0093627" startTime="2025-08-19T09:39:17.8040450+02:00" endTime="2025-08-19T09:39:17.8205840+02:00" testType="13cdc9d9-ddb5-4fa4-a97d-d965ccfc6d4b" outcome="Passed" testListId="8c84fa94-04c1-424b-9868-57a2d4851a1d" relativeResultsDirectory="41ca0348-d534-453f-9ef4-14b5077234fc" />
    <UnitTestResult executionId="d42f727b-f64d-4a22-967c-ba8db9e9ed08" testId="ffbb94dd-bfc2-7098-504f-578b7b9406fa" testName="ManagedCode.Storage.Tests.Core.Utf8StringStreamTests.Utf8StringStream_BasicProperties_ShouldBeCorrect(input: &quot;Hello, World!&quot;)" computerName="konstantins-macbook-pro" duration="00:00:00.0001388" startTime="2025-08-19T09:39:17.8409960+02:00" endTime="2025-08-19T09:39:17.8410600+02:00" testType="13cdc9d9-ddb5-4fa4-a97d-d965ccfc6d4b" outcome="Passed" testListId="8c84fa94-04c1-424b-9868-57a2d4851a1d" relativeResultsDirectory="d42f727b-f64d-4a22-967c-ba8db9e9ed08" />
    <UnitTestResult executionId="d27a959a-4bf9-4e3d-a4c9-4813c11856db" testId="a61d4595-4c4e-f47c-301d-27345e2b3654" testName="ManagedCode.Storage.Tests.Core.SimpleStringStreamTests.StringStream_SimpleString_ShouldWork" computerName="konstantins-macbook-pro" duration="00:00:00.0000665" startTime="2025-08-19T09:39:17.8437620+02:00" endTime="2025-08-19T09:39:17.8437860+02:00" testType="13cdc9d9-ddb5-4fa4-a97d-d965ccfc6d4b" outcome="Passed" testListId="8c84fa94-04c1-424b-9868-57a2d4851a1d" relativeResultsDirectory="d27a959a-4bf9-4e3d-a4c9-4813c11856db" />
    <UnitTestResult executionId="6534d5eb-10fc-4080-9437-a68b8cc2b535" testId="7a763dac-99c0-7bca-6cc8-7e4fca4d5bbe" testName="ManagedCode.Storage.Tests.Core.SimpleStringStreamTests.Utf8StringStream_ReadAllBytes_ShouldMatchOriginal" computerName="konstantins-macbook-pro" duration="00:00:00.0205185" startTime="2025-08-19T09:39:17.8047170+02:00" endTime="2025-08-19T09:39:17.8401170+02:00" testType="13cdc9d9-ddb5-4fa4-a97d-d965ccfc6d4b" outcome="Passed" testListId="8c84fa94-04c1-424b-9868-57a2d4851a1d" relativeResultsDirectory="6534d5eb-10fc-4080-9437-a68b8cc2b535" />
    <UnitTestResult executionId="fcf7ae6b-29f7-4af6-8074-98c679db9bec" testId="9580e795-7807-9099-96cc-55136a1dca6c" testName="ManagedCode.Storage.Tests.Core.StringStreamComparisonTests.StringStreams_Comparison_BothShouldHandleStringInput(input: &quot;Unicode: \ud83d\ude80\ud83c\udf0d\ud83d\udcbb\ud83d\udcf1\ud83c\udf89&quot;)" computerName="konstantins-macbook-pro" duration="00:00:00.0000034" startTime="2025-08-19T09:39:17.8382130+02:00" endTime="2025-08-19T09:39:17.8382340+02:00" testType="13cdc9d9-ddb5-4fa4-a97d-d965ccfc6d4b" outcome="Passed" testListId="8c84fa94-04c1-424b-9868-57a2d4851a1d" relativeResultsDirectory="fcf7ae6b-29f7-4af6-8074-98c679db9bec" />
  </Results>
  <TestDefinitions>
    <UnitTest name="ManagedCode.Storage.Tests.Core.Utf8StringStreamTests.Utf8StringStream_CreateFromBytes_ShouldWorkCorrectly" storage="/users/ksemenenko/developer/storage/tests/managedcode.storage.tests/bin/debug/net9.0/managedcode.storage.tests.dll" id="5391a952-189f-cdb6-0b88-cc56c4b75956">
      <Execution id="ec5f5f78-9014-42a7-a605-9ceafc9a4611" />
      <TestMethod codeBase="/Users/ksemenenko/Developer/Storage/Tests/ManagedCode.Storage.Tests/bin/Debug/net9.0/ManagedCode.Storage.Tests.dll" adapterTypeName="executor://xunit/VsTestRunner3/netcore/" className="ManagedCode.Storage.Tests.Core.Utf8StringStreamTests" name="Utf8StringStream_CreateFromBytes_ShouldWorkCorrectly" />
    </UnitTest>
    <UnitTest name="ManagedCode.Storage.Tests.Core.Utf8StringStreamTests.Utf8StringStream_CreatePooled_ShouldWorkCorrectly" storage="/users/ksemenenko/developer/storage/tests/managedcode.storage.tests/bin/debug/net9.0/managedcode.storage.tests.dll" id="b7dcf636-afcb-c635-c549-c32cbe067cf6">
      <Execution id="19e6ba45-7d12-4ecc-90e8-dc42aa7bf06e" />
      <TestMethod codeBase="/Users/ksemenenko/Developer/Storage/Tests/ManagedCode.Storage.Tests/bin/Debug/net9.0/ManagedCode.Storage.Tests.dll" adapterTypeName="executor://xunit/VsTestRunner3/netcore/" className="ManagedCode.Storage.Tests.Core.Utf8StringStreamTests" name="Utf8StringStream_CreatePooled_ShouldWorkCorrectly" />
    </UnitTest>
    <UnitTest name="ManagedCode.Storage.Tests.Core.SimpleStringStreamTests.StringStream_EmptyString_ShouldWork" storage="/users/ksemenenko/developer/storage/tests/managedcode.storage.tests/bin/debug/net9.0/managedcode.storage.tests.dll" id="7b0ac6e5-a5d5-9f56-d0ee-ac79bd340ddc">
      <Execution id="b21918c7-f6e9-4809-bc30-cc2300b21fe2" />
      <TestMethod codeBase="/Users/ksemenenko/Developer/Storage/Tests/ManagedCode.Storage.Tests/bin/Debug/net9.0/ManagedCode.Storage.Tests.dll" adapterTypeName="executor://xunit/VsTestRunner3/netcore/" className="ManagedCode.Storage.Tests.Core.SimpleStringStreamTests" name="StringStream_EmptyString_ShouldWork" />
    </UnitTest>
    <UnitTest name="ManagedCode.Storage.Tests.Core.SimpleStringStreamTests.Utf8StringStream_VariousInputs_ShouldPreserveContent(input: &quot;A&quot;)" storage="/users/ksemenenko/developer/storage/tests/managedcode.storage.tests/bin/debug/net9.0/managedcode.storage.tests.dll" id="c77365c0-3e9c-1c66-249b-242093651516">
      <Execution id="0b6063fb-0d04-4590-9e81-10a96d508b61" />
      <TestMethod codeBase="/Users/ksemenenko/Developer/Storage/Tests/ManagedCode.Storage.Tests/bin/Debug/net9.0/ManagedCode.Storage.Tests.dll" adapterTypeName="executor://xunit/VsTestRunner3/netcore/" className="ManagedCode.Storage.Tests.Core.SimpleStringStreamTests" name="Utf8StringStream_VariousInputs_ShouldPreserveContent" />
    </UnitTest>
    <UnitTest name="ManagedCode.Storage.Tests.Core.StringStreamTests.StringStream_Seek_ShouldSetCorrectPosition(input: &quot;Seek test&quot;, offset: 0, origin: Begin, expectedPosition: 0)" storage="/users/ksemenenko/developer/storage/tests/managedcode.storage.tests/bin/debug/net9.0/managedcode.storage.tests.dll" id="887261a7-f317-e30c-3bb4-1ca04e082c6c">
      <Execution id="2d61b4cf-b763-4114-a603-eeaf38c3557e" />
      <TestMethod codeBase="/Users/ksemenenko/Developer/Storage/Tests/ManagedCode.Storage.Tests/bin/Debug/net9.0/ManagedCode.Storage.Tests.dll" adapterTypeName="executor://xunit/VsTestRunner3/netcore/" className="ManagedCode.Storage.Tests.Core.StringStreamTests" name="StringStream_Seek_ShouldSetCorrectPosition" />
    </UnitTest>
    <UnitTest name="ManagedCode.Storage.Tests.Core.Utf8StringStreamTests.Utf8StringStream_Seek_ShouldSetCorrectPosition(input: &quot;Seek test&quot;, offset: 0, origin: Begin, expectedPosition: 0)" storage="/users/ksemenenko/developer/storage/tests/managedcode.storage.tests/bin/debug/net9.0/managedcode.storage.tests.dll" id="01ddb6c7-e92c-7720-f26a-69a41617b8d8">
      <Execution id="1d5b3519-49df-442d-8aff-8ce349eb49ad" />
      <TestMethod codeBase="/Users/ksemenenko/Developer/Storage/Tests/ManagedCode.Storage.Tests/bin/Debug/net9.0/ManagedCode.Storage.Tests.dll" adapterTypeName="executor://xunit/VsTestRunner3/netcore/" className="ManagedCode.Storage.Tests.Core.Utf8StringStreamTests" name="Utf8StringStream_Seek_ShouldSetCorrectPosition" />
    </UnitTest>
    <UnitTest name="ManagedCode.Storage.Tests.Core.SimpleStringStreamTests.Utf8StringStream_Seek_ShouldWork" storage="/users/ksemenenko/developer/storage/tests/managedcode.storage.tests/bin/debug/net9.0/managedcode.storage.tests.dll" id="125300a4-7985-7807-4a90-e11ce1639a1a">
      <Execution id="8ca0db44-4c84-4007-bb41-939657d1c1e6" />
      <TestMethod codeBase="/Users/ksemenenko/Developer/Storage/Tests/ManagedCode.Storage.Tests/bin/Debug/net9.0/ManagedCode.Storage.Tests.dll" adapterTypeName="executor://xunit/VsTestRunner3/netcore/" className="ManagedCode.Storage.Tests.Core.SimpleStringStreamTests" name="Utf8StringStream_Seek_ShouldWork" />
    </UnitTest>
    <UnitTest name="ManagedCode.Storage.Tests.Core.Utf8StringStreamTests.Utf8StringStream_LargeText_ShouldHandleEfficiently(textSize: 1024)" storage="/users/ksemenenko/developer/storage/tests/managedcode.storage.tests/bin/debug/net9.0/managedcode.storage.tests.dll" id="3da28b23-d208-5438-7511-91e2de310751">
      <Execution id="90566e58-b91c-49d7-8f26-367ece8bb7c7" />
      <TestMethod codeBase="/Users/ksemenenko/Developer/Storage/Tests/ManagedCode.Storage.Tests/bin/Debug/net9.0/ManagedCode.Storage.Tests.dll" adapterTypeName="executor://xunit/VsTestRunner3/netcore/" className="ManagedCode.Storage.Tests.Core.Utf8StringStreamTests" name="Utf8StringStream_LargeText_ShouldHandleEfficiently" />
    </UnitTest>
    <UnitTest name="ManagedCode.Storage.Tests.Core.Utf8StringStreamTests.Utf8StringStream_ToStringFromPosition_ShouldReturnRemainingText" storage="/users/ksemenenko/developer/storage/tests/managedcode.storage.tests/bin/debug/net9.0/managedcode.storage.tests.dll" id="3933f419-3c5f-8e29-3318-098a626ce895">
      <Execution id="9cb72adf-24f7-4ff9-b068-e05d05dd6bf7" />
      <TestMethod codeBase="/Users/ksemenenko/Developer/Storage/Tests/ManagedCode.Storage.Tests/bin/Debug/net9.0/ManagedCode.Storage.Tests.dll" adapterTypeName="executor://xunit/VsTestRunner3/netcore/" className="ManagedCode.Storage.Tests.Core.Utf8StringStreamTests" name="Utf8StringStream_ToStringFromPosition_ShouldReturnRemainingText" />
    </UnitTest>
    <UnitTest name="ManagedCode.Storage.Tests.Core.Utf8StringStreamTests.Utf8StringStream_ReadSpan_ShouldWorkCorrectly" storage="/users/ksemenenko/developer/storage/tests/managedcode.storage.tests/bin/debug/net9.0/managedcode.storage.tests.dll" id="b41c0988-3e29-3765-03a6-4d384ca45b51">
      <Execution id="af8cdc7a-c14b-475f-918f-d982f687e6ef" />
      <TestMethod codeBase="/Users/ksemenenko/Developer/Storage/Tests/ManagedCode.Storage.Tests/bin/Debug/net9.0/ManagedCode.Storage.Tests.dll" adapterTypeName="executor://xunit/VsTestRunner3/netcore/" className="ManagedCode.Storage.Tests.Core.Utf8StringStreamTests" name="Utf8StringStream_ReadSpan_ShouldWorkCorrectly" />
    </UnitTest>
    <UnitTest name="ManagedCode.Storage.Tests.Core.StringStreamTests.StringStream_WriteOperations_ShouldThrowNotSupportedException" storage="/users/ksemenenko/developer/storage/tests/managedcode.storage.tests/bin/debug/net9.0/managedcode.storage.tests.dll" id="6fceef5e-7f01-6236-5e56-d9f7d55423f8">
      <Execution id="241d8cf5-c80b-4243-bc5c-2a9f8b9be2eb" />
      <TestMethod codeBase="/Users/ksemenenko/Developer/Storage/Tests/ManagedCode.Storage.Tests/bin/Debug/net9.0/ManagedCode.Storage.Tests.dll" adapterTypeName="executor://xunit/VsTestRunner3/netcore/" className="ManagedCode.Storage.Tests.Core.StringStreamTests" name="StringStream_WriteOperations_ShouldThrowNotSupportedException" />
    </UnitTest>
    <UnitTest name="ManagedCode.Storage.Tests.Core.StringStreamTests.StringStream_PositionProperty_ShouldWorkCorrectly(input: &quot;&quot;)" storage="/users/ksemenenko/developer/storage/tests/managedcode.storage.tests/bin/debug/net9.0/managedcode.storage.tests.dll" id="849a66ce-b8c6-e4ce-4930-76eeba7453ce">
      <Execution id="114ed4b3-084e-4ca4-a594-d667177b6e86" />
      <TestMethod codeBase="/Users/ksemenenko/Developer/Storage/Tests/ManagedCode.Storage.Tests/bin/Debug/net9.0/ManagedCode.Storage.Tests.dll" adapterTypeName="executor://xunit/VsTestRunner3/netcore/" className="ManagedCode.Storage.Tests.Core.StringStreamTests" name="StringStream_PositionProperty_ShouldWorkCorrectly" />
    </UnitTest>
    <UnitTest name="ManagedCode.Storage.Tests.Core.Utf8StringStreamTests.Utf8StringStream_Seek_ShouldSetCorrectPosition(input: &quot;Test \ud83d\ude80&quot;, offset: 0, origin: End, expectedPosition: 8)" storage="/users/ksemenenko/developer/storage/tests/managedcode.storage.tests/bin/debug/net9.0/managedcode.storage.tests.dll" id="224df51b-7010-6b1a-c16c-d761d8936de6">
      <Execution id="a305c06a-7357-4eb9-8c4a-1759f6c16b32" />
      <TestMethod codeBase="/Users/ksemenenko/Developer/Storage/Tests/ManagedCode.Storage.Tests/bin/Debug/net9.0/ManagedCode.Storage.Tests.dll" adapterTypeName="executor://xunit/VsTestRunner3/netcore/" className="ManagedCode.Storage.Tests.Core.Utf8StringStreamTests" name="Utf8StringStream_Seek_ShouldSetCorrectPosition" />
    </UnitTest>
    <UnitTest name="ManagedCode.Storage.Tests.Core.StringStreamTests.StringStream_Seek_ShouldSetCorrectPosition(input: &quot;Seek test&quot;, offset: 5, origin: Begin, expectedPosition: 5)" storage="/users/ksemenenko/developer/storage/tests/managedcode.storage.tests/bin/debug/net9.0/managedcode.storage.tests.dll" id="78eb3db3-3066-66e2-ce77-e57ed60300e3">
      <Execution id="1f5ef1fd-1533-40ef-937c-08949075c2c4" />
      <TestMethod codeBase="/Users/ksemenenko/Developer/Storage/Tests/ManagedCode.Storage.Tests/bin/Debug/net9.0/ManagedCode.Storage.Tests.dll" adapterTypeName="executor://xunit/VsTestRunner3/netcore/" className="ManagedCode.Storage.Tests.Core.StringStreamTests" name="StringStream_Seek_ShouldSetCorrectPosition" />
    </UnitTest>
    <UnitTest name="ManagedCode.Storage.Tests.Core.Utf8StringStreamTests.Utf8StringStream_GetUtf8Methods_ShouldProvideZeroCopyAccess" storage="/users/ksemenenko/developer/storage/tests/managedcode.storage.tests/bin/debug/net9.0/managedcode.storage.tests.dll" id="f2d8bff6-c16e-054f-6311-b7aec6bffe2f">
      <Execution id="3dd72714-544b-4362-b022-bcf200e3e884" />
      <TestMethod codeBase="/Users/ksemenenko/Developer/Storage/Tests/ManagedCode.Storage.Tests/bin/Debug/net9.0/ManagedCode.Storage.Tests.dll" adapterTypeName="executor://xunit/VsTestRunner3/netcore/" className="ManagedCode.Storage.Tests.Core.Utf8StringStreamTests" name="Utf8StringStream_GetUtf8Methods_ShouldProvideZeroCopyAccess" />
    </UnitTest>
    <UnitTest name="ManagedCode.Storage.Tests.Core.StringStreamTests.StringStream_SeekInvalidOrigin_ShouldThrowArgumentOutOfRangeException(invalidOrigin: 3)" storage="/users/ksemenenko/developer/storage/tests/managedcode.storage.tests/bin/debug/net9.0/managedcode.storage.tests.dll" id="c9ff7422-baeb-5b2b-c9aa-20ffa6456554">
      <Execution id="41ca0348-d534-453f-9ef4-14b5077234fc" />
      <TestMethod codeBase="/Users/ksemenenko/Developer/Storage/Tests/ManagedCode.Storage.Tests/bin/Debug/net9.0/ManagedCode.Storage.Tests.dll" adapterTypeName="executor://xunit/VsTestRunner3/netcore/" className="ManagedCode.Storage.Tests.Core.StringStreamTests" name="StringStream_SeekInvalidOrigin_ShouldThrowArgumentOutOfRangeException" />
    </UnitTest>
    <UnitTest name="ManagedCode.Storage.Tests.Core.Utf8StringStreamTests.Utf8StringStream_WriteOperations_ShouldThrowNotSupportedException" storage="/users/ksemenenko/developer/storage/tests/managedcode.storage.tests/bin/debug/net9.0/managedcode.storage.tests.dll" id="6fe5a36d-0c48-51c3-f7e6-02cb8293552a">
      <Execution id="e22b7388-8498-4a28-8b9e-97f2f62b4da4" />
      <TestMethod codeBase="/Users/ksemenenko/Developer/Storage/Tests/ManagedCode.Storage.Tests/bin/Debug/net9.0/ManagedCode.Storage.Tests.dll" adapterTypeName="executor://xunit/VsTestRunner3/netcore/" className="ManagedCode.Storage.Tests.Core.Utf8StringStreamTests" name="Utf8StringStream_WriteOperations_ShouldThrowNotSupportedException" />
    </UnitTest>
    <UnitTest name="ManagedCode.Storage.Tests.Core.StringStreamTests.StringStream_BasicProperties_ShouldBeCorrect(input: &quot;&quot;)" storage="/users/ksemenenko/developer/storage/tests/managedcode.storage.tests/bin/debug/net9.0/managedcode.storage.tests.dll" id="b61dfa92-ebc3-9f87-125d-b47e04a1333d">
      <Execution id="7d02eea3-9a74-4027-b77f-a7b985a25976" />
      <TestMethod codeBase="/Users/ksemenenko/Developer/Storage/Tests/ManagedCode.Storage.Tests/bin/Debug/net9.0/ManagedCode.Storage.Tests.dll" adapterTypeName="executor://xunit/VsTestRunner3/netcore/" className="ManagedCode.Storage.Tests.Core.StringStreamTests" name="StringStream_BasicProperties_ShouldBeCorrect" />
    </UnitTest>
    <UnitTest name="ManagedCode.Storage.Tests.Core.StringStreamTests.StringStream_ReadBeyondLength_ShouldReturnZero" storage="/users/ksemenenko/developer/storage/tests/managedcode.storage.tests/bin/debug/net9.0/managedcode.storage.tests.dll" id="6a56c861-0c4e-824f-e886-7da0de033ca2">
      <Execution id="c03bea23-0da1-4714-8b23-929f4026e97e" />
      <TestMethod codeBase="/Users/ksemenenko/Developer/Storage/Tests/ManagedCode.Storage.Tests/bin/Debug/net9.0/ManagedCode.Storage.Tests.dll" adapterTypeName="executor://xunit/VsTestRunner3/netcore/" className="ManagedCode.Storage.Tests.Core.StringStreamTests" name="StringStream_ReadBeyondLength_ShouldReturnZero" />
    </UnitTest>
    <UnitTest name="ManagedCode.Storage.Tests.Core.SimpleStringStreamTests.Utf8StringStream_VariousInputs_ShouldPreserveContent(input: &quot;Mixed: English + Українська&quot;)" storage="/users/ksemenenko/developer/storage/tests/managedcode.storage.tests/bin/debug/net9.0/managedcode.storage.tests.dll" id="3201bee2-80f6-967c-18eb-ea440fbe044e">
      <Execution id="5db157c0-6a9b-4429-b809-75357e2952d8" />
      <TestMethod codeBase="/Users/ksemenenko/Developer/Storage/Tests/ManagedCode.Storage.Tests/bin/Debug/net9.0/ManagedCode.Storage.Tests.dll" adapterTypeName="executor://xunit/VsTestRunner3/netcore/" className="ManagedCode.Storage.Tests.Core.SimpleStringStreamTests" name="Utf8StringStream_VariousInputs_ShouldPreserveContent" />
    </UnitTest>
    <UnitTest name="ManagedCode.Storage.Tests.Core.SimpleStringStreamTests.Utf8StringStream_EmptyString_ShouldWork" storage="/users/ksemenenko/developer/storage/tests/managedcode.storage.tests/bin/debug/net9.0/managedcode.storage.tests.dll" id="6d85f5eb-d2e7-a8d6-2975-8bf439b51e19">
      <Execution id="d126e1e3-31e8-4254-becc-1d933dbaf912" />
      <TestMethod codeBase="/Users/ksemenenko/Developer/Storage/Tests/ManagedCode.Storage.Tests/bin/Debug/net9.0/ManagedCode.Storage.Tests.dll" adapterTypeName="executor://xunit/VsTestRunner3/netcore/" className="ManagedCode.Storage.Tests.Core.SimpleStringStreamTests" name="Utf8StringStream_EmptyString_ShouldWork" />
    </UnitTest>
    <UnitTest name="ManagedCode.Storage.Tests.Core.SimpleStringStreamTests.Utf8StringStream_VariousInputs_ShouldPreserveContent(input: &quot;&quot;)" storage="/users/ksemenenko/developer/storage/tests/managedcode.storage.tests/bin/debug/net9.0/managedcode.storage.tests.dll" id="5ceb407e-47f1-6e29-387c-e5aef4f7c84e">
      <Execution id="970c30ab-bacf-4067-86bc-05d2253f683c" />
      <TestMethod codeBase="/Users/ksemenenko/Developer/Storage/Tests/ManagedCode.Storage.Tests/bin/Debug/net9.0/ManagedCode.Storage.Tests.dll" adapterTypeName="executor://xunit/VsTestRunner3/netcore/" className="ManagedCode.Storage.Tests.Core.SimpleStringStreamTests" name="Utf8StringStream_VariousInputs_ShouldPreserveContent" />
    </UnitTest>
    <UnitTest name="ManagedCode.Storage.Tests.Core.SimpleStringStreamTests.Utf8StringStream_ReadAllBytes_ShouldMatchOriginal" storage="/users/ksemenenko/developer/storage/tests/managedcode.storage.tests/bin/debug/net9.0/managedcode.storage.tests.dll" id="7a763dac-99c0-7bca-6cc8-7e4fca4d5bbe">
      <Execution id="6534d5eb-10fc-4080-9437-a68b8cc2b535" />
      <TestMethod codeBase="/Users/ksemenenko/Developer/Storage/Tests/ManagedCode.Storage.Tests/bin/Debug/net9.0/ManagedCode.Storage.Tests.dll" adapterTypeName="executor://xunit/VsTestRunner3/netcore/" className="ManagedCode.Storage.Tests.Core.SimpleStringStreamTests" name="Utf8StringStream_ReadAllBytes_ShouldMatchOriginal" />
    </UnitTest>
    <UnitTest name="ManagedCode.Storage.Tests.Core.Utf8StringStreamTests.Utf8StringStream_InvalidPositionSet_ShouldThrowArgumentOutOfRangeException" storage="/users/ksemenenko/developer/storage/tests/managedcode.storage.tests/bin/debug/net9.0/managedcode.storage.tests.dll" id="db1f64bc-1c39-f2b1-b9be-07b59cb06e97">
      <Execution id="4f5d8078-e9e8-489a-8713-bdbcf0e7e6a1" />
      <TestMethod codeBase="/Users/ksemenenko/Developer/Storage/Tests/ManagedCode.Storage.Tests/bin/Debug/net9.0/ManagedCode.Storage.Tests.dll" adapterTypeName="executor://xunit/VsTestRunner3/netcore/" className="ManagedCode.Storage.Tests.Core.Utf8StringStreamTests" name="Utf8StringStream_InvalidPositionSet_ShouldThrowArgumentOutOfRangeException" />
    </UnitTest>
    <UnitTest name="ManagedCode.Storage.Tests.Core.SimpleStringStreamTests.StringStreams_MemoryComparison_Utf8ShouldBeMoreEfficient" storage="/users/ksemenenko/developer/storage/tests/managedcode.storage.tests/bin/debug/net9.0/managedcode.storage.tests.dll" id="7fae1bcc-32ac-8350-8eab-458e57e8d727">
      <Execution id="ae1cdb14-b068-4d97-936f-5367ba43efad" />
      <TestMethod codeBase="/Users/ksemenenko/Developer/Storage/Tests/ManagedCode.Storage.Tests/bin/Debug/net9.0/ManagedCode.Storage.Tests.dll" adapterTypeName="executor://xunit/VsTestRunner3/netcore/" className="ManagedCode.Storage.Tests.Core.SimpleStringStreamTests" name="StringStreams_MemoryComparison_Utf8ShouldBeMoreEfficient" />
    </UnitTest>
    <UnitTest name="ManagedCode.Storage.Tests.Core.Utf8StringStreamTests.Utf8StringStream_LargeText_ShouldHandleEfficiently(textSize: 10240)" storage="/users/ksemenenko/developer/storage/tests/managedcode.storage.tests/bin/debug/net9.0/managedcode.storage.tests.dll" id="6532b54e-97cc-a41a-96eb-6773d83a5c20">
      <Execution id="442ec731-6be3-48f3-99c8-bd2c11a06871" />
      <TestMethod codeBase="/Users/ksemenenko/Developer/Storage/Tests/ManagedCode.Storage.Tests/bin/Debug/net9.0/ManagedCode.Storage.Tests.dll" adapterTypeName="executor://xunit/VsTestRunner3/netcore/" className="ManagedCode.Storage.Tests.Core.Utf8StringStreamTests" name="Utf8StringStream_LargeText_ShouldHandleEfficiently" />
    </UnitTest>
    <UnitTest name="ManagedCode.Storage.Tests.Core.StringStreamTests.StringStream_Seek_ShouldSetCorrectPosition(input: &quot;Seek test&quot;, offset: 3, origin: Current, expectedPosition: 3)" storage="/users/ksemenenko/developer/storage/tests/managedcode.storage.tests/bin/debug/net9.0/managedcode.storage.tests.dll" id="5e26c8c2-8682-d8ea-46ae-d436c054b013">
      <Execution id="5eaeef6f-4305-47d8-a64a-099710cef3b1" />
      <TestMethod codeBase="/Users/ksemenenko/Developer/Storage/Tests/ManagedCode.Storage.Tests/bin/Debug/net9.0/ManagedCode.Storage.Tests.dll" adapterTypeName="executor://xunit/VsTestRunner3/netcore/" className="ManagedCode.Storage.Tests.Core.StringStreamTests" name="StringStream_Seek_ShouldSetCorrectPosition" />
    </UnitTest>
    <UnitTest name="ManagedCode.Storage.Tests.Core.SimpleStringStreamTests.Utf8StringStream_SimpleString_ShouldWork" storage="/users/ksemenenko/developer/storage/tests/managedcode.storage.tests/bin/debug/net9.0/managedcode.storage.tests.dll" id="f8a3eb80-414e-0b36-187c-315bc67adce0">
      <Execution id="b0d80392-42ed-4ffe-a9b3-5687e30c25ff" />
      <TestMethod codeBase="/Users/ksemenenko/Developer/Storage/Tests/ManagedCode.Storage.Tests/bin/Debug/net9.0/ManagedCode.Storage.Tests.dll" adapterTypeName="executor://xunit/VsTestRunner3/netcore/" className="ManagedCode.Storage.Tests.Core.SimpleStringStreamTests" name="Utf8StringStream_SimpleString_ShouldWork" />
    </UnitTest>
    <UnitTest name="ManagedCode.Storage.Tests.Core.StringStreamTests.StringStream_ReadBuffer_ShouldReturnCorrectData(input: &quot;Тест&quot;)" storage="/users/ksemenenko/developer/storage/tests/managedcode.storage.tests/bin/debug/net9.0/managedcode.storage.tests.dll" id="4f92d651-8f09-11e5-e432-a36f0058db7e">
      <Execution id="1343437d-7002-43dd-87f3-69cee84ea9a4" />
      <TestMethod codeBase="/Users/ksemenenko/Developer/Storage/Tests/ManagedCode.Storage.Tests/bin/Debug/net9.0/ManagedCode.Storage.Tests.dll" adapterTypeName="executor://xunit/VsTestRunner3/netcore/" className="ManagedCode.Storage.Tests.Core.StringStreamTests" name="StringStream_ReadBuffer_ShouldReturnCorrectData" />
    </UnitTest>
    <UnitTest name="ManagedCode.Storage.Tests.Core.StringStreamTests.StringStream_ReadPartialBuffer_ShouldReturnCorrectAmount" storage="/users/ksemenenko/developer/storage/tests/managedcode.storage.tests/bin/debug/net9.0/managedcode.storage.tests.dll" id="ba473013-14a7-4c83-5806-a55800607d77">
      <Execution id="d1b629cd-eff8-4427-b0d5-b06db88b4772" />
      <TestMethod codeBase="/Users/ksemenenko/Developer/Storage/Tests/ManagedCode.Storage.Tests/bin/Debug/net9.0/ManagedCode.Storage.Tests.dll" adapterTypeName="executor://xunit/VsTestRunner3/netcore/" className="ManagedCode.Storage.Tests.Core.StringStreamTests" name="StringStream_ReadPartialBuffer_ShouldReturnCorrectAmount" />
    </UnitTest>
    <UnitTest name="ManagedCode.Storage.Tests.Core.StringStreamTests.StringStream_PositionProperty_ShouldWorkCorrectly(input: &quot;Multi\nLine\nText&quot;)" storage="/users/ksemenenko/developer/storage/tests/managedcode.storage.tests/bin/debug/net9.0/managedcode.storage.tests.dll" id="56bd9f0e-3e7a-3cef-1844-57cb0df9ed08">
      <Execution id="14eb23e3-8a36-4dc2-809b-62ba9fe75651" />
      <TestMethod codeBase="/Users/ksemenenko/Developer/Storage/Tests/ManagedCode.Storage.Tests/bin/Debug/net9.0/ManagedCode.Storage.Tests.dll" adapterTypeName="executor://xunit/VsTestRunner3/netcore/" className="ManagedCode.Storage.Tests.Core.StringStreamTests" name="StringStream_PositionProperty_ShouldWorkCorrectly" />
    </UnitTest>
    <UnitTest name="ManagedCode.Storage.Tests.Core.StringStreamComparisonTests.StringStreams_MemoryEfficiency_Utf8StreamShouldBeMoreEfficient" storage="/users/ksemenenko/developer/storage/tests/managedcode.storage.tests/bin/debug/net9.0/managedcode.storage.tests.dll" id="bb42f50d-4a32-caa3-82b4-bc7955df98a6">
      <Execution id="b73030b1-4c3d-470e-9be6-bcf7e9298a9c" />
      <TestMethod codeBase="/Users/ksemenenko/Developer/Storage/Tests/ManagedCode.Storage.Tests/bin/Debug/net9.0/ManagedCode.Storage.Tests.dll" adapterTypeName="executor://xunit/VsTestRunner3/netcore/" className="ManagedCode.Storage.Tests.Core.StringStreamComparisonTests" name="StringStreams_MemoryEfficiency_Utf8StreamShouldBeMoreEfficient" />
    </UnitTest>
    <UnitTest name="ManagedCode.Storage.Tests.Core.SimpleStringStreamTests.Utf8StringStream_VariousInputs_ShouldPreserveContent(input: &quot;Hello, World!&quot;)" storage="/users/ksemenenko/developer/storage/tests/managedcode.storage.tests/bin/debug/net9.0/managedcode.storage.tests.dll" id="342010cd-02b3-1061-32e8-5d2c15d0f500">
      <Execution id="5d1ce4c9-1e2e-4f17-be4f-c2902c49252e" />
      <TestMethod codeBase="/Users/ksemenenko/Developer/Storage/Tests/ManagedCode.Storage.Tests/bin/Debug/net9.0/ManagedCode.Storage.Tests.dll" adapterTypeName="executor://xunit/VsTestRunner3/netcore/" className="ManagedCode.Storage.Tests.Core.SimpleStringStreamTests" name="Utf8StringStream_VariousInputs_ShouldPreserveContent" />
    </UnitTest>
    <UnitTest name="ManagedCode.Storage.Tests.Core.Utf8StringStreamTests.Utf8StringStream_LargeText_ShouldHandleEfficiently(textSize: 102400)" storage="/users/ksemenenko/developer/storage/tests/managedcode.storage.tests/bin/debug/net9.0/managedcode.storage.tests.dll" id="3fafefe7-5c0c-2a41-345e-3df95ea8df3a">
      <Execution id="9af9b763-3c20-46e2-b85e-e4e0d01d75ad" />
      <TestMethod codeBase="/Users/ksemenenko/Developer/Storage/Tests/ManagedCode.Storage.Tests/bin/Debug/net9.0/ManagedCode.Storage.Tests.dll" adapterTypeName="executor://xunit/VsTestRunner3/netcore/" className="ManagedCode.Storage.Tests.Core.Utf8StringStreamTests" name="Utf8StringStream_LargeText_ShouldHandleEfficiently" />
    </UnitTest>
    <UnitTest name="ManagedCode.Storage.Tests.Core.StringStreamTests.StringStream_SeekInvalidOrigin_ShouldThrowArgumentOutOfRangeException(invalidOrigin: -1)" storage="/users/ksemenenko/developer/storage/tests/managedcode.storage.tests/bin/debug/net9.0/managedcode.storage.tests.dll" id="50de544a-9dd8-5164-634e-0c17c9f1bd5c">
      <Execution id="702c4f34-cc81-4f89-bb35-95aa0576a226" />
      <TestMethod codeBase="/Users/ksemenenko/Developer/Storage/Tests/ManagedCode.Storage.Tests/bin/Debug/net9.0/ManagedCode.Storage.Tests.dll" adapterTypeName="executor://xunit/VsTestRunner3/netcore/" className="ManagedCode.Storage.Tests.Core.StringStreamTests" name="StringStream_SeekInvalidOrigin_ShouldThrowArgumentOutOfRangeException" />
    </UnitTest>
    <UnitTest name="ManagedCode.Storage.Tests.Core.SimpleStringStreamTests.Utf8StringStream_VariousInputs_ShouldPreserveContent(input: &quot;\ud83d\ude80\ud83c\udf0d\ud83d\udcbb&quot;)" storage="/users/ksemenenko/developer/storage/tests/managedcode.storage.tests/bin/debug/net9.0/managedcode.storage.tests.dll" id="b69f0989-f64e-99e4-b30c-4f29c8913a43">
      <Execution id="c3f182b6-2728-4507-8add-b88930f5e487" />
      <TestMethod codeBase="/Users/ksemenenko/Developer/Storage/Tests/ManagedCode.Storage.Tests/bin/Debug/net9.0/ManagedCode.Storage.Tests.dll" adapterTypeName="executor://xunit/VsTestRunner3/netcore/" className="ManagedCode.Storage.Tests.Core.SimpleStringStreamTests" name="Utf8StringStream_VariousInputs_ShouldPreserveContent" />
    </UnitTest>
    <UnitTest name="ManagedCode.Storage.Tests.Core.StringStreamTests.StringStream_FlushOperation_ShouldNotThrow" storage="/users/ksemenenko/developer/storage/tests/managedcode.storage.tests/bin/debug/net9.0/managedcode.storage.tests.dll" id="4a1ba6e3-9504-169d-c74c-2d115087891b">
      <Execution id="1be9866f-d51a-4a76-9913-46b93f40a701" />
      <TestMethod codeBase="/Users/ksemenenko/Developer/Storage/Tests/ManagedCode.Storage.Tests/bin/Debug/net9.0/ManagedCode.Storage.Tests.dll" adapterTypeName="executor://xunit/VsTestRunner3/netcore/" className="ManagedCode.Storage.Tests.Core.StringStreamTests" name="StringStream_FlushOperation_ShouldNotThrow" />
    </UnitTest>
    <UnitTest name="ManagedCode.Storage.Tests.Core.StringStreamTests.StringStream_ReadByteByByte_ShouldReturnCorrectBytes(input: &quot;\ud83d\ude80\ud83d\udcbe\ud83d\udd27&quot;)" storage="/users/ksemenenko/developer/storage/tests/managedcode.storage.tests/bin/debug/net9.0/managedcode.storage.tests.dll" id="838ae406-69ed-5b5a-8547-7c84f3463904">
      <Execution id="f7a6e595-c07d-4a98-9817-4f4c2f185270" />
      <TestMethod codeBase="/Users/ksemenenko/Developer/Storage/Tests/ManagedCode.Storage.Tests/bin/Debug/net9.0/ManagedCode.Storage.Tests.dll" adapterTypeName="executor://xunit/VsTestRunner3/netcore/" className="ManagedCode.Storage.Tests.Core.StringStreamTests" name="StringStream_ReadByteByByte_ShouldReturnCorrectBytes" />
    </UnitTest>
    <UnitTest name="ManagedCode.Storage.Tests.Core.SimpleStringStreamTests.StringStream_SimpleString_ShouldWork" storage="/users/ksemenenko/developer/storage/tests/managedcode.storage.tests/bin/debug/net9.0/managedcode.storage.tests.dll" id="a61d4595-4c4e-f47c-301d-27345e2b3654">
      <Execution id="d27a959a-4bf9-4e3d-a4c9-4813c11856db" />
      <TestMethod codeBase="/Users/ksemenenko/Developer/Storage/Tests/ManagedCode.Storage.Tests/bin/Debug/net9.0/ManagedCode.Storage.Tests.dll" adapterTypeName="executor://xunit/VsTestRunner3/netcore/" className="ManagedCode.Storage.Tests.Core.SimpleStringStreamTests" name="StringStream_SimpleString_ShouldWork" />
    </UnitTest>
    <UnitTest name="ManagedCode.Storage.Tests.Core.SimpleStringStreamTests.Utf8StringStream_WriteOperations_ShouldThrow" storage="/users/ksemenenko/developer/storage/tests/managedcode.storage.tests/bin/debug/net9.0/managedcode.storage.tests.dll" id="4fa55f3c-a408-2ab6-72af-bc7f9b0c5ecf">
      <Execution id="76c75067-00d0-4075-aad7-e572e9ef7c1e" />
      <TestMethod codeBase="/Users/ksemenenko/Developer/Storage/Tests/ManagedCode.Storage.Tests/bin/Debug/net9.0/ManagedCode.Storage.Tests.dll" adapterTypeName="executor://xunit/VsTestRunner3/netcore/" className="ManagedCode.Storage.Tests.Core.SimpleStringStreamTests" name="Utf8StringStream_WriteOperations_ShouldThrow" />
    </UnitTest>
    <UnitTest name="ManagedCode.Storage.Tests.Core.StringStreamComparisonTests.StringStreams_Comparison_BothShouldHandleStringInput(input: &quot;Hello&quot;)" storage="/users/ksemenenko/developer/storage/tests/managedcode.storage.tests/bin/debug/net9.0/managedcode.storage.tests.dll" id="9e6b2fdc-ba36-b67a-aab8-2a3f304493c5">
      <Execution id="7b79e98c-863f-4ce4-8a88-41b745ac0716" />
      <TestMethod codeBase="/Users/ksemenenko/Developer/Storage/Tests/ManagedCode.Storage.Tests/bin/Debug/net9.0/ManagedCode.Storage.Tests.dll" adapterTypeName="executor://xunit/VsTestRunner3/netcore/" className="ManagedCode.Storage.Tests.Core.StringStreamComparisonTests" name="StringStreams_Comparison_BothShouldHandleStringInput" />
    </UnitTest>
    <UnitTest name="ManagedCode.Storage.Tests.Core.StringStreamTests.StringStream_PositionProperty_ShouldWorkCorrectly(input: &quot;Unicode: \ud83d\ude80\ud83c\udf0d\ud83d\udcbb\ud83d\udcf1&quot;)" storage="/users/ksemenenko/developer/storage/tests/managedcode.storage.tests/bin/debug/net9.0/managedcode.storage.tests.dll" id="e49fc54a-4c90-f825-3b3d-0de8ada8bddb">
      <Execution id="d16e52a7-cddf-44f5-94fa-2b9fcc01a41c" />
      <TestMethod codeBase="/Users/ksemenenko/Developer/Storage/Tests/ManagedCode.Storage.Tests/bin/Debug/net9.0/ManagedCode.Storage.Tests.dll" adapterTypeName="executor://xunit/VsTestRunner3/netcore/" className="ManagedCode.Storage.Tests.Core.StringStreamTests" name="StringStream_PositionProperty_ShouldWorkCorrectly" />
    </UnitTest>
    <UnitTest name="ManagedCode.Storage.Tests.Core.Utf8StringStreamTests.Utf8StringStream_ReadAllBytes_ShouldMatchOriginal(input: &quot;Mixed: English + Українська + \ud83d\ude80&quot;)" storage="/users/ksemenenko/developer/storage/tests/managedcode.storage.tests/bin/debug/net9.0/managedcode.storage.tests.dll" id="cb488823-72d6-f3d9-e19c-4b0ed3982199">
      <Execution id="d079aefb-8574-49a3-a51a-080691ebccf7" />
      <TestMethod codeBase="/Users/ksemenenko/Developer/Storage/Tests/ManagedCode.Storage.Tests/bin/Debug/net9.0/ManagedCode.Storage.Tests.dll" adapterTypeName="executor://xunit/VsTestRunner3/netcore/" className="ManagedCode.Storage.Tests.Core.Utf8StringStreamTests" name="Utf8StringStream_ReadAllBytes_ShouldMatchOriginal" />
    </UnitTest>
    <UnitTest name="ManagedCode.Storage.Tests.Core.StringStreamTests.StringStream_BasicProperties_ShouldBeCorrect(input: &quot;Lorem ipsum dolor sit amet, consectetur adipiscing&quot;···)" storage="/users/ksemenenko/developer/storage/tests/managedcode.storage.tests/bin/debug/net9.0/managedcode.storage.tests.dll" id="24cd34fe-ec27-746d-d5f0-503d0c325d08">
      <Execution id="5fb15ffd-8133-49a7-88a9-b0532757793e" />
      <TestMethod codeBase="/Users/ksemenenko/Developer/Storage/Tests/ManagedCode.Storage.Tests/bin/Debug/net9.0/ManagedCode.Storage.Tests.dll" adapterTypeName="executor://xunit/VsTestRunner3/netcore/" className="ManagedCode.Storage.Tests.Core.StringStreamTests" name="StringStream_BasicProperties_ShouldBeCorrect" />
    </UnitTest>
    <UnitTest name="ManagedCode.Storage.Tests.Core.Utf8StringStreamTests.Utf8StringStream_BasicProperties_ShouldBeCorrect(input: &quot;Привіт, Світ! \ud83c\udf0d&quot;)" storage="/users/ksemenenko/developer/storage/tests/managedcode.storage.tests/bin/debug/net9.0/managedcode.storage.tests.dll" id="1f15a6bb-48ad-1aed-fb98-6fdfa9bfbe0f">
      <Execution id="414da4e8-46b4-48d5-aabc-d3c1fad2c504" />
      <TestMethod codeBase="/Users/ksemenenko/Developer/Storage/Tests/ManagedCode.Storage.Tests/bin/Debug/net9.0/ManagedCode.Storage.Tests.dll" adapterTypeName="executor://xunit/VsTestRunner3/netcore/" className="ManagedCode.Storage.Tests.Core.Utf8StringStreamTests" name="Utf8StringStream_BasicProperties_ShouldBeCorrect" />
    </UnitTest>
    <UnitTest name="ManagedCode.Storage.Tests.Core.Utf8StringStreamTests.Utf8StringStream_ExtensionMethods_ShouldWorkCorrectly" storage="/users/ksemenenko/developer/storage/tests/managedcode.storage.tests/bin/debug/net9.0/managedcode.storage.tests.dll" id="e63e6e70-5a57-ef08-cda2-9b211400987e">
      <Execution id="ce019c72-a24c-491c-b064-213c493454c4" />
      <TestMethod codeBase="/Users/ksemenenko/Developer/Storage/Tests/ManagedCode.Storage.Tests/bin/Debug/net9.0/ManagedCode.Storage.Tests.dll" adapterTypeName="executor://xunit/VsTestRunner3/netcore/" className="ManagedCode.Storage.Tests.Core.Utf8StringStreamTests" name="Utf8StringStream_ExtensionMethods_ShouldWorkCorrectly" />
    </UnitTest>
    <UnitTest name="ManagedCode.Storage.Tests.Core.SimpleStringStreamTests.Utf8StringStream_ReadAsync_ShouldWork" storage="/users/ksemenenko/developer/storage/tests/managedcode.storage.tests/bin/debug/net9.0/managedcode.storage.tests.dll" id="ccd02108-c8b8-3743-89fb-53cad4ca20bd">
      <Execution id="ae32c5b8-a4ca-4c58-bbda-12f3283d103f" />
      <TestMethod codeBase="/Users/ksemenenko/Developer/Storage/Tests/ManagedCode.Storage.Tests/bin/Debug/net9.0/ManagedCode.Storage.Tests.dll" adapterTypeName="executor://xunit/VsTestRunner3/netcore/" className="ManagedCode.Storage.Tests.Core.SimpleStringStreamTests" name="Utf8StringStream_ReadAsync_ShouldWork" />
    </UnitTest>
    <UnitTest name="ManagedCode.Storage.Tests.Core.SimpleStringStreamTests.StringStream_ReadByte_ShouldWork" storage="/users/ksemenenko/developer/storage/tests/managedcode.storage.tests/bin/debug/net9.0/managedcode.storage.tests.dll" id="1294bdd9-df0d-7487-7223-f9c6ad23961a">
      <Execution id="fc9ab485-5516-4266-a7f3-8ea96e8e3c0d" />
      <TestMethod codeBase="/Users/ksemenenko/Developer/Storage/Tests/ManagedCode.Storage.Tests/bin/Debug/net9.0/ManagedCode.Storage.Tests.dll" adapterTypeName="executor://xunit/VsTestRunner3/netcore/" className="ManagedCode.Storage.Tests.Core.SimpleStringStreamTests" name="StringStream_ReadByte_ShouldWork" />
    </UnitTest>
    <UnitTest name="ManagedCode.Storage.Tests.Core.StringStreamComparisonTests.StringStreams_Comparison_BothShouldHandleStringInput(input: &quot;&quot;)" storage="/users/ksemenenko/developer/storage/tests/managedcode.storage.tests/bin/debug/net9.0/managedcode.storage.tests.dll" id="ac38bec6-85ac-be90-d8eb-62dd648f41f3">
      <Execution id="5b8812df-6c4b-4d4a-87a6-3c26c8a44e7e" />
      <TestMethod codeBase="/Users/ksemenenko/Developer/Storage/Tests/ManagedCode.Storage.Tests/bin/Debug/net9.0/ManagedCode.Storage.Tests.dll" adapterTypeName="executor://xunit/VsTestRunner3/netcore/" className="ManagedCode.Storage.Tests.Core.StringStreamComparisonTests" name="StringStreams_Comparison_BothShouldHandleStringInput" />
    </UnitTest>
    <UnitTest name="ManagedCode.Storage.Tests.Core.StringStreamTests.StringStream_Seek_ShouldSetCorrectPosition(input: &quot;Seek test&quot;, offset: -5, origin: End, expectedPosition: 13)" storage="/users/ksemenenko/developer/storage/tests/managedcode.storage.tests/bin/debug/net9.0/managedcode.storage.tests.dll" id="4219f841-af9b-0929-d8a8-165144f623a4">
      <Execution id="868f4da7-01d3-4203-af00-67c0687ec64e" />
      <TestMethod codeBase="/Users/ksemenenko/Developer/Storage/Tests/ManagedCode.Storage.Tests/bin/Debug/net9.0/ManagedCode.Storage.Tests.dll" adapterTypeName="executor://xunit/VsTestRunner3/netcore/" className="ManagedCode.Storage.Tests.Core.StringStreamTests" name="StringStream_Seek_ShouldSetCorrectPosition" />
    </UnitTest>
    <UnitTest name="ManagedCode.Storage.Tests.Core.StringStreamTests.StringStream_ReadBuffer_ShouldReturnCorrectData(input: &quot;Mixed English and Українська&quot;)" storage="/users/ksemenenko/developer/storage/tests/managedcode.storage.tests/bin/debug/net9.0/managedcode.storage.tests.dll" id="4fe3182c-4b61-3d11-5196-d84fca4fbcbc">
      <Execution id="49d1d423-876a-4094-8a68-131768b49a46" />
      <TestMethod codeBase="/Users/ksemenenko/Developer/Storage/Tests/ManagedCode.Storage.Tests/bin/Debug/net9.0/ManagedCode.Storage.Tests.dll" adapterTypeName="executor://xunit/VsTestRunner3/netcore/" className="ManagedCode.Storage.Tests.Core.StringStreamTests" name="StringStream_ReadBuffer_ShouldReturnCorrectData" />
    </UnitTest>
[...]
      <Execution id="58afdffa-6bef-4d98-8ba6-3dc805fe8381" />
      <TestMethod codeBase="/Users/ksemenenko/Developer/Storage/Tests/ManagedCode.Storage.Tests/bin/Debug/net9.0/ManagedCode.Storage.Tests.dll" adapterTypeName="executor://xunit/VsTestRunner3/netcore/" className="ManagedCode.Storage.Tests.Core.StringStreamTests" name="StringStream_ReadBuffer_ShouldReturnCorrectData" />
    </UnitTest>
    <UnitTest name="ManagedCode.Storage.Tests.Core.Utf8StringStreamTests.Utf8StringStream_BasicProperties_ShouldBeCorrect(input: &quot;Lorem ipsum dolor sit amet, consectetur adipiscing&quot;···)" storage="/users/ksemenenko/developer/storage/tests/managedcode.storage.tests/bin/debug/net9.0/managedcode.storage.tests.dll" id="63619e94-f458-9ad2-da9e-1f6416a15335">
      <Execution id="d2970827-40c2-4838-96e9-5cfe4382b64f" />
      <TestMethod codeBase="/Users/ksemenenko/Developer/Storage/Tests/ManagedCode.Storage.Tests/bin/Debug/net9.0/ManagedCode.Storage.Tests.dll" adapterTypeName="executor://xunit/VsTestRunner3/netcore/" className="ManagedCode.Storage.Tests.Core.Utf8StringStreamTests" name="Utf8StringStream_BasicProperties_ShouldBeCorrect" />
    </UnitTest>
    <UnitTest name="ManagedCode.Storage.Tests.Core.StringStreamTests.StringStream_BasicProperties_ShouldBeCorrect(input: &quot;Hello, World!&quot;)" storage="/users/ksemenenko/developer/storage/tests/managedcode.storage.tests/bin/debug/net9.0/managedcode.storage.tests.dll" id="50c176cd-9b5c-84bc-edba-7d3950090665">
      <Execution id="20519af1-fafd-45cc-b25d-34fe1d7f6cf0" />
      <TestMethod codeBase="/Users/ksemenenko/Developer/Storage/Tests/ManagedCode.Storage.Tests/bin/Debug/net9.0/ManagedCode.Storage.Tests.dll" adapterTypeName="executor://xunit/VsTestRunner3/netcore/" className="ManagedCode.Storage.Tests.Core.StringStreamTests" name="StringStream_BasicProperties_ShouldBeCorrect" />
    </UnitTest>
    <UnitTest name="ManagedCode.Storage.Tests.Core.StringStreamTests.StringStream_PositionProperty_ShouldWorkCorrectly(input: &quot;Hello, World!&quot;)" storage="/users/ksemenenko/developer/storage/tests/managedcode.storage.tests/bin/debug/net9.0/managedcode.storage.tests.dll" id="2c8de8e2-c67e-eb4b-28d2-b85d70bf9f33">
      <Execution id="b6785689-b112-478b-a3ae-e97d447236b9" />
      <TestMethod codeBase="/Users/ksemenenko/Developer/Storage/Tests/ManagedCode.Storage.Tests/bin/Debug/net9.0/ManagedCode.Storage.Tests.dll" adapterTypeName="executor://xunit/VsTestRunner3/netcore/" className="ManagedCode.Storage.Tests.Core.StringStreamTests" name="StringStream_PositionProperty_ShouldWorkCorrectly" />
    </UnitTest>
    <UnitTest name="ManagedCode.Storage.Tests.Core.Utf8StringStreamTests.Utf8StringStream_BasicProperties_ShouldBeCorrect(input: &quot;Hello, World!&quot;)" storage="/users/ksemenenko/developer/storage/tests/managedcode.storage.tests/bin/debug/net9.0/managedcode.storage.tests.dll" id="ffbb94dd-bfc2-7098-504f-578b7b9406fa">
      <Execution id="d42f727b-f64d-4a22-967c-ba8db9e9ed08" />
      <TestMethod codeBase="/Users/ksemenenko/Developer/Storage/Tests/ManagedCode.Storage.Tests/bin/Debug/net9.0/ManagedCode.Storage.Tests.dll" adapterTypeName="executor://xunit/VsTestRunner3/netcore/" className="ManagedCode.Storage.Tests.Core.Utf8StringStreamTests" name="Utf8StringStream_BasicProperties_ShouldBeCorrect" />
    </UnitTest>
    <UnitTest name="ManagedCode.Storage.Tests.Core.StringStreamTests.StringStream_ReadByteByByte_ShouldReturnCorrectBytes(input: &quot;Line1\nLine2\rLine3\r\nLine4&quot;)" storage="/users/ksemenenko/developer/storage/tests/managedcode.storage.tests/bin/debug/net9.0/managedcode.storage.tests.dll" id="e38a1fa1-cef1-d4c1-32a6-ee1703a7c307">
      <Execution id="b6113b3c-65ea-46e3-b665-cb3c8e486928" />
      <TestMethod codeBase="/Users/ksemenenko/Developer/Storage/Tests/ManagedCode.Storage.Tests/bin/Debug/net9.0/ManagedCode.Storage.Tests.dll" adapterTypeName="executor://xunit/VsTestRunner3/netcore/" className="ManagedCode.Storage.Tests.Core.StringStreamTests" name="StringStream_ReadByteByByte_ShouldReturnCorrectBytes" />
    </UnitTest>
    <UnitTest name="ManagedCode.Storage.Tests.Core.Utf8StringStreamTests.Utf8StringStream_ReadAllBytes_ShouldMatchOriginal(input: &quot;ASCII text&quot;)" storage="/users/ksemenenko/developer/storage/tests/managedcode.storage.tests/bin/debug/net9.0/managedcode.storage.tests.dll" id="e838438d-876e-fd4d-79b8-62afaf94b288">
      <Execution id="5cf2dfec-40a1-484a-a921-e58d460f013c" />
      <TestMethod codeBase="/Users/ksemenenko/Developer/Storage/Tests/ManagedCode.Storage.Tests/bin/Debug/net9.0/ManagedCode.Storage.Tests.dll" adapterTypeName="executor://xunit/VsTestRunner3/netcore/" className="ManagedCode.Storage.Tests.Core.Utf8StringStreamTests" name="Utf8StringStream_ReadAllBytes_ShouldMatchOriginal" />
    </UnitTest>
    <UnitTest name="ManagedCode.Storage.Tests.Core.Utf8StringStreamTests.Utf8StringStream_Seek_ShouldSetCorrectPosition(input: &quot;Seek test&quot;, offset: 5, origin: Begin, expectedPosition: 5)" storage="/users/ksemenenko/developer/storage/tests/managedcode.storage.tests/bin/debug/net9.0/managedcode.storage.tests.dll" id="1f8cb884-c07f-bb64-7b03-a5c4eabfbe7c">
      <Execution id="9b30d62e-0d41-4291-be65-cebe8f23fb54" />
      <TestMethod codeBase="/Users/ksemenenko/Developer/Storage/Tests/ManagedCode.Storage.Tests/bin/Debug/net9.0/ManagedCode.Storage.Tests.dll" adapterTypeName="executor://xunit/VsTestRunner3/netcore/" className="ManagedCode.Storage.Tests.Core.Utf8StringStreamTests" name="Utf8StringStream_Seek_ShouldSetCorrectPosition" />
    </UnitTest>
    <UnitTest name="ManagedCode.Storage.Tests.Core.StringStreamTests.StringStream_ReadByteByByte_ShouldReturnCorrectBytes(input: &quot;Test&quot;)" storage="/users/ksemenenko/developer/storage/tests/managedcode.storage.tests/bin/debug/net9.0/managedcode.storage.tests.dll" id="bc35ed88-748c-e6ff-2dbc-a22268664f9a">
      <Execution id="067a8a97-7113-4d01-8be6-4e2032a632d5" />
      <TestMethod codeBase="/Users/ksemenenko/Developer/Storage/Tests/ManagedCode.Storage.Tests/bin/Debug/net9.0/ManagedCode.Storage.Tests.dll" adapterTypeName="executor://xunit/VsTestRunner3/netcore/" className="ManagedCode.Storage.Tests.Core.StringStreamTests" name="StringStream_ReadByteByByte_ShouldReturnCorrectBytes" />
    </UnitTest>
    <UnitTest name="ManagedCode.Storage.Tests.Core.Utf8StringStreamTests.Utf8StringStream_ReadAllBytes_ShouldMatchOriginal(input: &quot;Текст українською&quot;)" storage="/users/ksemenenko/developer/storage/tests/managedcode.storage.tests/bin/debug/net9.0/managedcode.storage.tests.dll" id="ba81a8b3-dc2b-ab95-8d05-58a99d28f11f">
      <Execution id="adc158c2-3761-4315-a712-1f511af145a4" />
      <TestMethod codeBase="/Users/ksemenenko/Developer/Storage/Tests/ManagedCode.Storage.Tests/bin/Debug/net9.0/ManagedCode.Storage.Tests.dll" adapterTypeName="executor://xunit/VsTestRunner3/netcore/" className="ManagedCode.Storage.Tests.Core.Utf8StringStreamTests" name="Utf8StringStream_ReadAllBytes_ShouldMatchOriginal" />
    </UnitTest>
  </TestDefinitions>
  <TestEntries>
    <TestEntry testId="2c8de8e2-c67e-eb4b-28d2-b85d70bf9f33" executionId="b6785689-b112-478b-a3ae-e97d447236b9" testListId="8c84fa94-04c1-424b-9868-57a2d4851a1d" />
    <TestEntry testId="24cd34fe-ec27-746d-d5f0-503d0c325d08" executionId="5fb15ffd-8133-49a7-88a9-b0532757793e" testListId="8c84fa94-04c1-424b-9868-57a2d4851a1d" />
    <TestEntry testId="6fe5a36d-0c48-51c3-f7e6-02cb8293552a" executionId="e22b7388-8498-4a28-8b9e-97f2f62b4da4" testListId="8c84fa94-04c1-424b-9868-57a2d4851a1d" />
    <TestEntry testId="5ceb407e-47f1-6e29-387c-e5aef4f7c84e" executionId="970c30ab-bacf-4067-86bc-05d2253f683c" testListId="8c84fa94-04c1-424b-9868-57a2d4851a1d" />
    <TestEntry testId="56bd9f0e-3e7a-3cef-1844-57cb0df9ed08" executionId="14eb23e3-8a36-4dc2-809b-62ba9fe75651" testListId="8c84fa94-04c1-424b-9868-57a2d4851a1d" />
    <TestEntry testId="166c1ba1-51f4-7753-2e98-e9352d61c9b7" executionId="7db6c196-49c1-427d-8248-992b5d72f3b4" testListId="8c84fa94-04c1-424b-9868-57a2d4851a1d" />
    <TestEntry testId="4fa55f3c-a408-2ab6-72af-bc7f9b0c5ecf" executionId="76c75067-00d0-4075-aad7-e572e9ef7c1e" testListId="8c84fa94-04c1-424b-9868-57a2d4851a1d" />
    <TestEntry testId="7b0ac6e5-a5d5-9f56-d0ee-ac79bd340ddc" executionId="b21918c7-f6e9-4809-bc30-cc2300b21fe2" testListId="8c84fa94-04c1-424b-9868-57a2d4851a1d" />
    <TestEntry testId="224df51b-7010-6b1a-c16c-d761d8936de6" executionId="a305c06a-7357-4eb9-8c4a-1759f6c16b32" testListId="8c84fa94-04c1-424b-9868-57a2d4851a1d" />
    <TestEntry testId="e49fc54a-4c90-f825-3b3d-0de8ada8bddb" executionId="d16e52a7-cddf-44f5-94fa-2b9fcc01a41c" testListId="8c84fa94-04c1-424b-9868-57a2d4851a1d" />
    <TestEntry testId="f8a3eb80-414e-0b36-187c-315bc67adce0" executionId="b0d80392-42ed-4ffe-a9b3-5687e30c25ff" testListId="8c84fa94-04c1-424b-9868-57a2d4851a1d" />
    <TestEntry testId="838ae406-69ed-5b5a-8547-7c84f3463904" executionId="f7a6e595-c07d-4a98-9817-4f4c2f185270" testListId="8c84fa94-04c1-424b-9868-57a2d4851a1d" />
    <TestEntry testId="bc35ed88-748c-e6ff-2dbc-a22268664f9a" executionId="067a8a97-7113-4d01-8be6-4e2032a632d5" testListId="8c84fa94-04c1-424b-9868-57a2d4851a1d" />
    <TestEntry testId="535bdf00-0a0a-7e47-07e2-96fe6b5def0e" executionId="fbefffe0-1f91-455d-82f9-6d7d687aadde" testListId="8c84fa94-04c1-424b-9868-57a2d4851a1d" />
    <TestEntry testId="b7dcf636-afcb-c635-c549-c32cbe067cf6" executionId="19e6ba45-7d12-4ecc-90e8-dc42aa7bf06e" testListId="8c84fa94-04c1-424b-9868-57a2d4851a1d" />
    <TestEntry testId="4fe3182c-4b61-3d11-5196-d84fca4fbcbc" executionId="49d1d423-876a-4094-8a68-131768b49a46" testListId="8c84fa94-04c1-424b-9868-57a2d4851a1d" />
    <TestEntry testId="3933f419-3c5f-8e29-3318-098a626ce895" executionId="9cb72adf-24f7-4ff9-b068-e05d05dd6bf7" testListId="8c84fa94-04c1-424b-9868-57a2d4851a1d" />
    <TestEntry testId="1294bdd9-df0d-7487-7223-f9c6ad23961a" executionId="fc9ab485-5516-4266-a7f3-8ea96e8e3c0d" testListId="8c84fa94-04c1-424b-9868-57a2d4851a1d" />
    <TestEntry testId="0434494f-6a30-c2bc-4e6a-72cbeb775870" executionId="58afdffa-6bef-4d98-8ba6-3dc805fe8381" testListId="8c84fa94-04c1-424b-9868-57a2d4851a1d" />
    <TestEntry testId="5391a952-189f-cdb6-0b88-cc56c4b75956" executionId="ec5f5f78-9014-42a7-a605-9ceafc9a4611" testListId="8c84fa94-04c1-424b-9868-57a2d4851a1d" />
    <TestEntry testId="e63e6e70-5a57-ef08-cda2-9b211400987e" executionId="ce019c72-a24c-491c-b064-213c493454c4" testListId="8c84fa94-04c1-424b-9868-57a2d4851a1d" />
    <TestEntry testId="6fceef5e-7f01-6236-5e56-d9f7d55423f8" executionId="241d8cf5-c80b-4243-bc5c-2a9f8b9be2eb" testListId="8c84fa94-04c1-424b-9868-57a2d4851a1d" />
    <TestEntry testId="01ddb6c7-e92c-7720-f26a-69a41617b8d8" executionId="1d5b3519-49df-442d-8aff-8ce349eb49ad" testListId="8c84fa94-04c1-424b-9868-57a2d4851a1d" />
    <TestEntry testId="c77365c0-3e9c-1c66-249b-242093651516" executionId="0b6063fb-0d04-4590-9e81-10a96d508b61" testListId="8c84fa94-04c1-424b-9868-57a2d4851a1d" />
    <TestEntry testId="7fae1bcc-32ac-8350-8eab-458e57e8d727" executionId="ae1cdb14-b068-4d97-936f-5367ba43efad" testListId="8c84fa94-04c1-424b-9868-57a2d4851a1d" />
    <TestEntry testId="92bb181a-d955-f578-4da9-b253492f525a" executionId="b687c87f-1db3-48d7-8538-52d0e063c045" testListId="8c84fa94-04c1-424b-9868-57a2d4851a1d" />
    <TestEntry testId="e838438d-876e-fd4d-79b8-62afaf94b288" executionId="5cf2dfec-40a1-484a-a921-e58d460f013c" testListId="8c84fa94-04c1-424b-9868-57a2d4851a1d" />
    <TestEntry testId="887261a7-f317-e30c-3bb4-1ca04e082c6c" executionId="2d61b4cf-b763-4114-a603-eeaf38c3557e" testListId="8c84fa94-04c1-424b-9868-57a2d4851a1d" />
    <TestEntry testId="78eb3db3-3066-66e2-ce77-e57ed60300e3" executionId="1f5ef1fd-1533-40ef-937c-08949075c2c4" testListId="8c84fa94-04c1-424b-9868-57a2d4851a1d" />
    <TestEntry testId="e0148383-0343-bf9d-4012-a40cf79b039b" executionId="0838f0db-240a-43b4-a58a-e8e86af0ee0d" testListId="8c84fa94-04c1-424b-9868-57a2d4851a1d" />
    <TestEntry testId="ccd02108-c8b8-3743-89fb-53cad4ca20bd" executionId="ae32c5b8-a4ca-4c58-bbda-12f3283d103f" testListId="8c84fa94-04c1-424b-9868-57a2d4851a1d" />
    <TestEntry testId="4219f841-af9b-0929-d8a8-165144f623a4" executionId="868f4da7-01d3-4203-af00-67c0687ec64e" testListId="8c84fa94-04c1-424b-9868-57a2d4851a1d" />
    <TestEntry testId="5bc81b0d-67d3-27cd-67b3-49cd5c5ca132" executionId="617e6c48-5996-4644-8af4-b7831881035f" testListId="8c84fa94-04c1-424b-9868-57a2d4851a1d" />
    <TestEntry testId="668c42e3-3ab9-fbe4-fa83-257aecf4c7cb" executionId="bb648a4c-abaa-4e60-bcea-e3663d9a4238" testListId="8c84fa94-04c1-424b-9868-57a2d4851a1d" />
    <TestEntry testId="5e26c8c2-8682-d8ea-46ae-d436c054b013" executionId="5eaeef6f-4305-47d8-a64a-099710cef3b1" testListId="8c84fa94-04c1-424b-9868-57a2d4851a1d" />
    <TestEntry testId="b61dfa92-ebc3-9f87-125d-b47e04a1333d" executionId="7d02eea3-9a74-4027-b77f-a7b985a25976" testListId="8c84fa94-04c1-424b-9868-57a2d4851a1d" />
    <TestEntry testId="6d85f5eb-d2e7-a8d6-2975-8bf439b51e19" executionId="d126e1e3-31e8-4254-becc-1d933dbaf912" testListId="8c84fa94-04c1-424b-9868-57a2d4851a1d" />
    <TestEntry testId="4f92d651-8f09-11e5-e432-a36f0058db7e" executionId="1343437d-7002-43dd-87f3-69cee84ea9a4" testListId="8c84fa94-04c1-424b-9868-57a2d4851a1d" />
    <TestEntry testId="3201bee2-80f6-967c-18eb-ea440fbe044e" executionId="5db157c0-6a9b-4429-b809-75357e2952d8" testListId="8c84fa94-04c1-424b-9868-57a2d4851a1d" />
    <TestEntry testId="f2d8bff6-c16e-054f-6311-b7aec6bffe2f" executionId="3dd72714-544b-4362-b022-bcf200e3e884" testListId="8c84fa94-04c1-424b-9868-57a2d4851a1d" />
    <TestEntry testId="db1f64bc-1c39-f2b1-b9be-07b59cb06e97" executionId="4f5d8078-e9e8-489a-8713-bdbcf0e7e6a1" testListId="8c84fa94-04c1-424b-9868-57a2d4851a1d" />
    <TestEntry testId="ba81a8b3-dc2b-ab95-8d05-58a99d28f11f" executionId="adc158c2-3761-4315-a712-1f511af145a4" testListId="8c84fa94-04c1-424b-9868-57a2d4851a1d" />
    <TestEntry testId="50c176cd-9b5c-84bc-edba-7d3950090665" executionId="20519af1-fafd-45cc-b25d-34fe1d7f6cf0" testListId="8c84fa94-04c1-424b-9868-57a2d4851a1d" />
    <TestEntry testId="35a48fb4-2101-2059-2720-b6b685c80941" executionId="da4c5107-9ccf-4665-bfc0-8f9f6631660e" testListId="8c84fa94-04c1-424b-9868-57a2d4851a1d" />
    <TestEntry testId="152384d6-46d8-4ffb-6fae-1e1c04d52503" executionId="82459752-aab8-411c-a0a0-2072d91fbddf" testListId="8c84fa94-04c1-424b-9868-57a2d4851a1d" />
    <TestEntry testId="125300a4-7985-7807-4a90-e11ce1639a1a" executionId="8ca0db44-4c84-4007-bb41-939657d1c1e6" testListId="8c84fa94-04c1-424b-9868-57a2d4851a1d" />
    <TestEntry testId="4a1ba6e3-9504-169d-c74c-2d115087891b" executionId="1be9866f-d51a-4a76-9913-46b93f40a701" testListId="8c84fa94-04c1-424b-9868-57a2d4851a1d" />
    <TestEntry testId="6532b54e-97cc-a41a-96eb-6773d83a5c20" executionId="442ec731-6be3-48f3-99c8-bd2c11a06871" testListId="8c84fa94-04c1-424b-9868-57a2d4851a1d" />
    <TestEntry testId="5dc1d55d-5a8a-e5cc-aebe-5b24f3b6b05a" executionId="082cc637-ac1c-49f3-a37b-1abbb8e5558c" testListId="8c84fa94-04c1-424b-9868-57a2d4851a1d" />
    <TestEntry testId="6a56c861-0c4e-824f-e886-7da0de033ca2" executionId="c03bea23-0da1-4714-8b23-929f4026e97e" testListId="8c84fa94-04c1-424b-9868-57a2d4851a1d" />
    <TestEntry testId="3da28b23-d208-5438-7511-91e2de310751" executionId="90566e58-b91c-49d7-8f26-367ece8bb7c7" testListId="8c84fa94-04c1-424b-9868-57a2d4851a1d" />
    <TestEntry testId="ba473013-14a7-4c83-5806-a55800607d77" executionId="d1b629cd-eff8-4427-b0d5-b06db88b4772" testListId="8c84fa94-04c1-424b-9868-57a2d4851a1d" />
    <TestEntry testId="b41c0988-3e29-3765-03a6-4d384ca45b51" executionId="af8cdc7a-c14b-475f-918f-d982f687e6ef" testListId="8c84fa94-04c1-424b-9868-57a2d4851a1d" />
    <TestEntry testId="ac38bec6-85ac-be90-d8eb-62dd648f41f3" executionId="5b8812df-6c4b-4d4a-87a6-3c26c8a44e7e" testListId="8c84fa94-04c1-424b-9868-57a2d4851a1d" />
    <TestEntry testId="cb488823-72d6-f3d9-e19c-4b0ed3982199" executionId="d079aefb-8574-49a3-a51a-080691ebccf7" testListId="8c84fa94-04c1-424b-9868-57a2d4851a1d" />
    <TestEntry testId="e38a1fa1-cef1-d4c1-32a6-ee1703a7c307" executionId="b6113b3c-65ea-46e3-b665-cb3c8e486928" testListId="8c84fa94-04c1-424b-9868-57a2d4851a1d" />
    <TestEntry testId="9e6b2fdc-ba36-b67a-aab8-2a3f304493c5" executionId="7b79e98c-863f-4ce4-8a88-41b745ac0716" testListId="8c84fa94-04c1-424b-9868-57a2d4851a1d" />
    <TestEntry testId="50de544a-9dd8-5164-634e-0c17c9f1bd5c" executionId="702c4f34-cc81-4f89-bb35-95aa0576a226" testListId="8c84fa94-04c1-424b-9868-57a2d4851a1d" />
    <TestEntry testId="b69f0989-f64e-99e4-b30c-4f29c8913a43" executionId="c3f182b6-2728-4507-8add-b88930f5e487" testListId="8c84fa94-04c1-424b-9868-57a2d4851a1d" />
    <TestEntry testId="849a66ce-b8c6-e4ce-4930-76eeba7453ce" executionId="114ed4b3-084e-4ca4-a594-d667177b6e86" testListId="8c84fa94-04c1-424b-9868-57a2d4851a1d" />
    <TestEntry testId="1f8cb884-c07f-bb64-7b03-a5c4eabfbe7c" executionId="9b30d62e-0d41-4291-be65-cebe8f23fb54" testListId="8c84fa94-04c1-424b-9868-57a2d4851a1d" />
    <TestEntry testId="3fafefe7-5c0c-2a41-345e-3df95ea8df3a" executionId="9af9b763-3c20-46e2-b85e-e4e0d01d75ad" testListId="8c84fa94-04c1-424b-9868-57a2d4851a1d" />
    <TestEntry testId="1f15a6bb-48ad-1aed-fb98-6fdfa9bfbe0f" executionId="414da4e8-46b4-48d5-aabc-d3c1fad2c504" testListId="8c84fa94-04c1-424b-9868-57a2d4851a1d" />
    <TestEntry testId="342010cd-02b3-1061-32e8-5d2c15d0f500" executionId="5d1ce4c9-1e2e-4f17-be4f-c2902c49252e" testListId="8c84fa94-04c1-424b-9868-57a2d4851a1d" />
    <TestEntry testId="bb42f50d-4a32-caa3-82b4-bc7955df98a6" executionId="b73030b1-4c3d-470e-9be6-bcf7e9298a9c" testListId="8c84fa94-04c1-424b-9868-57a2d4851a1d" />
    <TestEntry testId="63619e94-f458-9ad2-da9e-1f6416a15335" executionId="d2970827-40c2-4838-96e9-5cfe4382b64f" testListId="8c84fa94-04c1-424b-9868-57a2d4851a1d" />
    <TestEntry testId="c9ff7422-baeb-5b2b-c9aa-20ffa6456554" executionId="41ca0348-d534-453f-9ef4-14b5077234fc" testListId="8c84fa94-04c1-424b-9868-57a2d4851a1d" />
    <TestEntry testId="ffbb94dd-bfc2-7098-504f-578b7b9406fa" executionId="d42f727b-f64d-4a22-967c-ba8db9e9ed08" testListId="8c84fa94-04c1-424b-9868-57a2d4851a1d" />
    <TestEntry testId="a61d4595-4c4e-f47c-301d-27345e2b3654" executionId="d27a959a-4bf9-4e3d-a4c9-4813c11856db" testListId="8c84fa94-04c1-424b-9868-57a2d4851a1d" />
    <TestEntry testId="7a763dac-99c0-7bca-6cc8-7e4fca4d5bbe" executionId="6534d5eb-10fc-4080-9437-a68b8cc2b535" testListId="8c84fa94-04c1-424b-9868-57a2d4851a1d" />
    <TestEntry testId="9580e795-7807-9099-96cc-55136a1dca6c" executionId="fcf7ae6b-29f7-4af6-8074-98c679db9bec" testListId="8c84fa94-04c1-424b-9868-57a2d4851a1d" />
  </TestEntries>
  <TestLists>
    <TestList name="Results Not in a List" id="8c84fa94-04c1-424b-9868-57a2d4851a1d" />
    <TestList name="All Loaded Results" id="19431567-8539-422a-85d7-44ee4e166bda" />
  </TestLists>
  <ResultSummary outcome="Completed">
    <Counters total="71" executed="71" passed="71" failed="0" error="0" timeout="0" aborted="0" inconclusive="0" passedButRunAborted="0" notRunnable="0" notExecuted="0" disconnected="0" warning="0" completed="0" inProgress="0" pending="0" />
    <Output>
      <StdOut>[xUnit.net 00:00:00.00] xUnit.net VSTest Adapter v3.1.4+50e68bbb8b (64-bit .NET 9.0.6)
[xUnit.net 00:00:00.08]   Discovering: ManagedCode.Storage.Tests
[xUnit.net 00:00:00.12]   Discovered:  ManagedCode.Storage.Tests
[xUnit.net 00:00:00.14]   Starting:    ManagedCode.Storage.Tests
[xUnit.net 00:00:00.20]   Finished:    ManagedCode.Storage.Tests
</StdOut>
    </Output>
  </ResultSummary>
</TestRun>